# Model:
# Number_of_Rigid_Bodies:12
# Number_of_Frames:20
# Sampling_Frequency:100

# ***** Coordinates [m] *****
# Frame,Time,Body_1_X,Body_1_Y,Body_1_Ux,Body_1_Uy,Body_2_X,Body_2_Y,Body_2_Ux,Body_2_Uy,Body_3_X,Body_3_Y,Body_3_Ux,Body_3_Uy,Body_4_X,Body_4_Y,Body_4_Ux,Body_4_Uy,Body_5_X,Body_5_Y,Body_5_Ux,Body_5_Uy,Body_6_X,Body_6_Y,Body_6_Ux,Body_6_Uy,Body_7_X,Body_7_Y,Body_7_Ux,Body_7_Uy,Body_8_X,Body_8_Y,Body_8_Ux,Body_8_Uy,Body_9_X,Body_9_Y,Body_9_Ux,Body_9_Uy,Body_10_X,Body_10_Y,Body_10_Ux,Body_10_Uy,Body_11_X,Body_11_Y,Body_11_Ux,Body_11_Uy,Body_12_X,Body_12_Y,Body_12_Ux,Body_12_Uy,Mixed_Ang_Driver_1,Mixed_Ang_Driver_2,Mixed_Ang_Driver_3,Mixed_Ang_Driver_4,Mixed_Ang_Driver_5,Mixed_Ang_Driver_6,Mixed_Ang_Driver_7,Mixed_Ang_Driver_8,Mixed_Ang_Driver_9,Mixed_Ang_Driver_10,Mixed_Ang_Driver_11,Mixed_Ang_Driver_12
0.0,0.0,-0.0045,1.099,0.9999,-0.0169,0.0387,1.4282,0.9602,-0.2794,-0.0405,1.1586,0.9588,-0.2841,0.0075,1.1642,0.9976,0.0689,-0.0825,0.917,0.9965,0.0838,0.0763,0.95,0.6537,0.7568,0.0529,0.6238,0.9214,0.3887,-0.0659,0.6156,0.9424,-0.3346,0.1948,0.281,0.9275,0.3739,-0.2056,0.2725,0.8998,-0.4362,0.3305,0.0856,0.0426,0.9991,-0.2425,0.0564,0.5827,0.8127,0.0169,-0.2662,-0.2712,0.0859,0.372,0.7894,0.4162,-0.3242,-0.0161,-0.1102,7.4282,1.4001
1.0,0.01,0.0078,1.0978,0.9999,-0.0152,0.0502,1.4272,0.9612,-0.2759,-0.0273,1.1571,0.9613,-0.2755,0.0189,1.163,0.9979,0.0643,-0.0674,0.915,0.996,0.0898,0.087,0.9486,0.6544,0.7562,0.066,0.6226,0.9208,0.39,-0.0541,0.6148,0.94,-0.341,0.206,0.2791,0.9329,0.3601,-0.1986,0.2739,0.8885,-0.4588,0.3388,0.0816,0.0598,0.9982,-0.2414,0.0582,0.6127,0.7903,0.0152,-0.2643,-0.2639,0.0796,0.369,0.7931,0.4159,-0.3328,-0.0323,-0.1286,7.4258,1.3879
2.0,0.02,0.0203,1.0968,0.9999,-0.0136,0.0619,1.4264,0.9622,-0.2723,-0.0138,1.1558,0.9639,-0.2664,0.0304,1.162,0.9983,0.0587,-0.0519,0.9133,0.9954,0.0961,0.0974,0.9473,0.6571,0.7538,0.0793,0.6218,0.9202,0.3915,-0.0417,0.6141,0.9386,-0.345,0.2166,0.2773,0.9398,0.3417,-0.1908,0.2755,0.8757,-0.4828,0.3455,0.0769,0.0835,0.9965,-0.2401,0.0603,0.6463,0.7631,0.0136,-0.2622,-0.256,0.0724,0.3659,0.7951,0.4159,-0.3386,-0.0536,-0.1517,7.4216,1.3719
3.0,0.03,0.0329,1.0961,0.9999,-0.0122,0.0737,1.4258,0.9632,-0.2687,-0.0002,1.1547,0.9664,-0.2569,0.0419,1.1612,0.9987,0.0519,-0.0361,0.9118,0.9947,0.1026,0.1074,0.9461,0.6621,0.7495,0.0926,0.6211,0.9195,0.3932,-0.0288,0.6134,0.9382,-0.346,0.2268,0.2756,0.9475,0.3197,-0.182,0.2771,0.8612,-0.5083,0.351,0.0719,0.1128,0.9936,-0.2384,0.0625,0.6832,0.7302,0.0122,-0.2598,-0.2477,0.0642,0.3627,0.7953,0.4163,-0.3412,-0.0787,-0.1799,7.4156,1.3518
4.0,0.04,0.0456,1.0956,0.9999,-0.011,0.0856,1.4255,0.9643,-0.2649,0.0136,1.1539,0.969,-0.2471,0.0533,1.1607,0.999,0.0441,-0.0201,0.9106,0.994,0.1095,0.1171,0.945,0.6691,0.7432,0.106,0.6208,0.9188,0.3948,-0.0153,0.6128,0.9391,-0.3438,0.2366,0.2741,0.9555,0.295,-0.1722,0.2788,0.8448,-0.5351,0.3554,0.0668,0.1462,0.9893,-0.2364,0.0651,0.7229,0.6909,0.011,-0.2572,-0.2387,0.0551,0.3594,0.7936,0.4168,-0.34,-0.1064,-0.2137,7.4078,1.3274
5.0,0.05,0.0584,1.0954,0.9999,-0.01,0.0977,1.4254,0.9653,-0.2611,0.0276,1.1533,0.9715,-0.237,0.0648,1.1604,0.9994,0.0354,-0.0038,0.9097,0.9932,0.1167,0.1265,0.944,0.6783,0.7348,0.1193,0.6206,0.9182,0.3962,-0.0012,0.6122,0.9412,-0.3378,0.246,0.2728,0.9633,0.2685,-0.1611,0.2806,0.8263,-0.5632,0.3589,0.0619,0.182,0.9833,-0.2337,0.0679,0.7647,0.6444,0.01,-0.2542,-0.2292,0.0454,0.3562,0.79,0.4174,-0.3345,-0.1355,-0.2537,7.3991,1.2985
6.0,0.06,0.0713,1.0954,1.0,-0.0095,0.1099,1.4256,0.9663,-0.2573,0.0418,1.153,0.974,-0.2267,0.0763,1.1604,0.9997,0.0257,0.0127,0.909,0.9923,0.1242,0.1356,0.9431,0.6894,0.7244,0.1325,0.6207,0.9177,0.3972,0.0134,0.6116,0.9448,-0.3277,0.2551,0.2719,0.9705,0.2411,-0.1486,0.2824,0.8059,-0.5921,0.3618,0.0574,0.2184,0.9759,-0.2304,0.0712,0.8073,0.5901,0.0095,-0.2507,-0.2191,0.0352,0.3532,0.7844,0.418,-0.3244,-0.165,-0.2998,7.3903,1.2649
7.0,0.07,0.0841,1.0957,1.0,-0.0095,0.1221,1.426,0.9674,-0.2533,0.0561,1.1529,0.9764,-0.2161,0.0879,1.1607,0.9999,0.0153,0.0294,0.9087,0.9912,0.1322,0.1445,0.9423,0.7025,0.7117,0.1454,0.6211,0.9175,0.3977,0.0287,0.6111,0.9497,-0.3133,0.2637,0.2712,0.977,0.2134,-0.1347,0.2842,0.7835,-0.6214,0.3642,0.0533,0.2533,0.9674,-0.2262,0.0748,0.8494,0.5277,0.0095,-0.2467,-0.2084,0.0247,0.3505,0.7766,0.4185,-0.3092,-0.194,-0.3518,7.3829,1.2264
8.0,0.08,0.0969,1.0962,0.9999,-0.01,0.1345,1.4267,0.9684,-0.2494,0.0705,1.1531,0.9787,-0.2055,0.0994,1.1612,1.0,0.0042,0.0463,0.9085,0.99,0.1409,0.153,0.9417,0.7173,0.6968,0.158,0.6215,0.9176,0.3975,0.0444,0.6106,0.9556,-0.2945,0.2719,0.2708,0.9826,0.1859,-0.1193,0.2861,0.7596,-0.6504,0.3661,0.0499,0.285,0.9585,-0.221,0.079,0.8892,0.4575,0.01,-0.242,-0.197,0.0142,0.3483,0.7667,0.4188,-0.2889,-0.2217,-0.4092,7.3779,1.1833
9.0,0.09,0.1096,1.0969,0.9999,-0.0113,0.1469,1.4275,0.9694,-0.2455,0.0849,1.1535,0.9808,-0.1948,0.1109,1.1619,1.0,-0.0074,0.0633,0.9087,0.9886,0.1503,0.1613,0.9411,0.7335,0.6796,0.1702,0.6222,0.9181,0.3964,0.0606,0.6102,0.9624,-0.2715,0.2795,0.2706,0.9873,0.1592,-0.1024,0.288,0.7346,-0.6785,0.3677,0.0471,0.3124,0.95,-0.2145,0.0837,0.9247,0.3807,0.0113,-0.2368,-0.1848,0.0038,0.347,0.7547,0.4189,-0.2637,-0.2478,-0.4708,7.3764,1.1363
10.0,0.1,0.1222,1.0977,0.9999,-0.0131,0.1593,1.4285,0.9704,-0.2416,0.0994,1.1541,0.9829,-0.184,0.1223,1.1627,0.9998,-0.0194,0.0804,0.909,0.987,0.1608,0.1693,0.9407,0.7511,0.6602,0.1819,0.6229,0.919,0.3943,0.0771,0.6098,0.9696,-0.2446,0.2867,0.2705,0.9911,0.1334,-0.0841,0.2899,0.7093,-0.7049,0.3691,0.0449,0.3345,0.9424,-0.2065,0.0889,0.9541,0.2996,0.0131,-0.2309,-0.172,-0.0062,0.3466,0.7405,0.4185,-0.234,-0.2716,-0.5351,7.3792,1.0865
11.0,0.11,0.1347,1.0987,0.9999,-0.0155,0.1717,1.4296,0.9713,-0.2379,0.1138,1.1548,0.9849,-0.1732,0.1337,1.1638,0.9995,-0.0315,0.0976,0.9096,0.985,0.1724,0.1771,0.9404,0.7695,0.6386,0.193,0.6237,0.9204,0.391,0.0938,0.6097,0.9767,-0.2145,0.2932,0.2705,0.9941,0.1087,-0.0645,0.292,0.6844,-0.7291,0.3701,0.0434,0.351,0.9364,-0.1968,0.0946,0.9761,0.2175,0.0155,-0.2246,-0.1586,-0.0159,0.3473,0.7242,0.4173,-0.2007,-0.2928,-0.6008,7.3864,1.0362
12.0,0.12,0.1471,1.0999,0.9998,-0.0184,0.1841,1.4309,0.9722,-0.2342,0.1282,1.1557,0.9867,-0.1623,0.1451,1.165,0.999,-0.0436,0.1149,0.9103,0.9827,0.1852,0.1846,0.9402,0.7886,0.6149,0.2037,0.6245,0.9224,0.3862,0.1107,0.6097,0.9833,-0.1819,0.2991,0.2705,0.9963,0.0855,-0.0438,0.2943,0.6607,-0.7506,0.371,0.0423,0.362,0.9322,-0.1853,0.1007,0.9904,0.1385,0.0184,-0.2181,-0.1447,-0.0252,0.3493,0.7059,0.4149,-0.1645,-0.3109,-0.6661,7.398,0.9879
13.0,0.13,0.1593,1.1011,0.9998,-0.0214,0.1964,1.4322,0.973,-0.2309,0.1425,1.1567,0.9885,-0.1513,0.1563,1.1663,0.9985,-0.0555,0.1322,0.9112,0.9799,0.1994,0.1919,0.9401,0.808,0.5891,0.2138,0.6253,0.9251,0.3797,0.1277,0.61,0.9891,-0.1474,0.3044,0.2705,0.998,0.0637,-0.0222,0.2967,0.6388,-0.7694,0.3716,0.0416,0.368,0.9298,-0.1719,0.107,0.9978,0.0669,0.0214,-0.2115,-0.1305,-0.0341,0.3527,0.6855,0.4109,-0.1265,-0.3257,-0.7299,7.4134,0.9448
14.0,0.14,0.1713,1.1025,0.9997,-0.0246,0.2086,1.4336,0.9737,-0.2278,0.1567,1.1578,0.9901,-0.1402,0.1675,1.1677,0.9977,-0.0672,0.1495,0.9123,0.9766,0.2149,0.1991,0.9402,0.8275,0.5614,0.2234,0.6261,0.9285,0.3712,0.1446,0.6106,0.9937,-0.1118,0.3091,0.2704,0.9991,0.0435,0.0001,0.2993,0.6191,-0.7854,0.372,0.0412,0.3696,0.9292,-0.1566,0.1134,1.0,0.0062,0.0246,-0.2052,-0.1161,-0.0426,0.3573,0.6633,0.4049,-0.0875,-0.3368,-0.7912,7.4318,0.9095
15.0,0.15,0.1832,1.1039,0.9996,-0.0276,0.2207,1.4352,0.9743,-0.225,0.1707,1.159,0.9916,-0.129,0.1786,1.1692,0.9969,-0.0784,0.1667,0.9135,0.9728,0.2317,0.2061,0.9404,0.8468,0.532,0.2327,0.6269,0.9326,0.3608,0.1616,0.6115,0.9971,-0.0755,0.3131,0.2703,0.9997,0.0251,0.0229,0.3021,0.6018,-0.7986,0.3723,0.041,0.368,0.9298,-0.1393,0.1197,0.9992,-0.0408,0.0276,-0.1993,-0.1017,-0.0508,0.3632,0.6394,0.3968,-0.0479,-0.3441,-0.8494,7.452,0.8841
16.0,0.16,0.195,1.1055,0.9995,-0.0306,0.2327,1.4368,0.9749,-0.2226,0.1846,1.1603,0.993,-0.1177,0.1895,1.1709,0.996,-0.0892,0.1839,0.915,0.9683,0.2497,0.2129,0.9408,0.8655,0.501,0.2414,0.6278,0.9373,0.3484,0.1785,0.6127,0.9992,-0.0389,0.3167,0.2701,1.0,0.0084,0.0462,0.305,0.5874,-0.8093,0.3724,0.0409,0.3642,0.9313,-0.1202,0.1257,0.9973,-0.073,0.0306,-0.1939,-0.0874,-0.0587,0.3704,0.614,0.3865,-0.0083,-0.3475,-0.904,7.4728,0.8699
17.0,0.17,0.2066,1.1071,0.9994,-0.0334,0.2445,1.4385,0.9754,-0.2205,0.1983,1.1618,0.9943,-0.1064,0.2003,1.1726,0.995,-0.0995,0.2011,0.9166,0.9632,0.2687,0.2195,0.9413,0.8833,0.4688,0.2498,0.6286,0.9425,0.3342,0.1953,0.6143,1.0,-0.0023,0.3197,0.2698,1.0,-0.0065,0.0698,0.3081,0.5761,-0.8174,0.3724,0.0409,0.3594,0.9332,-0.0993,0.1312,0.996,-0.0897,0.0334,-0.189,-0.0733,-0.0663,0.3787,0.5876,0.3741,0.0311,-0.3473,-0.9545,7.4929,0.867
18.0,0.18,0.218,1.1088,0.9994,-0.036,0.2562,1.4402,0.9758,-0.2187,0.2118,1.1633,0.9955,-0.0952,0.211,1.1744,0.994,-0.1095,0.2181,0.9184,0.9574,0.2886,0.2261,0.942,0.9001,0.4356,0.2579,0.6294,0.948,0.3184,0.212,0.6161,0.9994,0.0341,0.3223,0.2695,0.9998,-0.0197,0.0935,0.3113,0.5683,-0.8228,0.3724,0.041,0.3544,0.9351,-0.0767,0.1359,0.9958,-0.0913,0.036,-0.1845,-0.0593,-0.0737,0.3881,0.5604,0.3601,0.0701,-0.3438,-1.0005,7.5114,0.8749
19.0,0.19,0.2294,1.1106,0.9993,-0.0385,0.2678,1.442,0.9762,-0.2171,0.2252,1.1649,0.9965,-0.0841,0.2216,1.1763,0.9929,-0.1193,0.2349,0.9203,0.951,0.3092,0.2325,0.9429,0.9157,0.4018,0.2656,0.6303,0.9535,0.3013,0.2285,0.6182,0.9975,0.07,0.3245,0.2693,0.9995,-0.0314,0.1174,0.3144,0.5642,-0.8256,0.3723,0.0411,0.3503,0.9366,-0.0526,0.1398,0.9969,-0.0789,0.0385,-0.1803,-0.0456,-0.081,0.3985,0.5331,0.3446,0.1086,-0.3374,-1.0414,7.5275,0.8923

# ***** Velocities [m.s^-1] *****
# Frame,Time,Body_1_X,Body_1_Y,Body_1_Ux,Body_1_Uy,Body_2_X,Body_2_Y,Body_2_Ux,Body_2_Uy,Body_3_X,Body_3_Y,Body_3_Ux,Body_3_Uy,Body_4_X,Body_4_Y,Body_4_Ux,Body_4_Uy,Body_5_X,Body_5_Y,Body_5_Ux,Body_5_Uy,Body_6_X,Body_6_Y,Body_6_Ux,Body_6_Uy,Body_7_X,Body_7_Y,Body_7_Ux,Body_7_Uy,Body_8_X,Body_8_Y,Body_8_Ux,Body_8_Uy,Body_9_X,Body_9_Y,Body_9_Ux,Body_9_Uy,Body_10_X,Body_10_Y,Body_10_Ux,Body_10_Uy,Body_11_X,Body_11_Y,Body_11_Ux,Body_11_Uy,Body_12_X,Body_12_Y,Body_12_Ux,Body_12_Uy,Mixed_Ang_Driver_1,Mixed_Ang_Driver_2,Mixed_Ang_Driver_3,Mixed_Ang_Driver_4,Mixed_Ang_Driver_5,Mixed_Ang_Driver_6,Mixed_Ang_Driver_7,Mixed_Ang_Driver_8,Mixed_Ang_Driver_9,Mixed_Ang_Driver_10,Mixed_Ang_Driver_11,Mixed_Ang_Driver_12
0.0,0.0,1.2508,-0.1292,0.0004,0.1145,1.1642,-0.102,0.1368,0.4675,1.3125,-0.2116,0.2162,0.7192,1.1657,-0.1046,0.0321,-0.4816,1.489,-0.2696,-0.0547,0.6585,1.0756,-0.1064,0.0431,-0.0376,1.3005,-0.1088,-0.0468,0.1098,1.161,-0.0853,-0.2694,-0.7592,1.1377,-0.1525,0.4518,-1.1241,0.6536,0.1176,-1.0556,-2.18,0.9089,-0.344,1.6751,-0.0709,0.1097,0.1568,2.654,-1.9029,-0.1145,0.3726,0.6365,-0.5972,-0.0903,0.4255,0.0049,-0.92,-1.3308,-1.6166,-0.4652,-0.8436
1.0,0.01,1.2679,-0.1068,0.0005,0.1222,1.178,-0.0796,0.1382,0.479,1.334,-0.1934,0.2226,0.7654,1.1663,-0.0797,0.0374,-0.5994,1.5223,-0.2544,-0.0627,0.7042,1.0434,-0.1,0.2619,-0.2269,1.3193,-0.0805,-0.0512,0.119,1.2115,-0.077,-0.2053,-0.567,1.0799,-0.1491,0.6227,-1.6168,0.7278,0.1322,-1.1846,-2.2963,0.7398,-0.4168,2.3787,-0.1423,0.1296,0.1774,3.0166,-2.3389,-0.1222,0.3763,0.6749,-0.7228,-0.0901,0.254,0.0073,-0.7252,-1.8621,-1.9808,-0.6504,-1.2332
2.0,0.02,1.2836,-0.0828,0.0005,0.1254,1.1916,-0.056,0.139,0.4886,1.3551,-0.1724,0.2271,0.8096,1.167,-0.0527,0.0404,-0.7123,1.5541,-0.2354,-0.0705,0.7395,1.0115,-0.0912,0.4848,-0.4227,1.3337,-0.0526,-0.0503,0.1152,1.2655,-0.0699,-0.123,-0.3364,1.0305,-0.1402,0.7328,-2.0187,0.8148,0.1454,-1.3294,-2.413,0.5982,-0.4657,2.9817,-0.2497,0.1555,0.2018,3.3718,-2.8562,-0.1254,0.3826,0.7154,-0.8388,-0.0979,0.0702,0.0003,-0.4836,-2.2733,-2.3968,-0.8446,-1.6639
3.0,0.03,1.297,-0.0577,0.0006,0.1232,1.2043,-0.0317,0.1386,0.4947,1.3752,-0.1489,0.2299,0.8525,1.1676,-0.0243,0.0408,-0.817,1.584,-0.2129,-0.0783,0.7675,0.9801,-0.0804,0.7085,-0.6258,1.3421,-0.0254,-0.0432,0.0974,1.3225,-0.0644,-0.0231,-0.0649,0.9876,-0.126,0.7844,-2.3274,0.9151,0.1566,-1.4891,-2.5244,0.4829,-0.4892,3.4436,-0.3907,0.19,0.231,3.6941,-3.4568,-0.1232,0.3906,0.7598,-0.9412,-0.1116,-0.1273,-0.0166,-0.1921,-2.5626,-2.8619,-1.0096,-2.1284
4.0,0.04,1.3073,-0.032,0.0006,0.115,1.2156,-0.0075,0.1367,0.4959,1.3937,-0.1232,0.2315,0.8953,1.1677,0.0049,0.0383,-0.9107,1.6119,-0.187,-0.0863,0.792,0.9494,-0.068,0.9291,-0.8364,1.3432,0.0006,-0.0296,0.0646,1.3813,-0.0604,0.0913,0.2467,0.9489,-0.1074,0.7854,-2.5455,1.0287,0.1657,-1.6606,-2.6224,0.3912,-0.4877,3.7315,-0.5513,0.2359,0.2653,3.9519,-4.1357,-0.115,0.3994,0.8098,-1.0265,-0.1281,-0.3386,-0.044,0.1481,-2.735,-3.367,-1.108,-2.6164
5.0,0.05,1.3137,-0.0064,0.0008,0.1008,1.2251,0.0161,0.133,0.4909,1.4099,-0.0959,0.232,0.9387,1.167,0.0338,0.0329,-0.9907,1.6377,-0.1583,-0.0951,0.8179,0.9194,-0.0547,1.1419,-1.0538,1.3362,0.025,-0.009,0.0159,1.4403,-0.0578,0.2143,0.594,0.9116,-0.0855,0.747,-2.6802,1.1544,0.1726,-1.8379,-2.6971,0.3194,-0.4641,3.8272,-0.7084,0.2963,0.3048,4.109,-4.8765,-0.1008,0.4078,0.8661,-1.092,-0.1435,-0.5627,-0.0826,0.5306,-2.8006,-3.8952,-1.1098,-3.1131
6.0,0.06,1.3159,0.0184,0.0009,0.0811,1.2322,0.0384,0.1276,0.479,1.4233,-0.0677,0.2315,0.983,1.1651,0.0616,0.0248,-1.0549,1.6612,-0.1275,-0.1055,0.85,0.8905,-0.041,1.3417,-1.2767,1.3204,0.0472,0.0188,-0.0492,1.4977,-0.0563,0.3371,0.9683,0.8733,-0.0623,0.6814,-2.7421,1.2896,0.1775,-2.0116,-2.7379,0.2633,-0.4224,3.7316,-0.8349,0.3739,0.3487,4.127,-5.647,-0.0811,0.4145,0.9287,-1.1363,-0.1533,-0.7968,-0.1337,0.9442,-2.7729,-4.4228,-0.9984,-3.5968
7.0,0.07,1.3134,0.0418,0.0011,0.057,1.2366,0.059,0.1203,0.4598,1.4334,-0.0394,0.2301,1.0282,1.1617,0.0874,0.0144,-1.1023,1.6823,-0.0953,-0.1183,0.893,0.8626,-0.0277,1.5228,-1.5027,1.2961,0.0665,0.0542,-0.1312,1.5516,-0.0551,0.4494,1.3576,0.8319,-0.0395,0.5995,-2.7433,1.4309,0.1811,-2.1693,-2.7349,0.2186,-0.3678,3.465,-0.907,0.4708,0.3955,3.972,-6.3946,-0.0571,0.4182,0.9965,-1.1594,-0.1528,-1.037,-0.199,1.373,-2.6661,-4.9208,-0.7737,-4.037
8.0,0.08,1.3065,0.0631,0.0013,0.0302,1.2382,0.0775,0.1114,0.4338,1.4397,-0.0119,0.2276,1.0739,1.1567,0.1101,0.0022,-1.1325,1.7007,-0.0626,-0.1345,0.9506,0.8359,-0.0152,1.6799,-1.7289,1.2636,0.0825,0.0971,-0.2308,1.6001,-0.0532,0.54,1.7467,0.7859,-0.0189,0.5106,-2.696,1.5738,0.1841,-2.2965,-2.6813,0.1818,-0.3056,3.0633,-0.9108,0.5881,0.4432,3.6248,-7.046,-0.0302,0.4176,1.0675,-1.1627,-0.1377,-1.2782,-0.2805,1.7981,-2.4936,-5.3586,-0.4519,-4.3934
9.0,0.09,1.2956,0.0821,0.0015,0.0026,1.2369,0.0937,0.1012,0.4014,1.4422,0.0142,0.224,1.1193,1.1499,0.1294,-0.011,-1.1461,1.7163,-0.0303,-0.1552,1.0249,0.8104,-0.0041,1.8087,-1.9516,1.2241,0.0947,0.1472,-0.3481,1.6417,-0.0493,0.5997,2.119,0.735,-0.002,0.4213,-2.6109,1.7132,0.1877,-2.3788,-2.5748,0.1501,-0.2411,2.5709,-0.8454,0.7252,0.4893,3.0927,-7.5124,-0.0027,0.4114,1.1388,-1.1488,-0.1049,-1.5148,-0.3806,2.1996,-2.2668,-5.7077,-0.0617,-4.6186
10.0,0.1,1.2813,0.0985,0.0015,-0.0234,1.2328,0.1078,0.09,0.3638,1.4407,0.0383,0.2191,1.1634,1.1413,0.1448,-0.0246,-1.1444,1.729,0.001,-0.1814,1.1165,0.7863,0.0056,1.9057,-2.1673,1.1791,0.103,0.204,-0.4828,1.6751,-0.0419,0.6225,2.4582,0.6793,0.0101,0.3362,-2.4968,1.8441,0.1935,-2.4046,-2.4187,0.1216,-0.179,2.0345,-0.7221,0.8806,0.531,2.4192,-7.7045,0.0234,0.3982,1.2072,-1.1212,-0.0527,-1.7413,-0.5008,2.5592,-1.9951,-5.9464,0.3605,-4.6648
11.0,0.11,1.2644,0.1127,0.0013,-0.0459,1.2261,0.1198,0.0782,0.3221,1.4354,0.0601,0.2128,1.2051,1.131,0.1565,-0.0378,-1.1294,1.7386,0.0307,-0.2138,1.2238,0.7636,0.0139,1.9692,-2.3721,1.1304,0.1077,0.2661,-0.6339,1.6999,-0.0295,0.6067,2.751,0.6199,0.017,0.2583,-2.3606,1.9624,0.2027,-2.3666,-2.2209,0.0954,-0.1232,1.4967,-0.5611,1.0512,0.5658,1.6834,-7.5542,0.0459,0.3774,1.2696,-1.0841,0.0187,-1.9529,-0.6416,2.863,-1.6872,-6.0626,0.7763,-4.494
12.0,0.12,1.2457,0.1249,0.0009,-0.0636,1.2172,0.1303,0.0662,0.2778,1.4266,0.0795,0.205,1.2429,1.1192,0.1647,-0.0502,-1.1038,1.745,0.0585,-0.2531,1.3436,0.7423,0.0212,1.9987,-2.5626,1.0796,0.1092,0.3311,-0.7984,1.7161,-0.011,0.5554,2.9886,0.5584,0.0188,0.1893,-2.2081,2.0656,0.2165,-2.2633,-1.9914,0.0714,-0.0761,0.9936,-0.386,1.2334,0.5914,0.9846,-7.0358,0.0636,0.3492,1.3233,-1.0414,0.1076,-2.1449,-0.8008,3.1034,-1.3518,-6.0544,1.1503,-4.0898
13.0,0.13,1.2261,0.1358,0.0003,-0.0761,1.2065,0.1395,0.0545,0.2324,1.4149,0.0967,0.1956,1.2754,1.1062,0.1703,-0.0612,-1.0708,1.7481,0.0843,-0.2993,1.471,0.7223,0.0278,1.9953,-2.736,1.0287,0.1085,0.3959,-0.972,1.724,0.0141,0.4748,3.1679,0.4968,0.0164,0.1302,-2.0444,2.1526,0.2349,-2.097,-1.74,0.0496,-0.0392,0.5531,-0.2191,1.4233,0.6056,0.4147,-6.1746,0.0761,0.3148,1.3664,-0.9964,0.2108,-2.3137,-0.9734,3.2793,-0.999,-5.9282,1.4536,-3.4636
14.0,0.14,1.2062,0.1457,-0.0004,-0.084,1.1946,0.1479,0.0434,0.188,1.4007,0.1118,0.1844,1.3011,1.0924,0.1738,-0.0709,-1.0337,1.7479,0.1082,-0.3522,1.6003,0.7035,0.0345,1.9608,-2.8895,0.9791,0.1063,0.4564,-1.1483,1.7242,0.0456,0.3726,3.2909,0.437,0.0109,0.0813,-1.8744,2.2236,0.2569,-1.8725,-1.4746,0.0307,-0.0126,0.1945,-0.0776,1.6165,0.6063,0.0322,-5.0378,0.084,0.2769,1.3981,-0.9521,0.3246,-2.4558,-1.1517,3.3959,-0.6405,-5.6954,1.6667,-2.6544
15.0,0.15,1.1867,0.1549,-0.0013,-0.0886,1.1819,0.1556,0.0334,0.1465,1.3849,0.1253,0.1717,1.3183,1.0781,0.176,-0.0792,-0.9964,1.7444,0.1303,-0.4112,1.7255,0.686,0.0418,1.8982,-3.0209,0.9322,0.1035,0.5085,-1.3203,1.7172,0.082,0.2567,3.3634,0.381,0.0038,0.0422,-1.7036,2.2799,0.28,-1.5953,-1.2004,0.0151,0.0044,-0.0713,0.028,1.8088,0.5914,-0.1511,-3.714,0.0886,0.2388,1.418,-0.911,0.4444,-2.5682,-1.3262,3.4617,-0.2893,-5.3697,1.7807,-1.7205
16.0,0.16,1.1681,0.1634,-0.0022,-0.0914,1.169,0.1626,0.0247,0.1099,1.3681,0.1373,0.1573,1.3258,1.0638,0.1776,-0.0865,-0.9624,1.7375,0.151,-0.4749,1.8407,0.6696,0.0501,1.8113,-3.1283,0.889,0.1006,0.5486,-1.4808,1.7041,0.1216,0.1336,3.3927,0.3305,-0.0033,0.0124,-1.5373,2.3226,0.3013,-1.2712,-0.9205,0.0029,0.0134,-0.2423,0.0945,1.9959,0.5593,-0.1672,-2.2929,0.0914,0.204,1.4265,-0.8749,0.5659,-2.6486,-1.4877,3.4867,0.0418,-4.9648,1.7974,-0.7294
17.0,0.17,1.1508,0.1711,-0.0031,-0.0937,1.1564,0.1688,0.0177,0.0797,1.351,0.1481,0.1417,1.3226,1.0497,0.1791,-0.0934,-0.9347,1.7274,0.1702,-0.5418,1.9411,0.6542,0.0599,1.7041,-3.2107,0.8504,0.0982,0.5745,-1.6235,1.6858,0.1617,0.0086,3.3865,0.2868,-0.0094,-0.0095,-1.381,2.3531,0.3171,-0.9065,-0.6364,-0.0056,0.0162,-0.3239,0.1245,2.1734,0.5088,-0.0766,-0.8538,0.0937,0.1754,1.4239,-0.8456,0.6851,-2.6956,-1.6284,3.4803,0.3412,-4.4942,1.728,0.2504
18.0,0.18,1.1351,0.1777,-0.0039,-0.0962,1.1444,0.1741,0.0126,0.0569,1.3339,0.1578,0.1253,1.3084,1.0363,0.1806,-0.1004,-0.9155,1.7142,0.1883,-0.6101,2.023,0.6398,0.0712,1.5814,-3.2673,0.817,0.0964,0.5852,-1.7443,1.6633,0.1998,-0.114,3.3515,0.2504,-0.0135,-0.0249,-1.2393,2.3728,0.3246,-0.5084,-0.3483,-0.0109,0.0148,-0.3289,0.1245,2.3379,0.4403,0.0492,0.5363,0.0963,0.1545,1.4107,-0.8246,0.7986,-2.709,-1.7435,3.4498,0.6003,-3.9698,1.5912,1.1548
19.0,0.19,1.1213,0.1829,-0.0047,-0.099,1.1332,0.1779,0.0091,0.0416,1.3174,0.1663,0.1085,1.2834,1.0237,0.1823,-0.108,-0.9058,1.698,0.205,-0.6779,2.0843,0.6264,0.0837,1.4475,-3.2982,0.7892,0.0952,0.5816,-1.8413,1.6382,0.2336,-0.2312,3.2929,0.2216,-0.0154,-0.0355,-1.1157,2.3831,0.3213,-0.0853,-0.0553,-0.0132,0.0112,-0.2751,0.1027,2.4869,0.3548,0.144,1.8202,0.0991,0.1417,1.3871,-0.8131,0.9038,-2.6896,-1.8319,3.4001,0.8148,-3.4026,1.4099,1.9275

# ***** Accelerations [m.s^-2] *****
# Frame,Time,Body_1_X,Body_1_Y,Body_1_Ux,Body_1_Uy,Body_2_X,Body_2_Y,Body_2_Ux,Body_2_Uy,Body_3_X,Body_3_Y,Body_3_Ux,Body_3_Uy,Body_4_X,Body_4_Y,Body_4_Ux,Body_4_Uy,Body_5_X,Body_5_Y,Body_5_Ux,Body_5_Uy,Body_6_X,Body_6_Y,Body_6_Ux,Body_6_Uy,Body_7_X,Body_7_Y,Body_7_Ux,Body_7_Uy,Body_8_X,Body_8_Y,Body_8_Ux,Body_8_Uy,Body_9_X,Body_9_Y,Body_9_Ux,Body_9_Uy,Body_10_X,Body_10_Y,Body_10_Ux,Body_10_Uy,Body_11_X,Body_11_Y,Body_11_Ux,Body_11_Uy,Body_12_X,Body_12_Y,Body_12_Ux,Body_12_Uy,Mixed_Ang_Driver_1,Mixed_Ang_Driver_2,Mixed_Ang_Driver_3,Mixed_Ang_Driver_4,Mixed_Ang_Driver_5,Mixed_Ang_Driver_6,Mixed_Ang_Driver_7,Mixed_Ang_Driver_8,Mixed_Ang_Driver_9,Mixed_Ang_Driver_10,Mixed_Ang_Driver_11,Mixed_Ang_Driver_12
0.0,0.0,1.7605,2.3321,0.0136,1.3223,1.3561,2.2542,0.2336,0.8209,2.1146,1.8002,1.5297,5.1001,0.0103,2.4544,0.794,-11.6624,3.4152,1.3494,-0.4342,5.253,-3.2155,0.5587,21.7758,-18.7961,2.0956,3.0256,-0.4727,1.0258,5.1211,1.3672,6.1798,17.3899,-6.343,0.1861,21.4402,-53.2508,6.8691,1.9609,-7.6993,-15.7701,-18.3113,-8.4874,73.1768,-3.1306,1.3463,1.6534,37.7647,-27.093,-1.3224,-0.4689,4.0021,-13.0118,-0.0536,-17.0765,-0.1936,17.1329,-58.5338,-36.0045,-15.8388,-28.9288
1.0,0.01,1.6106,2.3725,0.0092,0.6037,1.3543,2.3376,0.0081,0.9059,2.0988,1.9937,0.8367,4.928,0.0355,2.6289,0.4776,-11.3295,3.2741,1.7002,-0.7921,4.0197,-3.2027,0.7805,22.2311,-19.2286,1.6188,2.9455,-0.1713,0.2691,5.2583,0.8343,7.1067,21.4206,-5.4412,0.7121,15.5129,-44.2833,8.0529,1.5317,-13.3133,-12.9633,-15.5245,-6.2557,65.0007,-6.7236,2.1201,2.2542,39.0865,-43.8206,-0.6042,0.2673,4.3599,-11.9395,-0.8874,-18.0567,-0.2894,21.9571,-47.2168,-40.1137,-18.3727,-39.9275
2.0,0.02,1.4213,2.5167,0.0082,0.1291,1.2926,2.4347,-0.1002,0.5894,2.0208,2.2693,0.6809,4.8348,0.0268,2.8196,0.2424,-10.6308,3.1036,2.07,-0.7951,3.1028,-3.1693,1.0078,22.5716,-19.8259,1.0906,2.9027,0.4128,-1.1046,5.6045,0.7092,8.9944,25.4636,-4.6908,1.277,9.52,-34.9437,9.3602,1.3714,-14.825,-13.0123,-12.7974,-3.7352,52.64,-10.1192,2.8046,2.6912,37.4663,-50.8559,-0.1296,0.4088,4.7077,-10.7549,-1.67,-19.4156,-1.3075,26.8748,-34.9218,-45.4851,-17.1668,-42.5978
3.0,0.03,1.1449,2.6102,0.0075,-0.4016,1.1754,2.4681,-0.2483,0.115,1.8828,2.5123,0.5494,4.8339,-0.0158,2.9394,-0.0312,-9.6136,2.9143,2.42,-0.8134,2.5441,-3.1193,1.1952,22.565,-20.4764,0.4374,2.8051,1.0537,-2.5876,5.862,0.567,10.7838,29.5601,-4.1347,1.7794,3.8284,-25.7159,10.6924,1.1651,-16.1592,-12.3857,-10.2741,-1.1508,36.8407,-13.1964,3.7619,3.1898,32.8596,-57.5174,0.4011,0.4438,5.2097,-9.1969,-2.1914,-20.8673,-2.392,31.8675,-22.8053,-50.2923,-12.4184,-43.9317
4.0,0.04,0.7921,2.6452,0.0075,-0.9479,1.0046,2.4375,-0.4266,-0.4982,1.6824,2.7072,0.435,4.9099,-0.0937,2.9752,-0.3231,-8.3081,2.708,2.732,-0.8655,2.4293,-3.0522,1.3308,22.1306,-21.1206,-0.318,2.6525,1.7469,-4.1684,5.9895,0.4309,12.2165,33.3491,-3.8211,2.1598,-1.0308,-17.0298,11.9519,0.9348,-17.078,-10.8413,-8.0771,1.271,18.6392,-14.8968,5.0193,3.7123,24.7771,-63.0015,0.9475,0.3529,5.8086,-7.3378,-2.3479,-22.2871,-3.5715,36.464,-11.4557,-53.8043,-4.5107,-43.6534
5.0,0.05,0.3809,2.6153,0.0081,-1.463,0.786,2.3463,-0.6207,-1.2122,1.4213,2.8381,0.3271,5.0328,-0.2058,2.9176,-0.6092,-6.7693,2.4857,2.9874,-0.9715,2.8074,-2.9683,1.4053,21.1924,-21.6827,-1.1411,2.4408,2.4851,-5.8363,5.9501,0.3265,13.0143,36.4467,-3.7651,2.374,-4.7662,-9.2438,13.029,0.7068,-17.2971,-8.2065,-6.2832,3.3451,-0.4145,-14.3915,6.5759,4.2031,12.9632,-66.1832,1.4625,0.1295,6.4258,-5.2811,-2.0573,-23.5224,-4.8802,40.1625,-1.2829,-55.2943,5.5923,-41.4208
6.0,0.06,-0.0645,2.5177,0.0088,-1.8998,0.5291,2.2014,-0.8135,-1.9751,1.1063,2.8927,0.2139,5.161,-0.3475,2.7632,-0.8653,-5.074,2.2475,3.1698,-1.1494,3.6763,-2.8685,1.4143,19.699,-22.0793,-1.989,2.1664,3.2562,-7.578,5.7175,0.28,12.9319,38.4874,-3.9472,2.3984,-7.3148,-2.588,13.812,0.5094,-16.5197,-4.4353,-4.9165,4.9422,-18.5097,-11.3797,8.3945,4.5934,-2.4041,-65.6314,1.8995,-0.2189,6.9718,-3.1516,-1.2767,-24.4166,-6.3479,42.4979,7.508,-54.1526,16.5166,-36.8173
7.0,0.07,-0.5158,2.3565,0.0084,-2.2167,0.247,2.0143,-0.9885,-2.729,0.7489,2.8652,0.0847,5.2482,-0.5115,2.5178,-1.0703,-3.3143,1.9932,3.2689,-1.4128,4.9739,-2.7548,1.3604,17.6416,-22.2314,-2.8144,1.832,4.0411,-9.3726,5.2822,0.3183,11.8167,39.1685,-4.3158,2.2331,-8.7851,2.8636,14.2012,0.3726,-14.4936,0.3453,-3.9495,5.9942,-33.9355,-6.2289,10.3975,4.8113,-20.4671,-59.747,2.2164,-0.674,7.3571,-1.0829,-0.018,-24.8358,-7.9898,43.1128,14.9002,-50.0047,26.7401,-29.3907
8.0,0.08,-0.9441,2.1447,0.0055,-2.381,-0.0453,1.8003,-1.1318,-3.4191,0.3645,2.7589,-0.0676,5.2511,-0.688,2.1973,-1.209,-1.5863,1.7224,3.2827,-1.7677,6.5797,-2.6297,1.2543,15.0642,-22.0756,-3.5699,1.4503,4.8103,-11.1855,4.6557,0.4658,9.662,38.2971,-4.7958,1.9001,-9.3798,7.1776,14.1261,0.3255,-11.0843,5.819,-3.3134,6.4906,-45.4186,0.1213,12.471,4.7943,-39.4779,-47.0896,2.3808,-1.2122,7.5056,0.7972,1.6446,-24.6919,-9.795,41.8232,21.0085,-42.8147,34.8712,-18.7573
9.0,0.09,-1.3228,1.9034,-0.0011,-2.3753,-0.3322,1.5778,-1.2348,-4.0016,-0.029,2.5863,-0.2453,5.1361,-0.866,1.8275,-1.275,0.0199,1.4352,3.2182,-2.2122,8.3263,-2.4963,1.1147,12.0633,-21.5721,-4.2119,1.0453,5.5203,-12.9582,3.8718,0.7408,6.6324,35.8358,-5.3012,1.441,-9.3245,10.5108,13.563,0.3924,-6.3431,11.5141,-2.9159,6.4722,-52.3127,6.4485,14.4777,4.5022,-56.7872,-26.9016,2.3751,-1.8064,7.3664,2.3827,3.5795,-23.9546,-11.7101,38.6665,25.9963,-32.9399,39.8723,-4.7747
10.0,0.1,-1.6317,1.6584,-0.0118,-2.204,-0.5991,1.3655,-1.2937,-4.446,-0.4133,2.3671,-0.4465,4.882,-1.0348,1.4409,-1.2703,1.4261,1.1324,3.0907,-2.736,10.0199,-2.3578,0.9661,8.7744,-20.7079,-4.7054,0.6488,6.1101,-14.6003,2.9814,1.1487,3.0467,31.9332,-5.7474,0.912,-8.8213,13.0453,12.5476,0.5856,-0.5332,16.8979,-2.6602,6.0199,-54.5998,11.6024,16.2786,3.9235,-69.2273,0.2956,2.204,-2.4217,6.9236,3.6019,5.6159,-22.6464,-13.6237,33.9183,29.9944,-21.1026,41.19,12.2503
11.0,0.11,-1.8591,1.4348,-0.0258,-1.8986,-0.8334,1.1792,-1.3082,-4.7323,-0.7704,2.125,-0.6655,4.4785,-1.1845,1.0722,-1.2051,2.5683,0.8159,2.9203,-3.321,11.4668,-2.2176,0.8346,5.3516,-19.4939,-5.0276,0.2944,6.5022,-15.9881,2.0434,1.6742,-0.6865,26.9216,-6.0627,0.3773,-8.0297,14.9343,11.1756,0.8929,5.9177,21.5069,-2.4616,5.2431,-52.7504,14.79,17.7546,3.0723,-73.9707,32.3391,1.8987,-3.0075,6.1993,4.4242,7.5716,-20.8249,-15.3609,28.0595,33.0474,-8.2591,38.7871,31.3993
12.0,0.12,-2.0017,1.2502,-0.0415,-1.5153,-1.0252,1.0284,-1.2801,-4.846,-1.0844,1.883,-0.8951,3.9228,-1.307,0.7516,-1.0966,3.3963,0.4887,2.7287,-3.9415,12.4977,-2.0792,0.7433,1.9457,-17.9581,-5.1699,0.0106,6.6132,-16.9769,1.1146,2.277,-4.1635,21.2666,-6.1959,-0.1003,-7.0675,16.2728,9.5847,1.2675,12.5291,25.0606,-2.2577,4.2659,-47.5373,15.7133,18.8215,1.9754,-69.6252,65.6503,1.5157,-3.4938,5.2478,4.8573,9.2811,-18.5607,-16.7008,21.6913,35.1045,4.6024,33.0955,51.1326
13.0,0.13,-2.0637,1.1104,-0.0567,-1.1239,-1.1681,0.9139,-1.2116,-4.7745,-1.3421,1.6592,-1.1269,3.2169,-1.396,0.5002,-0.9663,3.8745,0.1544,2.5349,-4.5645,12.9875,-1.946,0.7083,-1.311,-16.1382,-5.1372,-0.1859,6.3718,-17.4266,0.241,2.8925,-7.0746,15.4752,-6.1206,-0.4687,-6.0226,17.0949,7.9216,1.6263,18.8916,27.5044,-2.0129,3.2123,-39.8764,14.5523,19.431,0.6612,-57.0032,96.1327,1.1246,-3.7991,4.1416,4.9361,10.6171,-15.9227,-17.4196,15.4156,36.054,16.6617,24.9163,69.4871
14.0,0.14,-2.0533,1.0086,-0.0694,-0.7888,-1.259,0.8284,-1.105,-4.5098,-1.535,1.4642,-1.3514,2.3684,-1.4477,0.3267,-0.838,3.9865,-0.1825,2.3531,-5.1516,12.869,-1.8209,0.7355,-4.3125,-14.0775,-4.9454,-0.2924,5.7426,-17.2362,-0.5443,3.4408,-9.2534,9.9933,-5.8352,-0.6954,-4.965,17.3922,6.3079,1.8639,24.7347,28.9687,-1.7168,2.1932,-30.7237,11.8375,19.5636,-0.8427,-39.0383,120.3372,0.79,-3.8516,2.9537,4.7085,11.5027,-12.976,-17.3496,9.7183,35.7867,27.3841,15.2862,84.425
15.0,0.15,-1.9803,0.9287,-0.0783,-0.5506,-1.2985,0.7581,-0.9647,-4.0568,-1.6598,1.3008,-1.5579,1.3943,-1.4606,0.2273,-0.7338,3.742,-0.5179,2.1907,-5.6617,12.1389,-1.7049,0.82,-6.9789,-11.8243,-4.6171,-0.3197,4.7446,-16.3748,-1.2195,3.8422,-10.6751,5.1293,-5.3606,-0.7718,-3.954,17.1447,4.822,1.8795,29.9179,29.6842,-1.3794,1.295,-21.0135,8.2686,19.222,-2.5016,-19.8348,136.257,0.5522,-3.6165,1.7418,4.2233,11.914,-9.79,-16.4339,4.8945,34.2642,36.527,5.3268,94.1989
16.0,0.16,-1.855,0.8504,-0.0823,-0.4152,-1.291,0.6866,-0.7983,-3.4411,-1.7198,1.1651,-1.7345,0.3241,-1.4368,0.1876,-0.6706,3.1817,-0.847,2.0486,-6.0564,10.8571,-1.5968,0.9467,-9.2549,-9.4315,-4.179,-0.2879,3.4564,-14.8989,-1.77,4.0329,-11.4162,1.0286,-4.736,-0.7127,-3.0394,16.3529,3.5014,1.6045,34.3757,29.906,-1.0227,0.5739,-11.6121,4.5358,18.4325,-4.2621,-3.3779,143.4093,0.4171,-3.1145,0.5418,3.5257,11.8749,-6.4478,-14.7531,1.0333,31.5699,44.07,-3.9069,97.6183
17.0,0.17,-1.6873,0.7548,-0.0806,-0.3549,-1.2435,0.5982,-0.6167,-2.7108,-1.724,1.0479,-1.8698,-0.7989,-1.381,0.1859,-0.6578,2.3769,-1.1652,1.9212,-6.3055,9.1364,-1.4931,1.0931,-11.1087,-6.9549,-3.6604,-0.2222,2.004,-12.951,-2.1856,3.9772,-11.603,-2.3081,-4.0127,-0.5518,-2.2587,15.0626,2.3586,1.0196,38.0628,29.8689,-0.6737,0.0546,-3.2664,1.1875,17.2511,-6.0477,7.4908,142.3831,0.3568,-2.4225,-0.6307,2.657,11.447,-3.0479,-12.5173,-1.9481,27.926,50.123,-11.5575,94.1924
18.0,0.18,-1.4867,0.6271,-0.0726,-0.3189,-1.1653,0.4803,-0.433,-1.9301,-1.6853,0.9362,-1.9545,-1.9199,-1.3005,0.1969,-0.6962,1.4218,-1.4664,1.7977,-6.3926,7.1257,-1.3884,1.2315,-12.5302,-4.4504,-3.0913,-0.1478,0.5353,-10.7394,-2.4609,3.6717,-11.3676,-4.9817,-3.2483,-0.333,-1.6328,13.3727,1.397,0.1576,40.9213,29.77,-0.3576,-0.2666,3.4522,-1.4346,15.7668,-7.7623,11.5571,134.287,0.3207,-1.6567,-1.7722,1.6595,10.7157,0.3001,-10.0254,-4.2444,23.6735,54.8478,-17.0576,84.1813
19.0,0.19,-1.2626,0.4587,-0.058,-0.2497,-1.0666,0.3254,-0.2601,-1.167,-1.6177,0.815,-1.983,-2.9785,-1.2033,0.1947,-0.7786,0.422,-1.7434,1.6637,-6.3177,4.9885,-1.2757,1.3336,-13.528,-1.9707,-2.5018,-0.0868,-0.8111,-8.5043,-2.5975,3.1432,-10.8206,-7.1457,-2.4994,-0.1013,-1.164,11.4278,0.6192,-0.9058,42.869,29.7607,-0.0933,-0.4148,8.1975,-3.1952,14.0964,-9.3013,9.2262,120.4129,0.2511,-0.9439,-2.8806,0.5801,9.7759,3.485,-7.606,-6.0972,19.2212,58.4026,-20.1696,68.5893

# ***** Angles [deg] *****
# Frame,Time,Body_1_Abs_Angle,Body_1_Body_2_Angle,Body_1_Body_3_Angle,Body_1_Body_4_Angle,Body_3_Body_5_Angle,Body_4_Body_6_Angle,Body_1_Body_7_Angle,Body_1_Body_8_Angle,Body_7_Body_9_Angle,Body_8_Body_10_Angle,Body_9_Body_11_Angle,Body_10_Body_12_Angle
0.0,0.0,-0.9708,15.2535,15.5359,-4.9195,-21.3152,-45.2311,-23.8456,18.578,0.921,6.3145,-65.6058,-80.221
1.0,0.01,-0.8734,15.142,15.1192,-4.5616,-21.1425,-45.4413,-23.8278,19.0672,1.8503,7.3701,-65.4648,-79.523
2.0,0.02,-0.7816,15.0209,14.6699,-4.1458,-20.9636,-45.5542,-23.8318,19.3994,3.0701,8.6894,-65.2275,-78.6054
3.0,0.03,-0.6983,14.8868,14.1897,-3.6757,-20.7795,-45.5659,-23.8516,19.5469,4.5093,10.305,-64.8803,-77.4544
4.0,0.04,-0.6275,14.7356,13.6784,-3.1579,-20.5928,-45.4715,-23.881,19.4795,6.0963,12.2464,-64.4365,-76.057
5.0,0.05,-0.574,14.5628,13.1347,-2.6013,-20.4086,-45.2653,-23.9145,19.1678,7.7639,14.5345,-63.9349,-74.4
6.0,0.06,-0.5437,14.3637,12.5562,-2.0169,-20.2343,-44.9421,-23.9475,18.5859,9.4525,17.1761,-63.4352,-72.4723
7.0,0.07,-0.5425,14.1333,11.9403,-1.4173,-20.0801,-44.4979,-23.9761,17.7163,11.1127,20.1582,-63.0077,-70.2691
8.0,0.08,-0.5753,13.8678,11.2845,-0.8148,-19.9575,-43.9306,-23.9958,16.5535,12.7046,23.4439,-62.7224,-67.8007
9.0,0.09,-0.6453,13.5661,10.5883,-0.2205,-19.879,-43.24,-23.9999,15.108,14.1964,26.972,-62.6378,-65.1039
10.0,0.1,-0.7518,13.2307,9.8533,0.3571,-19.8566,-42.4272,-23.9765,13.4079,15.5614,30.6613,-62.7942,-62.2537
11.0,0.11,-0.8903,12.8695,9.0845,0.9131,-19.8999,-41.4943,-23.9077,11.4965,16.7754,34.4212,-63.2087,-59.369
12.0,0.12,-1.0525,12.4945,8.2891,1.4456,-20.0154,-40.4436,-23.7706,9.4261,17.8156,38.1649,-63.874,-56.605
13.0,0.13,-1.2283,12.1199,7.476,1.9551,-20.2062,-39.2787,-23.5413,7.2492,18.6615,41.8202,-64.7588,-54.133
14.0,0.14,-1.4078,11.759,6.6538,2.4432,-20.4723,-38.0056,-23.1998,5.0113,19.2968,45.334,-65.8122,-52.1108
15.0,0.15,-1.5838,11.4214,5.8297,2.9119,-20.8118,-36.6345,-22.7343,2.7463,19.7127,48.6688,-66.969,-50.6579
16.0,0.16,-1.752,11.1115,5.0096,3.3632,-21.2213,-35.1809,-22.1438,0.4772,19.9096,51.7965,-68.1582,-49.842
17.0,0.17,-1.9113,10.829,4.1979,3.7997,-21.6972,-33.665,-21.4369,-1.7808,19.898,54.6912,-69.3117,-49.6774
18.0,0.18,-2.0628,10.5701,3.3981,4.2245,-22.2353,-32.1104,-20.6296,-4.0171,19.6973,57.325,-70.3713,-50.1302
19.0,0.19,-2.208,10.3298,2.6135,4.6419,-22.8314,-30.5421,-19.7415,-6.2217,19.3335,59.6671,-71.2948,-51.1259

# ***** Angles Velocities [deg.s^-1] *****
# Frame,Time,Body_1_Abs_Angle,Body_1_Body_2_Angle,Body_1_Body_3_Angle,Body_1_Body_4_Angle,Body_3_Body_5_Angle,Body_4_Body_6_Angle,Body_1_Body_7_Angle,Body_1_Body_8_Angle,Body_7_Body_9_Angle,Body_8_Body_10_Angle,Body_9_Body_11_Angle,Body_10_Body_12_Angle
0.0,0.0,9.9362,-10.7849,-39.9954,32.7956,16.9551,-25.7661,3.0736,55.8495,76.0528,93.4879,9.9053,59.2716
1.0,0.01,9.5003,-11.5735,-43.3259,38.7399,17.5832,-16.2155,0.5891,41.5257,108.6386,118.19,18.6001,80.5501
2.0,0.02,8.8062,-12.6994,-46.4869,44.3736,18.1743,-6.3037,-1.2905,24.4685,134.1434,146.2131,29.1842,103.2067
3.0,0.03,7.782,-14.1951,-49.5666,49.5234,18.6074,4.0473,-2.5582,4.5098,152.4802,177.4133,39.9999,127.2019
4.0,0.04,6.3061,-16.1178,-52.718,53.8935,18.6511,14.9407,-3.2344,-18.4868,163.7943,211.2262,48.1164,152.5101
5.0,0.05,4.2878,-18.5125,-56.0614,57.2485,18.0683,26.3895,-3.3966,-44.305,168.7213,246.5225,51.1785,179.0807
6.0,0.06,1.6738,-21.403,-59.6742,59.4103,16.6072,38.3143,-3.1412,-72.3657,168.1793,281.5933,47.555,206.5595
7.0,0.07,-1.51,-24.7447,-63.5576,60.307,14.0501,50.5531,-2.5024,-101.6557,163.1907,314.2176,36.7378,233.9376
8.0,0.08,-5.1189,-28.3684,-67.6097,60.0026,10.2603,62.9068,-1.3429,-130.7381,154.667,341.9019,19.3403,259.1687
9.0,0.09,-8.8682,-31.9437,-71.6178,58.7069,5.2271,75.1983,0.7182,-157.8864,143.2629,362.3327,-3.1057,278.9654
10.0,0.1,-12.3627,-34.9993,-75.2932,56.7357,-0.9058,87.321,4.2642,-181.3929,129.3433,373.9705,-28.4667,289.0719
11.0,0.11,-15.1935,-37.0397,-78.3451,54.433,-7.8616,99.2273,9.8924,-199.9893,113.0769,376.5252,-54.3169,285.2281
12.0,0.12,-17.0687,-37.716,-80.5693,52.0813,-15.2935,110.8562,17.94,-213.1981,94.6146,370.9997,-78.203,264.6168
13.0,0.13,-17.9118,-36.9662,-81.9051,49.8494,-22.8664,122.0351,28.2702,-221.4078,74.2717,359.1967,-97.8975,227.0786
14.0,0.14,-17.8732,-35.0425,-82.427,47.8038,-30.3248,132.4212,40.2398,-225.6184,52.6344,342.9564,-111.6643,175.336
15.0,0.15,-17.2509,-32.4098,-82.2893,45.961,-37.5081,141.5318,52.8651,-227.0085,30.5489,323.5622,-118.4863,114.1112
16.0,0.16,-16.3752,-29.5837,-81.6529,44.3438,-44.3338,148.8482,65.0872,-226.5604,9.0122,301.5572,-118.2166,48.8554
17.0,0.17,-15.5122,-26.9899,-80.6331,43.0062,-50.7683,153.9365,76.0183,-224.8851,-11.0067,276.9167,-111.4781,-15.3777
18.0,0.18,-14.8038,-24.8671,-79.2765,42.0414,-56.7861,156.5626,85.1042,-222.2067,-28.6771,249.3195,-99.8001,-73.8072
19.0,0.19,-14.2843,-23.2791,-77.5877,41.5088,-62.371,156.6738,92.1652,-218.5438,-43.6191,218.5602,-84.2484,-123.9471

# ***** Angles Accelerations [deg.s^-2] *****
# Frame,Time,Body_1_Abs_Angle,Body_1_Body_2_Angle,Body_1_Body_3_Angle,Body_1_Body_4_Angle,Body_3_Body_5_Angle,Body_4_Body_6_Angle,Body_1_Body_7_Angle,Body_1_Body_8_Angle,Body_7_Body_9_Angle,Body_8_Body_10_Angle,Body_9_Body_11_Angle,Body_10_Body_12_Angle
0.0,0.0,-30.6783,-61.9907,-341.5395,609.9712,64.6673,937.0088,-278.6928,-1295.7182,3612.6344,2304.1574,775.0111,2058.9545
1.0,0.01,-56.4997,-95.7257,-324.5787,578.9014,60.9599,973.1214,-218.2081,-1569.051,2904.53,2636.2618,963.946,2196.7556
2.0,0.02,-82.321,-129.4607,-307.6179,547.8317,57.2525,1009.234,-157.7235,-1842.3838,2196.4256,2968.3663,1152.881,2334.5568
3.0,0.03,-122.515,-169.675,-308.3239,482.1338,29.3738,1060.954,-95.8115,-2149.3501,1470.9397,3271.6774,1010.2437,2464.496
4.0,0.04,-172.6682,-214.8594,-321.9482,391.8809,-20.6299,1117.7345,-39.4262,-2449.9703,791.8766,3490.8958,613.071,2597.1407
5.0,0.05,-231.0043,-264.0811,-346.7273,279.1066,-95.9314,1172.0152,6.9787,-2713.6724,193.5122,3568.3663,-0.67,2716.9675
6.0,0.06,-291.7892,-314.0224,-375.845,153.2603,-196.2854,1212.955,44.1018,-2898.4633,-301.9003,3445.7916,-724.0175,2778.7952
7.0,0.07,-344.97,-354.3196,-400.8207,26.0733,-315.135,1234.8106,83.6599,-2959.5435,-695.8172,3079.0783,-1439.4222,2696.8207
8.0,0.08,-376.8131,-370.4305,-409.6058,-86.9409,-442.8212,1235.9298,148.2544,-2856.9322,-1008.9277,2457.7781,-2040.0845,2349.4121
9.0,0.09,-373.0378,-344.6197,-392.0063,-172.2027,-563.827,1222.3659,263.9649,-2572.7328,-1271.8987,1628.3821,-2449.1068,1609.9203
10.0,0.1,-325.8681,-266.5013,-343.0777,-222.0323,-662.7558,1202.167,445.236,-2128.5731,-1512.019,699.1738,-2623.0985,411.3909
11.0,0.11,-240.2916,-141.5708,-267.3013,-238.5044,-728.4036,1179.0945,680.3855,-1590.7071,-1741.2553,-188.2436,-2546.9431,-1180.1661
12.0,0.12,-134.7394,6.2965,-177.548,-231.8492,-757.9671,1146.6823,929.1357,-1051.0456,-1951.2075,-916.856,-2230.2816,-2942.0961
13.0,0.13,-33.8905,143.6706,-89.6017,-214.5268,-756.6259,1089.0965,1136.903,-590.9018,-2117.3801,-1443.7361,-1708.621,-4565.5368
14.0,0.14,41.6231,241.068,-14.7828,-194.5838,-735.0462,988.1339,1257.0242,-251.2003,-2210.0685,-1804.3319,-1044.7318,-5782.9847
15.0,0.15,82.8235,285.4653,42.3249,-173.9846,-701.6254,833.9877,1268.0294,-26.8239,-2207.0324,-2074.4938,-319.6568,-6461.9679
16.0,0.16,92.3224,279.752,84.9442,-149.4523,-663.4964,629.2942,1176.3965,116.4416,-2100.3075,-2326.5044,373.5836,-6589.1948
17.0,0.17,80.2781,239.0243,119.0326,-118.0798,-623.4192,388.361,1009.8357,218.6139,-1903.4667,-2601.6085,974.1164,-6257.4245
18.0,0.18,61.3968,185.5367,152.269,-74.8681,-580.1337,136.8626,807.3409,317.0651,-1630.6214,-2917.8251,1361.4863,-5428.4705
19.0,0.19,42.5155,132.0491,185.5054,-31.6565,-536.8481,-114.6358,604.8461,415.5163,-1357.7762,-3234.0418,1748.8563,-4599.5164

# ***** Moments of Force [N.m] *****
# Frame,Time,Body_1_Abs_Joint_Moment_of_Force,Body_1_Body_2_Joint_Moment_of_Force,Body_1_Body_3_Joint_Moment_of_Force,Body_1_Body_4_Joint_Moment_of_Force,Body_3_Body_5_Joint_Moment_of_Force,Body_4_Body_6_Joint_Moment_of_Force,Body_1_Body_7_Joint_Moment_of_Force,Body_1_Body_8_Joint_Moment_of_Force,Body_7_Body_9_Joint_Moment_of_Force,Body_8_Body_10_Joint_Moment_of_Force,Body_9_Body_11_Joint_Moment_of_Force,Body_10_Body_12_Joint_Moment_of_Force
0.0,0.0,-0.0415,-0.0518,-0.0123,0.1466,0.0229,0.0746,0.2767,0.2417,0.1006,0.4777,0.0353,0.7748
1.0,0.01,-0.0424,-0.0528,-0.0131,0.1424,0.0228,0.075,0.2648,0.2348,0.0958,0.4739,0.036,0.7702
2.0,0.02,-0.0495,-0.0615,-0.0156,0.1353,0.0225,0.0752,0.2114,0.2292,0.0167,0.4664,-0.0892,0.7585
3.0,0.03,-0.0565,-0.07,-0.0192,0.1256,0.0225,0.0753,0.0986,0.2262,-0.1218,0.4547,-0.2556,0.7376
4.0,0.04,-0.0616,-0.0761,-0.0251,0.1132,0.0221,0.0749,-0.0159,0.2146,-0.2566,0.4319,-0.4025,0.7025
5.0,0.05,-0.0625,-0.077,-0.033,0.0986,0.0213,0.074,-0.1111,0.1898,-0.359,0.3939,-0.4928,0.6495
6.0,0.06,-0.0598,-0.0735,-0.0425,0.0821,0.0201,0.0724,-0.1767,0.1514,-0.4214,0.3411,-0.5288,0.5788
7.0,0.07,-0.0555,-0.0681,-0.053,0.064,0.0185,0.07,-0.2218,0.1025,-0.4622,0.2767,-0.5454,0.4932
8.0,0.08,-0.0515,-0.063,-0.0633,0.0451,0.0168,0.0669,-0.2631,0.0447,-0.5052,0.2015,-0.5726,0.3937
9.0,0.09,-0.0481,-0.0587,-0.0721,0.0269,0.0155,0.0635,-0.3081,-0.022,-0.5571,0.1164,-0.6115,0.284
10.0,0.1,-0.0451,-0.055,-0.0787,0.0104,0.0147,0.06,-0.3531,-0.0911,-0.6094,0.0295,-0.6478,0.1785
11.0,0.11,-0.0426,-0.0519,-0.0831,-0.0041,0.0143,0.0564,-0.3921,-0.1497,-0.6532,-0.0444,-0.6736,0.0974
12.0,0.12,-0.041,-0.0498,-0.0856,-0.0165,0.014,0.0527,-0.4218,-0.1886,-0.6852,-0.0968,-0.6898,0.0496
13.0,0.13,-0.0399,-0.0485,-0.086,-0.0267,0.014,0.049,-0.4415,-0.2095,-0.7056,-0.131,-0.6989,0.0264
14.0,0.14,-0.0382,-0.0464,-0.0843,-0.0345,0.0144,0.0454,-0.4527,-0.2115,-0.716,-0.1473,-0.7012,0.0125
15.0,0.15,-0.0376,-0.0455,-0.08,-0.0399,0.0153,0.0422,-0.4549,-0.2148,-0.7154,-0.1653,-0.6954,0.0072
16.0,0.16,-0.0368,-0.0446,-0.0735,-0.0431,0.0167,0.0391,-0.4486,-0.2126,-0.7035,-0.1789,-0.6797,0.0031
17.0,0.17,-0.036,-0.0436,-0.065,-0.0444,0.0184,0.0362,-0.4332,-0.2049,-0.6793,-0.1876,-0.6532,0.0003
18.0,0.18,-0.0353,-0.0428,-0.055,-0.0441,0.0203,0.0333,-0.4094,-0.1918,-0.6438,-0.1911,-0.6163,-0.0013
19.0,0.19,-0.0348,-0.0421,-0.0439,-0.0427,0.0223,0.0305,-0.3789,-0.1741,-0.5992,-0.1899,-0.5708,-0.0018

# ***** Joints Powers [W] *****
# Frame,Time,Body_1_Abs_Joint_Power,Body_1_Body_2_Joint_Power,Body_1_Body_3_Joint_Power,Body_1_Body_4_Joint_Power,Body_3_Body_5_Joint_Power,Body_4_Body_6_Joint_Power,Body_1_Body_7_Joint_Power,Body_1_Body_8_Joint_Power,Body_7_Body_9_Joint_Power,Body_8_Body_10_Joint_Power,Body_9_Body_11_Joint_Power,Body_10_Body_12_Joint_Power
0.0,0.0,-0.412,0.5586,0.4902,4.8076,0.3878,-1.9224,0.8504,13.4974,7.6528,44.6558,0.3494,45.9245
1.0,0.01,-0.403,0.6116,0.5696,5.5156,0.4002,-1.2162,0.156,9.7484,10.4035,56.0045,0.6694,62.0417
2.0,0.02,-0.4357,0.7805,0.7252,6.0036,0.4095,-0.4737,-0.2728,5.6089,2.2462,68.1933,-2.6034,78.2859
3.0,0.03,-0.44,0.994,0.9522,6.2226,0.4191,0.3047,-0.2521,1.02,-18.572,80.6739,-10.2242,93.8264
4.0,0.04,-0.3884,1.226,1.322,6.0982,0.4129,1.1189,0.0515,-3.967,-42.0233,91.221,-19.3655,107.1423
5.0,0.05,-0.2682,1.4262,1.8475,5.6429,0.3858,1.9527,0.3773,-8.4085,-60.5707,97.1032,-25.2197,116.3094
6.0,0.06,-0.1001,1.5726,2.5362,4.8785,0.3338,2.7743,0.555,-10.9547,-70.8651,96.0587,-25.1451,119.5603
7.0,0.07,0.0839,1.6845,3.3681,3.8603,0.2596,3.5374,0.555,-10.4218,-75.4273,86.94,-20.0372,115.378
8.0,0.08,0.2638,1.7875,4.2769,2.7088,0.1727,4.2064,0.3533,-5.8391,-78.1355,68.9091,-11.074,102.0399
9.0,0.09,0.4267,1.8757,5.1606,1.5794,0.0812,4.7722,-0.2213,3.4719,-79.8065,42.1767,1.8991,79.2344
10.0,0.1,0.5576,1.9235,5.9252,0.5881,-0.0133,5.2372,-1.5058,16.5295,-78.8179,11.0418,18.442,51.6041
11.0,0.11,0.648,1.9219,6.514,-0.2231,-0.1121,5.5956,-3.8789,29.9463,-73.8575,-16.7355,36.5889,27.7741
12.0,0.12,0.6997,1.8789,6.8976,-0.8586,-0.2141,5.8389,-7.5673,40.2148,-64.8274,-35.9101,53.9483,13.1368
13.0,0.13,0.7154,1.7923,7.0475,-1.3296,-0.3204,5.9739,-12.4806,46.3866,-52.4085,-47.049,68.4247,6.0046
14.0,0.14,0.6836,1.6258,6.9524,-1.6488,-0.4363,6.0151,-18.2169,47.7137,-37.6846,-50.5267,78.3018,2.1836
15.0,0.15,0.6479,1.4754,6.587,-1.8323,-0.575,5.9665,-24.0487,48.7535,-21.8559,-53.5005,82.3939,0.8237
16.0,0.16,0.6022,1.3181,6.0018,-1.9092,-0.7411,5.8214,-29.1971,48.1748,-6.3399,-53.9633,80.3554,0.153
17.0,0.17,0.5586,1.177,5.2438,-1.9083,-0.9352,5.5704,-32.9333,46.0817,7.4771,-51.9447,72.8219,-0.0046
18.0,0.18,0.5233,1.0643,4.3624,-1.8557,-1.1537,5.2177,-34.8415,42.6293,18.4616,-47.6551,61.5111,0.096
19.0,0.19,0.4973,0.9812,3.4077,-1.7708,-1.3904,4.7814,-34.9237,38.0461,26.1368,-41.5103,48.0865,0.224

# ***** Muscles normalized length [%] *****
# Frame,Time,Ext_dig_long,Ext_hal_long,Flex_dig_long,Flex_hal_long,Gastrocn_lat,Gastrocn_med,Peroneus_brev,Peroneus_long,Peroneus_tert,Soleus_med,Tibialis_ant,Tibialis_post_med
0.0,0.0,0.6509,0.4618,1.8799,1.2186,1.0506,1.0738,0.6725,0.2692,1.2114,0.6592,0.5693,1.1122
1.0,0.01,0.648,0.4615,1.8676,1.212,1.0419,1.0633,0.6688,0.266,1.2099,0.6542,0.5729,1.1074
2.0,0.02,0.6442,0.4611,1.8515,1.2031,1.0303,1.0492,0.6639,0.2618,1.2081,0.6474,0.5776,1.1011
3.0,0.03,0.6396,0.4609,1.8312,1.1918,1.0152,1.0307,0.6578,0.2565,1.2059,0.6385,0.5836,1.0932
4.0,0.04,0.6343,0.461,1.8063,1.178,0.9959,1.0069,0.6502,0.2499,1.2035,0.6272,0.5909,1.0836
5.0,0.05,0.6283,0.4615,1.7766,1.1614,0.9716,0.9768,0.6411,0.2421,1.201,0.613,0.5998,1.0723
6.0,0.06,0.6217,0.4628,1.7417,1.1417,0.9415,0.9392,0.6304,0.2329,1.1985,0.5953,0.6102,1.0592
7.0,0.07,0.615,0.465,1.7016,1.1189,0.9049,0.8931,0.6181,0.2221,1.1963,0.5738,0.6223,1.0443
8.0,0.08,0.6084,0.4684,1.6562,1.0929,0.8612,0.8378,0.6041,0.21,1.1946,0.548,0.6361,1.0277
9.0,0.09,0.6023,0.4734,1.6064,1.0639,0.8105,0.7732,0.5886,0.1965,1.1936,0.5177,0.6514,1.0098
10.0,0.1,0.5974,0.4799,1.5534,1.0328,0.7535,0.7001,0.5721,0.182,1.1937,0.4834,0.6676,0.9913
11.0,0.11,0.5941,0.4877,1.4996,1.0008,0.6921,0.6208,0.5553,0.1672,1.1949,0.4463,0.6842,0.9729
12.0,0.12,0.5925,0.4964,1.4481,0.9698,0.6288,0.5386,0.539,0.1529,1.197,0.4086,0.7002,0.9557
13.0,0.13,0.5924,0.505,1.4021,0.9418,0.5668,0.4575,0.5245,0.14,1.1998,0.3732,0.7146,0.9408
14.0,0.14,0.5932,0.5127,1.3645,0.9187,0.5093,0.3816,0.5126,0.1294,1.2027,0.3429,0.7263,0.929
15.0,0.15,0.5944,0.5185,1.3377,0.902,0.459,0.3147,0.504,0.1218,1.2051,0.3206,0.7347,0.9207
16.0,0.16,0.5952,0.5219,1.3226,0.8926,0.4179,0.259,0.4992,0.1175,1.2066,0.3078,0.7394,0.9161
17.0,0.17,0.5954,0.5225,1.3196,0.8907,0.3869,0.216,0.4982,0.1166,1.2069,0.3052,0.7404,0.9152
18.0,0.18,0.5949,0.5207,1.328,0.896,0.3662,0.186,0.5009,0.119,1.2061,0.3123,0.7378,0.9177
19.0,0.19,0.594,0.5166,1.3463,0.9074,0.3551,0.1684,0.5068,0.1243,1.2043,0.3279,0.732,0.9233

# ***** Muscles Activations [%] *****
# Frame,Time,Ext_dig_long,Ext_hal_long,Flex_dig_long,Flex_hal_long,Gastrocn_lat,Gastrocn_med,Peroneus_brev,Peroneus_long,Peroneus_tert,Soleus_med,Tibialis_ant,Tibialis_post_med
0.0,0.0,0.0,0.0001,0.0075,0.0001,0.0,0.0289,0.0,0.0,0.0,0.0427,0.0,0.0
1.0,0.01,0.0,0.0,0.0072,0.0,0.0,0.0295,0.0,0.0,0.0,0.0433,0.0,0.0
2.0,0.02,0.0,0.0,0.0069,0.0,0.0,0.0307,0.0,0.0,0.0,0.0436,0.0,0.0
3.0,0.03,0.0,0.0,0.0066,0.0,0.0,0.0325,0.0,0.0,0.0,0.0437,0.0,0.0
4.0,0.04,0.0,0.0,0.0064,0.0,0.0,0.0354,0.0,0.0,0.0,0.0434,0.0,0.0
5.0,0.05,0.0,0.0,0.0061,0.0,0.0,0.0396,0.0,0.0,0.0,0.0426,0.0,0.0001
6.0,0.06,0.0,0.0,0.0059,0.0,0.0,0.0449,0.0,0.0,0.0,0.0413,0.0,0.0
7.0,0.07,0.0,0.0004,0.0057,0.0,0.0,0.051,0.0,0.0002,0.0,0.0393,0.0,0.0
8.0,0.08,0.0,0.0004,0.0055,0.0,0.0,0.0578,0.0,0.0,0.0,0.0366,0.0,0.0
9.0,0.09,0.0,0.0,0.0053,0.0,0.0,0.0658,0.0,0.0,0.0,0.0334,0.0,0.0
10.0,0.1,0.0,0.0,0.0052,0.0,0.0,0.0,0.0,0.0,0.0123,0.0028,0.0,0.0
11.0,0.11,0.0,0.0,0.005,0.0,0.0,0.0,0.0,0.0,0.0,0.0028,0.0,0.0
12.0,0.12,0.0,0.0,0.0049,0.0,0.0,0.0,0.0,0.0,0.0,0.0027,0.0,0.0
13.0,0.13,0.0,0.0,0.0047,0.0,0.0,0.0,0.0,0.0,0.0,0.0026,0.0,0.0
14.0,0.14,0.0,0.0,0.0046,0.0,0.0,0.0,0.0,0.0,0.0,0.0024,0.0,0.0
15.0,0.15,0.0,0.0,0.0,0.0,0.0008,0.0,0.0,0.0,0.0,0.0025,0.0,0.0
16.0,0.16,0.0,0.0,0.0,0.0,0.0028,0.0,0.0,0.0,0.0,0.0024,0.0,0.0
17.0,0.17,0.0,0.0,0.0,0.0,0.0063,0.0,0.0,0.0,0.0,0.0027,0.0,0.0
18.0,0.18,0.0,0.0,0.0,0.0,0.0544,0.0,0.0,0.0,0.0,0.0034,0.0,0.0
19.0,0.19,0.0,0.0,0.0,0.0,0.0077,0.0,0.0016,0.0,0.0,0.0051,0.0,0.0

