# Model:
# Number_of_Rigid_Bodies:1
# Number_of_Frames:501
# Sampling_Frequency:100

# ***** Coordinates [m] *****
#Frame,Time,Body_1_X,Body_1_Y,Body_1_Ux,Body_1_Uy
0.0,0.0,-1.0,0.0,-1.0,0.0
1.0,0.01,-1.0,-0.0005,-1.0,-0.0005
2.0,0.02,-1.0,-0.0018,-1.0,-0.0018
3.0,0.03,-1.0,-0.0041,-1.0,-0.0041
4.0,0.04,-1.0,-0.0072,-1.0,-0.0072
5.0,0.05,-0.9999,-0.0113,-0.9999,-0.0113
6.0,0.06,-0.9999,-0.0163,-0.9999,-0.0163
7.0,0.07,-0.9998,-0.0222,-0.9998,-0.0222
8.0,0.08,-0.9996,-0.029,-0.9996,-0.029
9.0,0.09,-0.9993,-0.0367,-0.9993,-0.0367
10.0,0.1,-0.999,-0.0453,-0.999,-0.0453
11.0,0.11,-0.9985,-0.0548,-0.9985,-0.0548
12.0,0.12,-0.9979,-0.0651,-0.9979,-0.0651
13.0,0.13,-0.9971,-0.0764,-0.9971,-0.0764
14.0,0.14,-0.9961,-0.0886,-0.9961,-0.0886
15.0,0.15,-0.9948,-0.1017,-0.9948,-0.1017
16.0,0.16,-0.9933,-0.1156,-0.9933,-0.1156
17.0,0.17,-0.9915,-0.1304,-0.9915,-0.1304
18.0,0.18,-0.9893,-0.1461,-0.9893,-0.1461
19.0,0.19,-0.9867,-0.1626,-0.9867,-0.1626
20.0,0.2,-0.9837,-0.1799,-0.9837,-0.1799
21.0,0.21,-0.9802,-0.1981,-0.9802,-0.1981
22.0,0.22,-0.9762,-0.2171,-0.9762,-0.2171
23.0,0.23,-0.9716,-0.2368,-0.9716,-0.2368
24.0,0.24,-0.9663,-0.2573,-0.9663,-0.2573
25.0,0.25,-0.9604,-0.2785,-0.9604,-0.2785
26.0,0.26,-0.9538,-0.3004,-0.9538,-0.3004
27.0,0.27,-0.9464,-0.323,-0.9464,-0.323
28.0,0.28,-0.9382,-0.3462,-0.9382,-0.3462
29.0,0.29,-0.929,-0.37,-0.929,-0.37
30.0,0.3,-0.919,-0.3943,-0.919,-0.3943
31.0,0.31,-0.908,-0.4191,-0.908,-0.4191
32.0,0.32,-0.8959,-0.4443,-0.8959,-0.4443
33.0,0.33,-0.8827,-0.4699,-0.8827,-0.4699
34.0,0.34,-0.8685,-0.4958,-0.8685,-0.4958
35.0,0.35,-0.853,-0.5219,-0.853,-0.5219
36.0,0.36,-0.8364,-0.5482,-0.8364,-0.5482
37.0,0.37,-0.8185,-0.5746,-0.8185,-0.5746
38.0,0.38,-0.7993,-0.601,-0.7993,-0.601
39.0,0.39,-0.7788,-0.6273,-0.7788,-0.6273
40.0,0.4,-0.757,-0.6534,-0.757,-0.6534
41.0,0.41,-0.7338,-0.6793,-0.7338,-0.6793
42.0,0.42,-0.7093,-0.7049,-0.7093,-0.7049
43.0,0.43,-0.6835,-0.73,-0.6835,-0.73
44.0,0.44,-0.6562,-0.7545,-0.6562,-0.7545
45.0,0.45,-0.6277,-0.7785,-0.6277,-0.7785
46.0,0.46,-0.5978,-0.8016,-0.5978,-0.8016
47.0,0.47,-0.5666,-0.824,-0.5666,-0.824
48.0,0.48,-0.5341,-0.8454,-0.5341,-0.8454
49.0,0.49,-0.5005,-0.8658,-0.5005,-0.8658
50.0,0.5,-0.4656,-0.885,-0.4656,-0.885
51.0,0.51,-0.4296,-0.903,-0.4296,-0.903
52.0,0.52,-0.3926,-0.9197,-0.3926,-0.9197
53.0,0.53,-0.3546,-0.935,-0.3546,-0.935
54.0,0.54,-0.3157,-0.9489,-0.3157,-0.9489
55.0,0.55,-0.2759,-0.9612,-0.2759,-0.9612
56.0,0.56,-0.2355,-0.9719,-0.2355,-0.9719
57.0,0.57,-0.1944,-0.9809,-0.1944,-0.9809
58.0,0.58,-0.1528,-0.9883,-0.1528,-0.9883
59.0,0.59,-0.1108,-0.9938,-0.1108,-0.9938
60.0,0.6,-0.0685,-0.9976,-0.0685,-0.9976
61.0,0.61,-0.0261,-0.9997,-0.0261,-0.9997
62.0,0.62,0.0165,-0.9999,0.0165,-0.9999
63.0,0.63,0.059,-0.9983,0.059,-0.9983
64.0,0.64,0.1014,-0.9949,0.1014,-0.9949
65.0,0.65,0.1434,-0.9897,0.1434,-0.9897
66.0,0.66,0.1851,-0.9827,0.1851,-0.9827
67.0,0.67,0.2263,-0.9741,0.2263,-0.9741
68.0,0.68,0.2669,-0.9637,0.2669,-0.9637
69.0,0.69,0.3068,-0.9518,0.3068,-0.9518
70.0,0.7,0.3459,-0.9383,0.3459,-0.9383
71.0,0.71,0.3841,-0.9233,0.3841,-0.9233
72.0,0.72,0.4214,-0.9069,0.4214,-0.9069
73.0,0.73,0.4576,-0.8892,0.4576,-0.8892
74.0,0.74,0.4927,-0.8702,0.4927,-0.8702
75.0,0.75,0.5267,-0.8501,0.5267,-0.8501
76.0,0.76,0.5594,-0.8289,0.5594,-0.8289
77.0,0.77,0.5909,-0.8067,0.5909,-0.8067
78.0,0.78,0.6211,-0.7837,0.6211,-0.7837
79.0,0.79,0.65,-0.76,0.65,-0.76
80.0,0.8,0.6775,-0.7355,0.6775,-0.7355
81.0,0.81,0.7036,-0.7106,0.7036,-0.7106
82.0,0.82,0.7285,-0.6851,0.7285,-0.6851
83.0,0.83,0.7519,-0.6593,0.7519,-0.6593
84.0,0.84,0.774,-0.6332,0.774,-0.6332
85.0,0.85,0.7948,-0.6069,0.7948,-0.6069
86.0,0.86,0.8143,-0.5805,0.8143,-0.5805
87.0,0.87,0.8325,-0.5541,0.8325,-0.5541
88.0,0.88,0.8494,-0.5278,0.8494,-0.5278
89.0,0.89,0.8651,-0.5016,0.8651,-0.5016
90.0,0.9,0.8796,-0.4756,0.8796,-0.4756
91.0,0.91,0.893,-0.45,0.893,-0.45
92.0,0.92,0.9053,-0.4247,0.9053,-0.4247
93.0,0.93,0.9166,-0.3998,0.9166,-0.3998
94.0,0.94,0.9269,-0.3754,0.9269,-0.3754
95.0,0.95,0.9362,-0.3515,0.9362,-0.3515
96.0,0.96,0.9446,-0.3281,0.9446,-0.3281
97.0,0.97,0.9522,-0.3054,0.9522,-0.3054
98.0,0.98,0.959,-0.2834,0.959,-0.2834
99.0,0.99,0.9651,-0.262,0.9651,-0.262
100.0,1.0,0.9704,-0.2413,0.9704,-0.2413
101.0,1.01,0.9752,-0.2214,0.9752,-0.2214
102.0,1.02,0.9793,-0.2023,0.9793,-0.2023
103.0,1.03,0.9829,-0.1839,0.9829,-0.1839
104.0,1.04,0.9861,-0.1664,0.9861,-0.1664
105.0,1.05,0.9887,-0.1497,0.9887,-0.1497
106.0,1.06,0.991,-0.1338,0.991,-0.1338
107.0,1.07,0.9929,-0.1189,0.9929,-0.1189
108.0,1.08,0.9945,-0.1047,0.9945,-0.1047
109.0,1.09,0.9958,-0.0915,0.9958,-0.0915
110.0,1.1,0.9969,-0.0791,0.9969,-0.0791
111.0,1.11,0.9977,-0.0676,0.9977,-0.0676
112.0,1.12,0.9984,-0.057,0.9984,-0.057
113.0,1.13,0.9989,-0.0473,0.9989,-0.0473
114.0,1.14,0.9993,-0.0385,0.9993,-0.0385
115.0,1.15,0.9995,-0.0306,0.9995,-0.0306
116.0,1.16,0.9997,-0.0236,0.9997,-0.0236
117.0,1.17,0.9998,-0.0175,0.9998,-0.0175
118.0,1.18,0.9999,-0.0124,0.9999,-0.0124
119.0,1.19,1.0,-0.0081,1.0,-0.0081
120.0,1.2,1.0,-0.0047,1.0,-0.0047
121.0,1.21,1.0,-0.0022,1.0,-0.0022
122.0,1.22,1.0,-0.0007,1.0,-0.0007
123.0,1.23,1.0,-0.0,1.0,-0.0
124.0,1.24,1.0,-0.0003,1.0,-0.0003
125.0,1.25,1.0,-0.0014,1.0,-0.0014
126.0,1.26,1.0,-0.0035,1.0,-0.0035
127.0,1.27,1.0,-0.0065,1.0,-0.0065
128.0,1.28,0.9999,-0.0103,0.9999,-0.0103
129.0,1.29,0.9999,-0.0151,0.9999,-0.0151
130.0,1.3,0.9998,-0.0208,0.9998,-0.0208
131.0,1.31,0.9996,-0.0274,0.9996,-0.0274
132.0,1.32,0.9994,-0.0349,0.9994,-0.0349
133.0,1.33,0.9991,-0.0433,0.9991,-0.0433
134.0,1.34,0.9986,-0.0525,0.9986,-0.0525
135.0,1.35,0.998,-0.0627,0.998,-0.0627
136.0,1.36,0.9973,-0.0738,0.9973,-0.0738
137.0,1.37,0.9963,-0.0858,0.9963,-0.0858
138.0,1.38,0.9951,-0.0987,0.9951,-0.0987
139.0,1.39,0.9937,-0.1124,0.9937,-0.1124
140.0,1.4,0.9919,-0.127,0.9919,-0.127
141.0,1.41,0.9898,-0.1425,0.9898,-0.1425
142.0,1.42,0.9873,-0.1588,0.9873,-0.1588
143.0,1.43,0.9844,-0.176,0.9844,-0.176
144.0,1.44,0.981,-0.1939,0.981,-0.1939
145.0,1.45,0.9771,-0.2127,0.9771,-0.2127
146.0,1.46,0.9726,-0.2323,0.9726,-0.2323
147.0,1.47,0.9676,-0.2526,0.9676,-0.2526
148.0,1.48,0.9618,-0.2737,0.9618,-0.2737
149.0,1.49,0.9554,-0.2954,0.9554,-0.2954
150.0,1.5,0.9481,-0.3179,0.9481,-0.3179
151.0,1.51,0.9401,-0.3409,0.9401,-0.3409
152.0,1.52,0.9312,-0.3646,0.9312,-0.3646
153.0,1.53,0.9213,-0.3888,0.9213,-0.3888
154.0,1.54,0.9105,-0.4134,0.9105,-0.4134
155.0,1.55,0.8987,-0.4386,0.8987,-0.4386
156.0,1.56,0.8858,-0.4641,0.8858,-0.4641
157.0,1.57,0.8718,-0.4899,0.8718,-0.4899
158.0,1.58,0.8566,-0.516,0.8566,-0.516
159.0,1.59,0.8402,-0.5423,0.8402,-0.5423
160.0,1.6,0.8226,-0.5686,0.8226,-0.5686
161.0,1.61,0.8037,-0.595,0.8037,-0.595
162.0,1.62,0.7835,-0.6214,0.7835,-0.6214
163.0,1.63,0.762,-0.6476,0.762,-0.6476
164.0,1.64,0.7392,-0.6735,0.7392,-0.6735
165.0,1.65,0.715,-0.6992,0.715,-0.6992
166.0,1.66,0.6894,-0.7244,0.6894,-0.7244
167.0,1.67,0.6625,-0.7491,0.6625,-0.7491
168.0,1.68,0.6342,-0.7732,0.6342,-0.7732
169.0,1.69,0.6046,-0.7965,0.6046,-0.7965
170.0,1.7,0.5737,-0.8191,0.5737,-0.8191
171.0,1.71,0.5415,-0.8407,0.5415,-0.8407
172.0,1.72,0.5081,-0.8613,0.5081,-0.8613
173.0,1.73,0.4735,-0.8808,0.4735,-0.8808
174.0,1.74,0.4378,-0.8991,0.4378,-0.8991
175.0,1.75,0.401,-0.9161,0.401,-0.9161
176.0,1.76,0.3632,-0.9317,0.3632,-0.9317
177.0,1.77,0.3245,-0.9459,0.3245,-0.9459
178.0,1.78,0.2849,-0.9586,0.2849,-0.9586
179.0,1.79,0.2446,-0.9696,0.2446,-0.9696
180.0,1.8,0.2037,-0.979,0.2037,-0.979
181.0,1.81,0.1622,-0.9868,0.1622,-0.9868
182.0,1.82,0.1203,-0.9927,0.1203,-0.9927
183.0,1.83,0.078,-0.9969,0.078,-0.9969
184.0,1.84,0.0356,-0.9994,0.0356,-0.9994
185.0,1.85,-0.0069,-1.0,-0.0069,-1.0
186.0,1.86,-0.0495,-0.9988,-0.0495,-0.9988
187.0,1.87,-0.0919,-0.9958,-0.0919,-0.9958
188.0,1.88,-0.134,-0.991,-0.134,-0.991
189.0,1.89,-0.1758,-0.9844,-0.1758,-0.9844
190.0,1.9,-0.2171,-0.9761,-0.2171,-0.9761
191.0,1.91,-0.2578,-0.9662,-0.2578,-0.9662
192.0,1.92,-0.2979,-0.9546,-0.2979,-0.9546
193.0,1.93,-0.3372,-0.9414,-0.3372,-0.9414
194.0,1.94,-0.3756,-0.9268,-0.3756,-0.9268
195.0,1.95,-0.4131,-0.9107,-0.4131,-0.9107
196.0,1.96,-0.4496,-0.8932,-0.4496,-0.8932
197.0,1.97,-0.4849,-0.8745,-0.4849,-0.8745
198.0,1.98,-0.5192,-0.8547,-0.5192,-0.8547
199.0,1.99,-0.5522,-0.8337,-0.5522,-0.8337
200.0,2.0,-0.5839,-0.8118,-0.5839,-0.8118
201.0,2.01,-0.6144,-0.789,-0.6144,-0.789
202.0,2.02,-0.6436,-0.7654,-0.6436,-0.7654
203.0,2.03,-0.6714,-0.7411,-0.6714,-0.7411
204.0,2.04,-0.6979,-0.7162,-0.6979,-0.7162
205.0,2.05,-0.723,-0.6908,-0.723,-0.6908
206.0,2.06,-0.7468,-0.6651,-0.7468,-0.6651
207.0,2.07,-0.7692,-0.639,-0.7692,-0.639
208.0,2.08,-0.7902,-0.6128,-0.7902,-0.6128
209.0,2.09,-0.81,-0.5864,-0.81,-0.5864
210.0,2.1,-0.8285,-0.56,-0.8285,-0.56
211.0,2.11,-0.8457,-0.5337,-0.8457,-0.5337
212.0,2.12,-0.8617,-0.5075,-0.8617,-0.5075
213.0,2.13,-0.8765,-0.4815,-0.8765,-0.4815
214.0,2.14,-0.8901,-0.4557,-0.8901,-0.4557
215.0,2.15,-0.9027,-0.4303,-0.9027,-0.4303
216.0,2.16,-0.9142,-0.4053,-0.9142,-0.4053
217.0,2.17,-0.9247,-0.3808,-0.9247,-0.3808
218.0,2.18,-0.9342,-0.3568,-0.9342,-0.3568
219.0,2.19,-0.9428,-0.3333,-0.9428,-0.3333
220.0,2.2,-0.9506,-0.3105,-0.9506,-0.3105
221.0,2.21,-0.9576,-0.2883,-0.9576,-0.2883
222.0,2.22,-0.9638,-0.2667,-0.9638,-0.2667
223.0,2.23,-0.9693,-0.2459,-0.9693,-0.2459
224.0,2.24,-0.9742,-0.2258,-0.9742,-0.2258
225.0,2.25,-0.9784,-0.2065,-0.9784,-0.2065
226.0,2.26,-0.9822,-0.188,-0.9822,-0.188
227.0,2.27,-0.9854,-0.1703,-0.9854,-0.1703
228.0,2.28,-0.9882,-0.1534,-0.9882,-0.1534
229.0,2.29,-0.9905,-0.1373,-0.9905,-0.1373
230.0,2.3,-0.9925,-0.1221,-0.9925,-0.1221
231.0,2.31,-0.9942,-0.1078,-0.9942,-0.1078
232.0,2.32,-0.9955,-0.0944,-0.9955,-0.0944
233.0,2.33,-0.9966,-0.0818,-0.9966,-0.0818
234.0,2.34,-0.9975,-0.0701,-0.9975,-0.0701
235.0,2.35,-0.9982,-0.0593,-0.9982,-0.0593
236.0,2.36,-0.9988,-0.0494,-0.9988,-0.0494
237.0,2.37,-0.9992,-0.0404,-0.9992,-0.0404
238.0,2.38,-0.9995,-0.0323,-0.9995,-0.0323
239.0,2.39,-0.9997,-0.0251,-0.9997,-0.0251
240.0,2.4,-0.9998,-0.0188,-0.9998,-0.0188
241.0,2.41,-0.9999,-0.0134,-0.9999,-0.0134
242.0,2.42,-1.0,-0.009,-1.0,-0.009
243.0,2.43,-1.0,-0.0054,-1.0,-0.0054
244.0,2.44,-1.0,-0.0027,-1.0,-0.0027
245.0,2.45,-1.0,-0.0009,-1.0,-0.0009
246.0,2.46,-1.0,-0.0001,-1.0,-0.0001
247.0,2.47,-1.0,-0.0001,-1.0,-0.0001
248.0,2.48,-1.0,-0.0011,-1.0,-0.0011
249.0,2.49,-1.0,-0.0029,-1.0,-0.0029
250.0,2.5,-1.0,-0.0057,-1.0,-0.0057
251.0,2.51,-1.0,-0.0094,-1.0,-0.0094
252.0,2.52,-0.9999,-0.014,-0.9999,-0.014
253.0,2.53,-0.9998,-0.0194,-0.9998,-0.0194
254.0,2.54,-0.9997,-0.0258,-0.9997,-0.0258
255.0,2.55,-0.9995,-0.0331,-0.9995,-0.0331
256.0,2.56,-0.9991,-0.0413,-0.9991,-0.0413
257.0,2.57,-0.9987,-0.0504,-0.9987,-0.0504
258.0,2.58,-0.9982,-0.0604,-0.9982,-0.0604
259.0,2.59,-0.9975,-0.0713,-0.9975,-0.0713
260.0,2.6,-0.9965,-0.083,-0.9965,-0.083
261.0,2.61,-0.9954,-0.0957,-0.9954,-0.0957
262.0,2.62,-0.994,-0.1092,-0.994,-0.1092
263.0,2.63,-0.9923,-0.1237,-0.9923,-0.1237
264.0,2.64,-0.9903,-0.1389,-0.9903,-0.1389
265.0,2.65,-0.9879,-0.1551,-0.9879,-0.1551
266.0,2.66,-0.9851,-0.172,-0.9851,-0.172
267.0,2.67,-0.9818,-0.1898,-0.9818,-0.1898
268.0,2.68,-0.978,-0.2084,-0.978,-0.2084
269.0,2.69,-0.9737,-0.2278,-0.9737,-0.2278
270.0,2.7,-0.9688,-0.248,-0.9688,-0.248
271.0,2.71,-0.9632,-0.2689,-0.9632,-0.2689
272.0,2.72,-0.9569,-0.2905,-0.9569,-0.2905
273.0,2.73,-0.9498,-0.3128,-0.9498,-0.3128
274.0,2.74,-0.942,-0.3357,-0.942,-0.3357
275.0,2.75,-0.9333,-0.3592,-0.9333,-0.3592
276.0,2.76,-0.9236,-0.3833,-0.9236,-0.3833
277.0,2.77,-0.913,-0.4079,-0.913,-0.4079
278.0,2.78,-0.9014,-0.4329,-0.9014,-0.4329
279.0,2.79,-0.8888,-0.4583,-0.8888,-0.4583
280.0,2.8,-0.875,-0.4841,-0.875,-0.4841
281.0,2.81,-0.8601,-0.5101,-0.8601,-0.5101
282.0,2.82,-0.844,-0.5364,-0.844,-0.5364
283.0,2.83,-0.8267,-0.5627,-0.8267,-0.5627
284.0,2.84,-0.8081,-0.5891,-0.8081,-0.5891
285.0,2.85,-0.7882,-0.6155,-0.7882,-0.6155
286.0,2.86,-0.7669,-0.6417,-0.7669,-0.6417
287.0,2.87,-0.7444,-0.6677,-0.7444,-0.6677
288.0,2.88,-0.7205,-0.6935,-0.7205,-0.6935
289.0,2.89,-0.6952,-0.7188,-0.6952,-0.7188
290.0,2.9,-0.6686,-0.7436,-0.6686,-0.7436
291.0,2.91,-0.6407,-0.7678,-0.6407,-0.7678
292.0,2.92,-0.6114,-0.7913,-0.6114,-0.7913
293.0,2.93,-0.5808,-0.8141,-0.5808,-0.8141
294.0,2.94,-0.5489,-0.8359,-0.5489,-0.8359
295.0,2.95,-0.5157,-0.8567,-0.5157,-0.8567
296.0,2.96,-0.4814,-0.8765,-0.4814,-0.8765
297.0,2.97,-0.4459,-0.8951,-0.4459,-0.8951
298.0,2.98,-0.4093,-0.9124,-0.4093,-0.9124
299.0,2.99,-0.3718,-0.9283,-0.3718,-0.9283
300.0,3.0,-0.3332,-0.9428,-0.3332,-0.9428
301.0,3.01,-0.2939,-0.9558,-0.2939,-0.9558
302.0,3.02,-0.2537,-0.9673,-0.2537,-0.9673
303.0,3.03,-0.2129,-0.9771,-0.2129,-0.9771
304.0,3.04,-0.1716,-0.9852,-0.1716,-0.9852
305.0,3.05,-0.1297,-0.9915,-0.1297,-0.9915
306.0,3.06,-0.0876,-0.9962,-0.0876,-0.9962
307.0,3.07,-0.0451,-0.999,-0.0451,-0.999
308.0,3.08,-0.0026,-1.0,-0.0026,-1.0
309.0,3.09,0.0399,-0.9992,0.0399,-0.9992
310.0,3.1,0.0824,-0.9966,0.0824,-0.9966
311.0,3.11,0.1246,-0.9922,0.1246,-0.9922
312.0,3.12,0.1665,-0.986,0.1665,-0.986
313.0,3.13,0.2079,-0.9782,0.2079,-0.9782
314.0,3.14,0.2488,-0.9686,0.2488,-0.9686
315.0,3.15,0.289,-0.9573,0.289,-0.9573
316.0,3.16,0.3285,-0.9445,0.3285,-0.9445
317.0,3.17,0.3671,-0.9302,0.3671,-0.9302
318.0,3.18,0.4048,-0.9144,0.4048,-0.9144
319.0,3.19,0.4415,-0.8973,0.4415,-0.8973
320.0,3.2,0.4771,-0.8788,0.4771,-0.8788
321.0,3.21,0.5116,-0.8592,0.5116,-0.8592
322.0,3.22,0.5449,-0.8385,0.5449,-0.8385
323.0,3.23,0.5769,-0.8168,0.5769,-0.8168
324.0,3.24,0.6077,-0.7942,0.6077,-0.7942
325.0,3.25,0.6372,-0.7707,0.6372,-0.7707
326.0,3.26,0.6653,-0.7466,0.6653,-0.7466
327.0,3.27,0.6921,-0.7218,0.6921,-0.7218
328.0,3.28,0.7175,-0.6966,0.7175,-0.6966
329.0,3.29,0.7415,-0.6709,0.7415,-0.6709
330.0,3.3,0.7643,-0.6449,0.7643,-0.6449
331.0,3.31,0.7856,-0.6187,0.7856,-0.6187
332.0,3.32,0.8057,-0.5923,0.8057,-0.5923
333.0,3.33,0.8244,-0.5659,0.8244,-0.5659
334.0,3.34,0.8419,-0.5396,0.8419,-0.5396
335.0,3.35,0.8582,-0.5133,0.8582,-0.5133
336.0,3.36,0.8733,-0.4873,0.8733,-0.4873
337.0,3.37,0.8872,-0.4615,0.8872,-0.4615
338.0,3.38,0.8999,-0.436,0.8999,-0.436
339.0,3.39,0.9117,-0.4109,0.9117,-0.4109
340.0,3.4,0.9224,-0.3863,0.9224,-0.3863
341.0,3.41,0.9321,-0.3621,0.9321,-0.3621
342.0,3.42,0.9409,-0.3385,0.9409,-0.3385
343.0,3.43,0.9489,-0.3156,0.9489,-0.3156
344.0,3.44,0.9561,-0.2932,0.9561,-0.2932
345.0,3.45,0.9624,-0.2715,0.9624,-0.2715
346.0,3.46,0.9681,-0.2505,0.9681,-0.2505
347.0,3.47,0.9731,-0.2303,0.9731,-0.2303
348.0,3.48,0.9775,-0.2108,0.9775,-0.2108
349.0,3.49,0.9814,-0.1921,0.9814,-0.1921
350.0,3.5,0.9847,-0.1742,0.9847,-0.1742
351.0,3.51,0.9876,-0.1571,0.9876,-0.1571
352.0,3.52,0.99,-0.1409,0.99,-0.1409
353.0,3.53,0.9921,-0.1255,0.9921,-0.1255
354.0,3.54,0.9938,-0.111,0.9938,-0.111
355.0,3.55,0.9953,-0.0973,0.9953,-0.0973
356.0,3.56,0.9964,-0.0845,0.9964,-0.0845
357.0,3.57,0.9974,-0.0726,0.9974,-0.0726
358.0,3.58,0.9981,-0.0617,0.9981,-0.0617
359.0,3.59,0.9987,-0.0516,0.9987,-0.0516
360.0,3.6,0.9991,-0.0424,0.9991,-0.0424
361.0,3.61,0.9994,-0.0341,0.9994,-0.0341
362.0,3.62,0.9996,-0.0267,0.9996,-0.0267
363.0,3.63,0.9998,-0.0202,0.9998,-0.0202
364.0,3.64,0.9999,-0.0146,0.9999,-0.0146
365.0,3.65,1.0,-0.0099,1.0,-0.0099
366.0,3.66,1.0,-0.0061,1.0,-0.0061
367.0,3.67,1.0,-0.0032,1.0,-0.0032
368.0,3.68,1.0,-0.0013,1.0,-0.0013
369.0,3.69,1.0,-0.0002,1.0,-0.0002
370.0,3.7,1.0,-0.0,1.0,-0.0
371.0,3.71,1.0,-0.0008,1.0,-0.0008
372.0,3.72,1.0,-0.0025,1.0,-0.0025
373.0,3.73,1.0,-0.005,1.0,-0.005
374.0,3.74,1.0,-0.0085,1.0,-0.0085
375.0,3.75,0.9999,-0.0128,0.9999,-0.0128
376.0,3.76,0.9998,-0.0181,0.9998,-0.0181
377.0,3.77,0.9997,-0.0243,0.9997,-0.0243
378.0,3.78,0.9995,-0.0314,0.9995,-0.0314
379.0,3.79,0.9992,-0.0394,0.9992,-0.0394
380.0,3.8,0.9988,-0.0483,0.9988,-0.0483
381.0,3.81,0.9983,-0.058,0.9983,-0.058
382.0,3.82,0.9976,-0.0687,0.9976,-0.0687
383.0,3.83,0.9968,-0.0803,0.9968,-0.0803
384.0,3.84,0.9957,-0.0928,0.9957,-0.0928
385.0,3.85,0.9944,-0.1061,0.9944,-0.1061
386.0,3.86,0.9927,-0.1203,0.9927,-0.1203
387.0,3.87,0.9908,-0.1354,0.9908,-0.1354
388.0,3.88,0.9885,-0.1514,0.9885,-0.1514
389.0,3.89,0.9858,-0.1682,0.9858,-0.1682
390.0,3.9,0.9826,-0.1858,0.9826,-0.1858
391.0,3.91,0.9789,-0.2042,0.9789,-0.2042
392.0,3.92,0.9747,-0.2234,0.9747,-0.2234
393.0,3.93,0.9699,-0.2434,0.9699,-0.2434
394.0,3.94,0.9645,-0.2641,0.9645,-0.2641
395.0,3.95,0.9584,-0.2856,0.9584,-0.2856
396.0,3.96,0.9515,-0.3077,0.9515,-0.3077
397.0,3.97,0.9438,-0.3305,0.9438,-0.3305
398.0,3.98,0.9353,-0.3539,0.9353,-0.3539
399.0,3.99,0.9259,-0.3778,0.9259,-0.3778
400.0,4.0,0.9155,-0.4023,0.9155,-0.4023
401.0,4.01,0.9041,-0.4272,0.9041,-0.4272
402.0,4.02,0.8917,-0.4526,0.8917,-0.4526
403.0,4.03,0.8782,-0.4783,0.8782,-0.4783
404.0,4.04,0.8636,-0.5043,0.8636,-0.5043
405.0,4.05,0.8477,-0.5305,0.8477,-0.5305
406.0,4.06,0.8307,-0.5568,0.8307,-0.5568
407.0,4.07,0.8123,-0.5832,0.8123,-0.5832
408.0,4.08,0.7927,-0.6096,0.7927,-0.6096
409.0,4.09,0.7718,-0.6358,0.7718,-0.6358
410.0,4.1,0.7496,-0.6619,0.7496,-0.6619
411.0,4.11,0.726,-0.6877,0.726,-0.6877
412.0,4.12,0.701,-0.7131,0.701,-0.7131
413.0,4.13,0.6747,-0.7381,0.6747,-0.7381
414.0,4.14,0.6471,-0.7624,0.6471,-0.7624
415.0,4.15,0.6181,-0.7861,0.6181,-0.7861
416.0,4.16,0.5878,-0.809,0.5878,-0.809
417.0,4.17,0.5561,-0.8311,0.5561,-0.8311
418.0,4.18,0.5233,-0.8522,0.5233,-0.8522
419.0,4.19,0.4892,-0.8722,0.4892,-0.8722
420.0,4.2,0.454,-0.891,0.454,-0.891
421.0,4.21,0.4176,-0.9086,0.4176,-0.9086
422.0,4.22,0.3803,-0.9249,0.3803,-0.9249
423.0,4.23,0.342,-0.9397,0.342,-0.9397
424.0,4.24,0.3028,-0.9531,0.3028,-0.9531
425.0,4.25,0.2628,-0.9649,0.2628,-0.9649
426.0,4.26,0.2221,-0.975,0.2221,-0.975
427.0,4.27,0.1809,-0.9835,0.1809,-0.9835
428.0,4.28,0.1392,-0.9903,0.1392,-0.9903
429.0,4.29,0.097,-0.9953,0.097,-0.9953
430.0,4.3,0.0547,-0.9985,0.0547,-0.9985
431.0,4.31,0.0122,-0.9999,0.0122,-0.9999
432.0,4.32,-0.0304,-0.9995,-0.0304,-0.9995
433.0,4.33,-0.0729,-0.9973,-0.0729,-0.9973
434.0,4.34,-0.1151,-0.9934,-0.1151,-0.9934
435.0,4.35,-0.1571,-0.9876,-0.1571,-0.9876
436.0,4.36,-0.1986,-0.9801,-0.1986,-0.9801
437.0,4.37,-0.2396,-0.9709,-0.2396,-0.9709
438.0,4.38,-0.28,-0.96,-0.28,-0.96
439.0,4.39,-0.3197,-0.9475,-0.3197,-0.9475
440.0,4.4,-0.3585,-0.9335,-0.3585,-0.9335
441.0,4.41,-0.3964,-0.9181,-0.3964,-0.9181
442.0,4.42,-0.4333,-0.9012,-0.4333,-0.9012
443.0,4.43,-0.4692,-0.8831,-0.4692,-0.8831
444.0,4.44,-0.5039,-0.8637,-0.5039,-0.8637
445.0,4.45,-0.5375,-0.8433,-0.5375,-0.8433
446.0,4.46,-0.5698,-0.8218,-0.5698,-0.8218
447.0,4.47,-0.6009,-0.7993,-0.6009,-0.7993
448.0,4.48,-0.6307,-0.7761,-0.6307,-0.7761
449.0,4.49,-0.6591,-0.7521,-0.6591,-0.7521
450.0,4.5,-0.6862,-0.7274,-0.6862,-0.7274
451.0,4.51,-0.7119,-0.7023,-0.7119,-0.7023
452.0,4.52,-0.7363,-0.6767,-0.7363,-0.6767
453.0,4.53,-0.7593,-0.6508,-0.7593,-0.6508
454.0,4.54,-0.7809,-0.6246,-0.7809,-0.6246
455.0,4.55,-0.8013,-0.5983,-0.8013,-0.5983
456.0,4.56,-0.8203,-0.5719,-0.8203,-0.5719
457.0,4.57,-0.8381,-0.5455,-0.8381,-0.5455
458.0,4.58,-0.8546,-0.5192,-0.8546,-0.5192
459.0,4.59,-0.87,-0.4931,-0.87,-0.4931
460.0,4.6,-0.8841,-0.4672,-0.8841,-0.4672
461.0,4.61,-0.8972,-0.4417,-0.8972,-0.4417
462.0,4.62,-0.9091,-0.4165,-0.9091,-0.4165
463.0,4.63,-0.9201,-0.3918,-0.9201,-0.3918
464.0,4.64,-0.93,-0.3675,-0.93,-0.3675
465.0,4.65,-0.939,-0.3438,-0.939,-0.3438
466.0,4.66,-0.9472,-0.3207,-0.9472,-0.3207
467.0,4.67,-0.9545,-0.2982,-0.9545,-0.2982
468.0,4.68,-0.9611,-0.2763,-0.9611,-0.2763
469.0,4.69,-0.9669,-0.2552,-0.9669,-0.2552
470.0,4.7,-0.9721,-0.2347,-0.9721,-0.2347
471.0,4.71,-0.9766,-0.2151,-0.9766,-0.2151
472.0,4.72,-0.9806,-0.1962,-0.9806,-0.1962
473.0,4.73,-0.984,-0.1781,-0.984,-0.1781
474.0,4.74,-0.987,-0.1609,-0.987,-0.1609
475.0,4.75,-0.9895,-0.1444,-0.9895,-0.1444
476.0,4.76,-0.9917,-0.1289,-0.9917,-0.1289
477.0,4.77,-0.9935,-0.1141,-0.9935,-0.1141
478.0,4.78,-0.995,-0.1003,-0.995,-0.1003
479.0,4.79,-0.9962,-0.0873,-0.9962,-0.0873
480.0,4.8,-0.9972,-0.0752,-0.9972,-0.0752
481.0,4.81,-0.9979,-0.064,-0.9979,-0.064
482.0,4.82,-0.9986,-0.0537,-0.9986,-0.0537
483.0,4.83,-0.999,-0.0443,-0.999,-0.0443
484.0,4.84,-0.9994,-0.0358,-0.9994,-0.0358
485.0,4.85,-0.9996,-0.0282,-0.9996,-0.0282
486.0,4.86,-0.9998,-0.0215,-0.9998,-0.0215
487.0,4.87,-0.9999,-0.0157,-0.9999,-0.0157
488.0,4.88,-0.9999,-0.0109,-0.9999,-0.0109
489.0,4.89,-1.0,-0.0069,-1.0,-0.0069
490.0,4.9,-1.0,-0.0038,-1.0,-0.0038
491.0,4.91,-1.0,-0.0016,-1.0,-0.0016
492.0,4.92,-1.0,-0.0004,-1.0,-0.0004
493.0,4.93,-1.0,-0.0,-1.0,-0.0
494.0,4.94,-1.0,-0.0005,-1.0,-0.0005
495.0,4.95,-1.0,-0.002,-1.0,-0.002
496.0,4.96,-1.0,-0.0044,-1.0,-0.0044
497.0,4.97,-1.0,-0.0076,-1.0,-0.0076
498.0,4.98,-0.9999,-0.0118,-0.9999,-0.0118
499.0,4.99,-0.9999,-0.0169,-0.9999,-0.0169
500.0,5.0,-0.9997,-0.0228,-0.9997,-0.0228

# ***** Velocities [m.s^-1] *****
#Frame,Time,Body_1_X,Body_1_Y,Body_1_Ux,Body_1_Uy
0.0,0.0,0.0,0.0,0.0,0.0
1.0,0.01,0.0,-0.0906,0.0,-0.0906
2.0,0.02,0.0003,-0.1811,0.0003,-0.1811
3.0,0.03,0.0011,-0.2717,0.0011,-0.2717
4.0,0.04,0.0026,-0.3622,0.0026,-0.3622
5.0,0.05,0.0051,-0.4527,0.0051,-0.4527
6.0,0.06,0.0089,-0.5433,0.0089,-0.5433
7.0,0.07,0.0141,-0.6337,0.0141,-0.6337
8.0,0.08,0.021,-0.7241,0.021,-0.7241
9.0,0.09,0.0299,-0.8144,0.0299,-0.8144
10.0,0.1,0.041,-0.9045,0.041,-0.9045
11.0,0.11,0.0545,-0.9943,0.0545,-0.9943
12.0,0.12,0.0708,-1.0839,0.0708,-1.0839
13.0,0.13,0.0899,-1.1731,0.0899,-1.1731
14.0,0.14,0.1122,-1.2618,0.1122,-1.2618
15.0,0.15,0.138,-1.3499,0.138,-1.3499
16.0,0.16,0.1673,-1.4373,0.1673,-1.4373
17.0,0.17,0.2004,-1.5237,0.2004,-1.5237
18.0,0.18,0.2376,-1.6091,0.2376,-1.6091
19.0,0.19,0.279,-1.6932,0.279,-1.6932
20.0,0.2,0.3248,-1.7757,0.3248,-1.7757
21.0,0.21,0.3752,-1.8566,0.3752,-1.8566
22.0,0.22,0.4304,-1.9354,0.4304,-1.9354
23.0,0.23,0.4904,-2.012,0.4904,-2.012
24.0,0.24,0.5554,-2.086,0.5554,-2.086
25.0,0.25,0.6255,-2.157,0.6255,-2.157
26.0,0.26,0.7007,-2.2248,0.7007,-2.2248
27.0,0.27,0.7812,-2.289,0.7812,-2.289
28.0,0.28,0.8668,-2.3491,0.8668,-2.3491
29.0,0.29,0.9576,-2.4049,0.9576,-2.4049
30.0,0.3,1.0536,-2.4557,1.0536,-2.4557
31.0,0.31,1.1545,-2.5014,1.1545,-2.5014
32.0,0.32,1.2602,-2.5413,1.2602,-2.5413
33.0,0.33,1.3707,-2.5751,1.3707,-2.5751
34.0,0.34,1.4855,-2.6023,1.4855,-2.6023
35.0,0.35,1.6045,-2.6225,1.6045,-2.6225
36.0,0.36,1.7273,-2.6353,1.7273,-2.6353
37.0,0.37,1.8535,-2.6402,1.8535,-2.6402
38.0,0.38,1.9826,-2.6369,1.9826,-2.6369
39.0,0.39,2.1143,-2.625,2.1143,-2.625
40.0,0.4,2.2479,-2.6041,2.2479,-2.6041
41.0,0.41,2.3828,-2.574,2.3828,-2.574
42.0,0.42,2.5185,-2.5344,2.5185,-2.5344
43.0,0.43,2.6543,-2.4851,2.6543,-2.4851
44.0,0.44,2.7893,-2.426,2.7893,-2.426
45.0,0.45,2.923,-2.3569,2.923,-2.3569
46.0,0.46,3.0546,-2.2778,3.0546,-2.2778
47.0,0.47,3.1832,-2.1888,3.1832,-2.1888
48.0,0.48,3.308,-2.0901,3.308,-2.0901
49.0,0.49,3.4282,-1.9817,3.4282,-1.9817
50.0,0.5,3.5431,-1.864,3.5431,-1.864
51.0,0.51,3.6519,-1.7374,3.6519,-1.7374
52.0,0.52,3.7537,-1.6023,3.7537,-1.6023
53.0,0.53,3.8478,-1.4591,3.8478,-1.4591
54.0,0.54,3.9336,-1.3086,3.9336,-1.3086
55.0,0.55,4.0103,-1.1513,4.0103,-1.1513
56.0,0.56,4.0775,-0.988,4.0775,-0.988
57.0,0.57,4.1345,-0.8194,4.1345,-0.8194
58.0,0.58,4.181,-0.6466,4.181,-0.6466
59.0,0.59,4.2165,-0.4702,4.2165,-0.4702
60.0,0.6,4.2407,-0.2913,4.2407,-0.2913
61.0,0.61,4.2536,-0.1108,4.2536,-0.1108
62.0,0.62,4.2549,0.0702,4.2549,0.0702
63.0,0.63,4.2446,0.2509,4.2446,0.2509
64.0,0.64,4.2229,0.4302,4.2229,0.4302
65.0,0.65,4.1899,0.6072,4.1899,0.6072
66.0,0.66,4.1459,0.781,4.1459,0.781
67.0,0.67,4.0912,0.9505,4.0912,0.9505
68.0,0.68,4.0263,1.1151,4.0263,1.1151
69.0,0.69,3.9516,1.2738,3.9516,1.2738
70.0,0.7,3.8678,1.4259,3.8678,1.4259
71.0,0.71,3.7755,1.5708,3.7755,1.5708
72.0,0.72,3.6754,1.7078,3.6754,1.7078
73.0,0.73,3.5681,1.8364,3.5681,1.8364
74.0,0.74,3.4545,1.9561,3.4545,1.9561
75.0,0.75,3.3354,2.0666,3.3354,2.0666
76.0,0.76,3.2115,2.1675,3.2115,2.1675
77.0,0.77,3.0837,2.2587,3.0837,2.2587
78.0,0.78,2.9528,2.34,2.9528,2.34
79.0,0.79,2.8195,2.4113,2.8195,2.4113
80.0,0.8,2.6847,2.4727,2.6847,2.4727
81.0,0.81,2.549,2.5242,2.549,2.5242
82.0,0.82,2.4132,2.566,2.4132,2.566
83.0,0.83,2.2781,2.5982,2.2781,2.5982
84.0,0.84,2.1441,2.6211,2.1441,2.6211
85.0,0.85,2.012,2.635,2.012,2.635
86.0,0.86,1.8822,2.6402,1.8822,2.6402
87.0,0.87,1.7553,2.6371,1.7553,2.6371
88.0,0.88,1.6317,2.6261,1.6317,2.6261
89.0,0.89,1.5119,2.6075,1.5119,2.6075
90.0,0.9,1.3961,2.5818,1.3961,2.5818
91.0,0.91,1.2846,2.5494,1.2846,2.5494
92.0,0.92,1.1778,2.5108,1.1778,2.5108
93.0,0.93,1.0758,2.4665,1.0758,2.4665
94.0,0.94,0.9787,2.4167,0.9787,2.4167
95.0,0.95,0.8868,2.362,0.8868,2.362
96.0,0.96,0.8,2.3029,0.8,2.3029
97.0,0.97,0.7184,2.2396,0.7184,2.2396
98.0,0.98,0.6419,2.1726,0.6419,2.1726
99.0,0.99,0.5707,2.1022,0.5707,2.1022
100.0,1.0,0.5045,2.0289,0.5045,2.0289
101.0,1.01,0.4434,1.9528,0.4434,1.9528
102.0,1.02,0.3872,1.8745,0.3872,1.8745
103.0,1.03,0.3357,1.7941,0.3357,1.7941
104.0,1.04,0.2889,1.7118,0.2889,1.7118
105.0,1.05,0.2465,1.6281,0.2465,1.6281
106.0,1.06,0.2084,1.543,0.2084,1.543
107.0,1.07,0.1744,1.4568,0.1744,1.4568
108.0,1.08,0.1442,1.3696,0.1442,1.3696
109.0,1.09,0.1177,1.2817,0.1177,1.2817
110.0,1.1,0.0947,1.1931,0.0947,1.1931
111.0,1.11,0.0748,1.104,0.0748,1.104
112.0,1.12,0.0579,1.0145,0.0579,1.0145
113.0,1.13,0.0438,0.9247,0.0438,0.9247
114.0,1.14,0.0322,0.8346,0.0322,0.8346
115.0,1.15,0.0228,0.7444,0.0228,0.7444
116.0,1.16,0.0155,0.654,0.0155,0.654
117.0,1.17,0.0099,0.5636,0.0099,0.5636
118.0,1.18,0.0058,0.4731,0.0058,0.4731
119.0,1.19,0.0031,0.3825,0.0031,0.3825
120.0,1.2,0.0014,0.292,0.0014,0.292
121.0,1.21,0.0005,0.2014,0.0005,0.2014
122.0,1.22,0.0001,0.1109,0.0001,0.1109
123.0,1.23,0.0,0.0203,0.0,0.0203
124.0,1.24,-0.0,-0.0702,-0.0,-0.0702
125.0,1.25,-0.0002,-0.1608,-0.0002,-0.1608
126.0,1.26,-0.0009,-0.2513,-0.0009,-0.2513
127.0,1.27,-0.0022,-0.3419,-0.0022,-0.3419
128.0,1.28,-0.0045,-0.4324,-0.0045,-0.4324
129.0,1.29,-0.0079,-0.5229,-0.0079,-0.5229
130.0,1.3,-0.0128,-0.6134,-0.0128,-0.6134
131.0,1.31,-0.0193,-0.7038,-0.0193,-0.7038
132.0,1.32,-0.0277,-0.7941,-0.0277,-0.7941
133.0,1.33,-0.0383,-0.8842,-0.0383,-0.8842
134.0,1.34,-0.0513,-0.9742,-0.0513,-0.9742
135.0,1.35,-0.0669,-1.0638,-0.0669,-1.0638
136.0,1.36,-0.0854,-1.1531,-0.0854,-1.1531
137.0,1.37,-0.1069,-1.2419,-0.1069,-1.2419
138.0,1.38,-0.1319,-1.3302,-0.1319,-1.3302
139.0,1.39,-0.1604,-1.4177,-0.1604,-1.4177
140.0,1.4,-0.1926,-1.5044,-0.1926,-1.5044
141.0,1.41,-0.2289,-1.59,-0.2289,-1.59
142.0,1.42,-0.2693,-1.6744,-0.2693,-1.6744
143.0,1.43,-0.3141,-1.7573,-0.3141,-1.7573
144.0,1.44,-0.3635,-1.8386,-0.3635,-1.8386
145.0,1.45,-0.4176,-1.9179,-0.4176,-1.9179
146.0,1.46,-0.4765,-1.995,-0.4765,-1.995
147.0,1.47,-0.5404,-2.0696,-0.5404,-2.0696
148.0,1.48,-0.6093,-2.1414,-0.6093,-2.1414
149.0,1.49,-0.6834,-2.2099,-0.6834,-2.2099
150.0,1.5,-0.7627,-2.2749,-0.7627,-2.2749
151.0,1.51,-0.8472,-2.336,-0.8472,-2.336
152.0,1.52,-0.9368,-2.3928,-0.9368,-2.3928
153.0,1.53,-1.0316,-2.4448,-1.0316,-2.4448
154.0,1.54,-1.1314,-2.4916,-1.1314,-2.4916
155.0,1.55,-1.2361,-2.5329,-1.2361,-2.5329
156.0,1.56,-1.3455,-2.5681,-1.3455,-2.5681
157.0,1.57,-1.4593,-2.5968,-1.4593,-2.5968
158.0,1.58,-1.5774,-2.6186,-1.5774,-2.6186
159.0,1.59,-1.6994,-2.6331,-1.6994,-2.6331
160.0,1.6,-1.8248,-2.6398,-1.8248,-2.6398
161.0,1.61,-1.9534,-2.6384,-1.9534,-2.6384
162.0,1.62,-2.0845,-2.6284,-2.0845,-2.6284
163.0,1.63,-2.2177,-2.6096,-2.2177,-2.6096
164.0,1.64,-2.3524,-2.5816,-2.3524,-2.5816
165.0,1.65,-2.488,-2.5442,-2.488,-2.5442
166.0,1.66,-2.6238,-2.4971,-2.6238,-2.4971
167.0,1.67,-2.7591,-2.4401,-2.7591,-2.4401
168.0,1.68,-2.8932,-2.3733,-2.8932,-2.3733
169.0,1.69,-3.0253,-2.2964,-3.0253,-2.2964
170.0,1.7,-3.1546,-2.2097,-3.1546,-2.2097
171.0,1.71,-3.2803,-2.1131,-3.2803,-2.1131
172.0,1.72,-3.4017,-2.0069,-3.4017,-2.0069
173.0,1.73,-3.5178,-1.8913,-3.5178,-1.8913
174.0,1.74,-3.628,-1.7666,-3.628,-1.7666
175.0,1.75,-3.7315,-1.6333,-3.7315,-1.6333
176.0,1.76,-3.8274,-1.4919,-3.8274,-1.4919
177.0,1.77,-3.9151,-1.343,-3.9151,-1.343
178.0,1.78,-3.9939,-1.1871,-3.9939,-1.1871
179.0,1.79,-4.0633,-1.0251,-4.0633,-1.0251
180.0,1.8,-4.1226,-0.8577,-4.1226,-0.8577
181.0,1.81,-4.1715,-0.6857,-4.1715,-0.6857
182.0,1.82,-4.2095,-0.5101,-4.2095,-0.5101
183.0,1.83,-4.2363,-0.3317,-4.2363,-0.3317
184.0,1.84,-4.2517,-0.1515,-4.2517,-0.1515
185.0,1.85,-4.2556,0.0296,-4.2556,0.0296
186.0,1.86,-4.2479,0.2104,-4.2479,0.2104
187.0,1.87,-4.2288,0.3901,-4.2288,0.3901
188.0,1.88,-4.1983,0.5677,-4.1983,0.5677
189.0,1.89,-4.1567,0.7423,-4.1567,0.7423
190.0,1.9,-4.1044,0.9129,-4.1044,0.9129
191.0,1.91,-4.0417,1.0786,-4.0417,1.0786
192.0,1.92,-3.9692,1.2387,-3.9692,1.2387
193.0,1.93,-3.8874,1.3924,-3.8874,1.3924
194.0,1.94,-3.7969,1.5389,-3.7969,1.5389
195.0,1.95,-3.6985,1.6778,-3.6985,1.6778
196.0,1.96,-3.5928,1.8083,-3.5928,1.8083
197.0,1.97,-3.4805,1.93,-3.4805,1.93
198.0,1.98,-3.3626,2.0426,-3.3626,2.0426
199.0,1.99,-3.2397,2.1457,-3.2397,2.1457
200.0,2.0,-3.1127,2.2391,-3.1127,2.2391
201.0,2.01,-2.9824,2.3226,-2.9824,2.3226
202.0,2.02,-2.8496,2.3962,-2.8496,2.3962
203.0,2.03,-2.715,2.4598,-2.715,2.4598
204.0,2.04,-2.5795,2.5135,-2.5795,2.5135
205.0,2.05,-2.4437,2.5574,-2.4437,2.5574
206.0,2.06,-2.3083,2.5918,-2.3083,2.5918
207.0,2.07,-2.174,2.6168,-2.174,2.6168
208.0,2.08,-2.0415,2.6327,-2.0415,2.6327
209.0,2.09,-1.9111,2.6398,-1.9111,2.6398
210.0,2.1,-1.7835,2.6385,-1.7835,2.6385
211.0,2.11,-1.6592,2.6292,-1.6592,2.6292
212.0,2.12,-1.5384,2.6123,-1.5384,2.6123
213.0,2.13,-1.4217,2.5882,-1.4217,2.5882
214.0,2.14,-1.3093,2.5573,-1.3093,2.5573
215.0,2.15,-1.2014,2.52,-1.2014,2.52
216.0,2.16,-1.0983,2.4769,-1.0983,2.4769
217.0,2.17,-1.0001,2.4283,-1.0001,2.4283
218.0,2.18,-0.907,2.3747,-0.907,2.3747
219.0,2.19,-0.819,2.3165,-0.819,2.3165
220.0,2.2,-0.7362,2.2541,-0.7362,2.2541
221.0,2.21,-0.6586,2.1879,-0.6586,2.1879
222.0,2.22,-0.5862,2.1183,-0.5862,2.1183
223.0,2.23,-0.519,2.0456,-0.519,2.0456
224.0,2.24,-0.4567,1.9701,-0.4567,1.9701
225.0,2.25,-0.3994,1.8923,-0.3994,1.8923
226.0,2.26,-0.3469,1.8123,-0.3469,1.8123
227.0,2.27,-0.299,1.7304,-0.299,1.7304
228.0,2.28,-0.2556,1.647,-0.2556,1.647
229.0,2.29,-0.2166,1.5622,-0.2166,1.5622
230.0,2.3,-0.1817,1.4762,-0.1817,1.4762
231.0,2.31,-0.1507,1.3892,-0.1507,1.3892
232.0,2.32,-0.1234,1.3015,-0.1234,1.3015
233.0,2.33,-0.0995,1.213,-0.0995,1.213
234.0,2.34,-0.079,1.124,-0.079,1.124
235.0,2.35,-0.0615,1.0346,-0.0615,1.0346
236.0,2.36,-0.0467,0.9448,-0.0467,0.9448
237.0,2.37,-0.0346,0.8548,-0.0346,0.8548
238.0,2.38,-0.0247,0.7646,-0.0247,0.7646
239.0,2.39,-0.0169,0.6743,-0.0169,0.6743
240.0,2.4,-0.011,0.5839,-0.011,0.5839
241.0,2.41,-0.0066,0.4934,-0.0066,0.4934
242.0,2.42,-0.0036,0.4029,-0.0036,0.4029
243.0,2.43,-0.0017,0.3123,-0.0017,0.3123
244.0,2.44,-0.0006,0.2218,-0.0006,0.2218
245.0,2.45,-0.0001,0.1312,-0.0001,0.1312
246.0,2.46,-0.0,0.0407,-0.0,0.0407
247.0,2.47,0.0,-0.0499,0.0,-0.0499
248.0,2.48,0.0002,-0.1404,0.0002,-0.1404
249.0,2.49,0.0007,-0.231,0.0007,-0.231
250.0,2.5,0.0018,-0.3216,0.0018,-0.3216
251.0,2.51,0.0039,-0.4121,0.0039,-0.4121
252.0,2.52,0.007,-0.5026,0.007,-0.5026
253.0,2.53,0.0115,-0.5931,0.0115,-0.5931
254.0,2.54,0.0176,-0.6835,0.0176,-0.6835
255.0,2.55,0.0256,-0.7738,0.0256,-0.7738
256.0,2.56,0.0357,-0.864,0.0357,-0.864
257.0,2.57,0.0481,-0.954,0.0481,-0.954
258.0,2.58,0.0631,-1.0437,0.0631,-1.0437
259.0,2.59,0.0809,-1.1331,0.0809,-1.1331
260.0,2.6,0.1018,-1.222,0.1018,-1.222
261.0,2.61,0.126,-1.3104,0.126,-1.3104
262.0,2.62,0.1536,-1.3981,0.1536,-1.3981
263.0,2.63,0.185,-1.485,0.185,-1.485
264.0,2.64,0.2204,-1.5709,0.2204,-1.5709
265.0,2.65,0.2599,-1.6556,0.2599,-1.6556
266.0,2.66,0.3037,-1.7389,0.3037,-1.7389
267.0,2.67,0.352,-1.8205,0.352,-1.8205
268.0,2.68,0.405,-1.9003,0.405,-1.9003
269.0,2.69,0.4628,-1.9779,0.4628,-1.9779
270.0,2.7,0.5256,-2.0531,0.5256,-2.0531
271.0,2.71,0.5934,-2.1255,0.5934,-2.1255
272.0,2.72,0.6663,-2.1948,0.6663,-2.1948
273.0,2.73,0.7444,-2.2607,0.7444,-2.2607
274.0,2.74,0.8277,-2.3227,0.8277,-2.3227
275.0,2.75,0.9162,-2.3804,0.9162,-2.3804
276.0,2.76,1.0099,-2.4335,1.0099,-2.4335
277.0,2.77,1.1085,-2.4816,1.1085,-2.4816
278.0,2.78,1.2121,-2.5241,1.2121,-2.5241
279.0,2.79,1.3205,-2.5607,1.3205,-2.5607
280.0,2.8,1.4334,-2.5909,1.4334,-2.5909
281.0,2.81,1.5506,-2.6143,1.5506,-2.6143
282.0,2.82,1.6717,-2.6305,1.6717,-2.6305
283.0,2.83,1.7964,-2.639,1.7964,-2.639
284.0,2.84,1.9243,-2.6395,1.9243,-2.6395
285.0,2.85,2.0549,-2.6314,2.0549,-2.6314
286.0,2.86,2.1877,-2.6146,2.1877,-2.6146
287.0,2.87,2.3221,-2.5887,2.3221,-2.5887
288.0,2.88,2.4575,-2.5534,2.4575,-2.5534
289.0,2.89,2.5933,-2.5085,2.5933,-2.5085
290.0,2.9,2.7288,-2.4538,2.7288,-2.4538
291.0,2.91,2.8632,-2.3891,2.8632,-2.3891
292.0,2.92,2.9958,-2.3146,2.9958,-2.3146
293.0,2.93,3.1258,-2.23,3.1258,-2.23
294.0,2.94,3.2525,-2.1356,3.2525,-2.1356
295.0,2.95,3.3749,-2.0316,3.3749,-2.0316
296.0,2.96,3.4923,-1.918,3.4923,-1.918
297.0,2.97,3.6039,-1.7954,3.6039,-1.7954
298.0,2.98,3.7089,-1.664,3.7089,-1.664
299.0,2.99,3.8065,-1.5243,3.8065,-1.5243
300.0,3.0,3.8961,-1.377,3.8961,-1.377
301.0,3.01,3.977,-1.2227,3.977,-1.2227
302.0,3.02,4.0486,-1.062,4.0486,-1.062
303.0,3.03,4.1102,-0.8957,4.1102,-0.8957
304.0,3.04,4.1615,-0.7247,4.1615,-0.7247
305.0,3.05,4.2019,-0.5498,4.2019,-0.5498
306.0,3.06,4.2312,-0.3719,4.2312,-0.3719
307.0,3.07,4.2492,-0.192,4.2492,-0.192
308.0,3.08,4.2557,-0.0111,4.2557,-0.0111
309.0,3.09,4.2507,0.1699,4.2507,0.1699
310.0,3.1,4.2341,0.3499,4.2341,0.3499
311.0,3.11,4.2061,0.5281,4.2061,0.5281
312.0,3.12,4.167,0.7034,4.167,0.7034
313.0,3.13,4.1171,0.875,4.1171,0.875
314.0,3.14,4.0567,1.0419,4.0567,1.0419
315.0,3.15,3.9863,1.2033,3.9863,1.2033
316.0,3.16,3.9065,1.3585,3.9065,1.3585
317.0,3.17,3.818,1.5067,3.818,1.5067
318.0,3.18,3.7212,1.6473,3.7212,1.6473
319.0,3.19,3.6171,1.7797,3.6171,1.7797
320.0,3.2,3.5063,1.9035,3.5063,1.9035
321.0,3.21,3.3895,2.0181,3.3895,2.0181
322.0,3.22,3.2677,2.1234,3.2677,2.1234
323.0,3.23,3.1416,2.219,3.1416,2.219
324.0,3.24,3.0119,2.3047,3.0119,2.3047
325.0,3.25,2.8796,2.3805,2.8796,2.3805
326.0,3.26,2.7454,2.4464,2.7454,2.4464
327.0,3.27,2.61,2.5023,2.61,2.5023
328.0,3.28,2.4742,2.5484,2.4742,2.5484
329.0,3.29,2.3387,2.5849,2.3387,2.5849
330.0,3.3,2.2041,2.6119,2.2041,2.6119
331.0,3.31,2.071,2.6299,2.071,2.6299
332.0,3.32,1.9402,2.6389,1.9402,2.6389
333.0,3.33,1.8119,2.6395,1.8119,2.6395
334.0,3.34,1.6868,2.632,1.6868,2.632
335.0,3.35,1.5652,2.6167,1.5652,2.6167
336.0,3.36,1.4475,2.5942,1.4475,2.5942
337.0,3.37,1.3341,2.5648,1.3341,2.5648
338.0,3.38,1.2252,2.5289,1.2252,2.5289
339.0,3.39,1.121,2.4871,1.121,2.4871
340.0,3.4,1.0217,2.4397,1.0217,2.4397
341.0,3.41,0.9274,2.3872,0.9274,2.3872
342.0,3.42,0.8383,2.33,0.8383,2.33
343.0,3.43,0.7544,2.2685,0.7544,2.2685
344.0,3.44,0.6756,2.2031,0.6756,2.2031
345.0,3.45,0.602,2.1342,0.602,2.1342
346.0,3.46,0.5336,2.0621,0.5336,2.0621
347.0,3.47,0.4702,1.9873,0.4702,1.9873
348.0,3.48,0.4118,1.9099,0.4118,1.9099
349.0,3.49,0.3582,1.8304,0.3582,1.8304
350.0,3.5,0.3094,1.749,0.3094,1.749
351.0,3.51,0.265,1.6659,0.265,1.6659
352.0,3.52,0.225,1.5813,0.225,1.5813
353.0,3.53,0.1892,1.4956,0.1892,1.4956
354.0,3.54,0.1573,1.4088,0.1573,1.4088
355.0,3.55,0.1292,1.3212,0.1292,1.3212
356.0,3.56,0.1046,1.2329,0.1046,1.2329
357.0,3.57,0.0833,1.144,0.0833,1.144
358.0,3.58,0.0652,1.0547,0.0652,1.0547
359.0,3.59,0.0498,0.965,0.0498,0.965
360.0,3.6,0.0371,0.8751,0.0371,0.8751
361.0,3.61,0.0267,0.7849,0.0267,0.7849
362.0,3.62,0.0185,0.6946,0.0185,0.6946
363.0,3.63,0.0122,0.6042,0.0122,0.6042
364.0,3.64,0.0075,0.5137,0.0075,0.5137
365.0,3.65,0.0042,0.4232,0.0042,0.4232
366.0,3.66,0.002,0.3327,0.002,0.3327
367.0,3.67,0.0008,0.2421,0.0008,0.2421
368.0,3.68,0.0002,0.1516,0.0002,0.1516
369.0,3.69,0.0,0.061,0.0,0.061
370.0,3.7,-0.0,-0.0296,-0.0,-0.0296
371.0,3.71,-0.0001,-0.1201,-0.0001,-0.1201
372.0,3.72,-0.0005,-0.2107,-0.0005,-0.2107
373.0,3.73,-0.0015,-0.3012,-0.0015,-0.3012
374.0,3.74,-0.0033,-0.3918,-0.0033,-0.3918
375.0,3.75,-0.0062,-0.4823,-0.0062,-0.4823
376.0,3.76,-0.0104,-0.5728,-0.0104,-0.5728
377.0,3.77,-0.0161,-0.6632,-0.0161,-0.6632
378.0,3.78,-0.0237,-0.7536,-0.0237,-0.7536
379.0,3.79,-0.0332,-0.8438,-0.0332,-0.8438
380.0,3.8,-0.0451,-0.9338,-0.0451,-0.9338
381.0,3.81,-0.0595,-1.0236,-0.0595,-1.0236
382.0,3.82,-0.0767,-1.1131,-0.0767,-1.1131
383.0,3.83,-0.0969,-1.2021,-0.0969,-1.2021
384.0,3.84,-0.1203,-1.2906,-0.1203,-1.2906
385.0,3.85,-0.1471,-1.3785,-0.1471,-1.3785
386.0,3.86,-0.1777,-1.4656,-0.1777,-1.4656
387.0,3.87,-0.2121,-1.5517,-0.2121,-1.5517
388.0,3.88,-0.2506,-1.6367,-0.2506,-1.6367
389.0,3.89,-0.2935,-1.7203,-0.2935,-1.7203
390.0,3.9,-0.3408,-1.8023,-0.3408,-1.8023
391.0,3.91,-0.3927,-1.8826,-0.3927,-1.8826
392.0,3.92,-0.4494,-1.9607,-0.4494,-1.9607
393.0,3.93,-0.511,-2.0365,-0.511,-2.0365
394.0,3.94,-0.5777,-2.1095,-0.5777,-2.1095
395.0,3.95,-0.6495,-2.1796,-0.6495,-2.1796
396.0,3.96,-0.7264,-2.2462,-0.7264,-2.2462
397.0,3.97,-0.8086,-2.3091,-0.8086,-2.3091
398.0,3.98,-0.8959,-2.3678,-0.8959,-2.3678
399.0,3.99,-0.9884,-2.422,-0.9884,-2.422
400.0,4.0,-1.086,-2.4712,-1.086,-2.4712
401.0,4.01,-1.1885,-2.5151,-1.1885,-2.5151
402.0,4.02,-1.2958,-2.553,-1.2958,-2.553
403.0,4.03,-1.4077,-2.5847,-1.4077,-2.5847
404.0,4.04,-1.5239,-2.6097,-1.5239,-2.6097
405.0,4.05,-1.6442,-2.6275,-1.6442,-2.6275
406.0,4.06,-1.7681,-2.6378,-1.7681,-2.6378
407.0,4.07,-1.8953,-2.6401,-1.8953,-2.6401
408.0,4.08,-2.0253,-2.634,-2.0253,-2.634
409.0,4.09,-2.1577,-2.6192,-2.1577,-2.6192
410.0,4.1,-2.2918,-2.5953,-2.2918,-2.5953
411.0,4.11,-2.4271,-2.5622,-2.4271,-2.5622
412.0,4.12,-2.5628,-2.5194,-2.5628,-2.5194
413.0,4.13,-2.6985,-2.4669,-2.6985,-2.4669
414.0,4.14,-2.8332,-2.4045,-2.8332,-2.4045
415.0,4.15,-2.9663,-2.3322,-2.9663,-2.3322
416.0,4.16,-3.0969,-2.2499,-3.0969,-2.2499
417.0,4.17,-3.2244,-2.1577,-3.2244,-2.1577
418.0,4.18,-3.3478,-2.0558,-3.3478,-2.0558
419.0,4.19,-3.4664,-1.9443,-3.4664,-1.9443
420.0,4.2,-3.5793,-1.8237,-3.5793,-1.8237
421.0,4.21,-3.6859,-1.6942,-3.6859,-1.6942
422.0,4.22,-3.7853,-1.5564,-3.7853,-1.5564
423.0,4.23,-3.8768,-1.4107,-3.8768,-1.4107
424.0,4.24,-3.9597,-1.2579,-3.9597,-1.2579
425.0,4.25,-4.0333,-1.0986,-4.0333,-1.0986
426.0,4.26,-4.0973,-0.9335,-4.0973,-0.9335
427.0,4.27,-4.1509,-0.7634,-4.1509,-0.7634
428.0,4.28,-4.1938,-0.5893,-4.1938,-0.5893
429.0,4.29,-4.2256,-0.412,-4.2256,-0.412
430.0,4.3,-4.2462,-0.2325,-4.2462,-0.2325
431.0,4.31,-4.2553,-0.0518,-4.2553,-0.0518
432.0,4.32,-4.2528,0.1293,-4.2528,0.1293
433.0,4.33,-4.2388,0.3096,-4.2388,0.3096
434.0,4.34,-4.2134,0.4883,-4.2134,0.4883
435.0,4.35,-4.1767,0.6643,-4.1767,0.6643
436.0,4.36,-4.1292,0.8368,-4.1292,0.8368
437.0,4.37,-4.0711,1.0049,-4.0711,1.0049
438.0,4.38,-4.0029,1.1676,-4.0029,1.1676
439.0,4.39,-3.9252,1.3242,-3.9252,1.3242
440.0,4.4,-3.8386,1.4741,-3.8386,1.4741
441.0,4.41,-3.7436,1.6164,-3.7436,1.6164
442.0,4.42,-3.6411,1.7507,-3.6411,1.7507
443.0,4.43,-3.5317,1.8765,-3.5317,1.8765
444.0,4.44,-3.4162,1.9932,-3.4162,1.9932
445.0,4.45,-3.2955,2.1006,-3.2955,2.1006
446.0,4.46,-3.1702,2.1984,-3.1702,2.1984
447.0,4.47,-3.0413,2.2863,-3.0413,2.2863
448.0,4.48,-2.9095,2.3644,-2.9095,2.3644
449.0,4.49,-2.7756,2.4325,-2.7756,2.4325
450.0,4.5,-2.6404,2.4906,-2.6404,2.4906
451.0,4.51,-2.5047,2.5389,-2.5047,2.5389
452.0,4.52,-2.369,2.5775,-2.369,2.5775
453.0,4.53,-2.2342,2.6067,-2.2342,2.6067
454.0,4.54,-2.1007,2.6266,-2.1007,2.6266
455.0,4.55,-1.9693,2.6376,-1.9693,2.6376
456.0,4.56,-1.8404,2.6401,-1.8404,2.6401
457.0,4.57,-1.7146,2.6344,-1.7146,2.6344
458.0,4.58,-1.5922,2.6208,-1.5922,2.6208
459.0,4.59,-1.4736,2.5999,-1.4736,2.5999
460.0,4.6,-1.3592,2.5719,-1.3592,2.5719
461.0,4.61,-1.2492,2.5375,-1.2492,2.5375
462.0,4.62,-1.144,2.497,-1.144,2.497
463.0,4.63,-1.0435,2.4508,-1.0435,2.4508
464.0,4.64,-0.9481,2.3994,-0.9481,2.3994
465.0,4.65,-0.8579,2.3432,-0.8579,2.3432
466.0,4.66,-0.7728,2.2826,-0.7728,2.2826
467.0,4.67,-0.6928,2.2181,-0.6928,2.2181
468.0,4.68,-0.6181,2.1499,-0.6181,2.1499
469.0,4.69,-0.5485,2.0786,-0.5485,2.0786
470.0,4.7,-0.484,2.0043,-0.484,2.0043
471.0,4.71,-0.4245,1.9275,-0.4245,1.9275
472.0,4.72,-0.3699,1.8484,-0.3699,1.8484
473.0,4.73,-0.3199,1.7674,-0.3199,1.7674
474.0,4.74,-0.2746,1.6847,-0.2746,1.6847
475.0,4.75,-0.2336,1.6004,-0.2336,1.6004
476.0,4.76,-0.1969,1.5149,-0.1969,1.5149
477.0,4.77,-0.1641,1.4284,-0.1641,1.4284
478.0,4.78,-0.1352,1.341,-0.1352,1.341
479.0,4.79,-0.1098,1.2528,-0.1098,1.2528
480.0,4.8,-0.0878,1.164,-0.0878,1.164
481.0,4.81,-0.069,1.0748,-0.069,1.0748
482.0,4.82,-0.053,0.9852,-0.053,0.9852
483.0,4.83,-0.0397,0.8953,-0.0397,0.8953
484.0,4.84,-0.0289,0.8052,-0.0289,0.8052
485.0,4.85,-0.0202,0.7149,-0.0202,0.7149
486.0,4.86,-0.0135,0.6245,-0.0135,0.6245
487.0,4.87,-0.0084,0.534,-0.0084,0.534
488.0,4.88,-0.0048,0.4435,-0.0048,0.4435
489.0,4.89,-0.0024,0.353,-0.0024,0.353
490.0,4.9,-0.001,0.2624,-0.001,0.2624
491.0,4.91,-0.0003,0.1719,-0.0003,0.1719
492.0,4.92,-0.0,0.0813,-0.0,0.0813
493.0,4.93,0.0,-0.0092,0.0,-0.0092
494.0,4.94,0.0001,-0.0998,0.0001,-0.0998
495.0,4.95,0.0004,-0.1903,0.0004,-0.1903
496.0,4.96,0.0012,-0.2809,0.0012,-0.2809
497.0,4.97,0.0028,-0.3714,0.0028,-0.3714
498.0,4.98,0.0054,-0.462,0.0054,-0.462
499.0,4.99,0.0093,-0.5525,0.0093,-0.5525
500.0,5.0,0.0147,-0.6429,0.0147,-0.6429

# ***** Angles [deg] *****
#Frame,Time,Body_1_Abs_Angle
0.0,0.0,180.0
1.0,0.01,-179.9741
2.0,0.02,-179.8962
3.0,0.03,-179.7665
4.0,0.04,-179.5849
5.0,0.05,-179.3514
6.0,0.06,-179.0661
7.0,0.07,-178.7288
8.0,0.08,-178.3397
9.0,0.09,-177.8987
10.0,0.1,-177.4059
11.0,0.11,-176.8613
12.0,0.12,-176.2648
13.0,0.13,-175.6166
14.0,0.14,-174.9166
15.0,0.15,-174.1649
16.0,0.16,-173.3617
17.0,0.17,-172.5069
18.0,0.18,-171.6006
19.0,0.19,-170.6431
20.0,0.2,-169.6343
21.0,0.21,-168.5745
22.0,0.22,-167.4639
23.0,0.23,-166.3026
24.0,0.24,-165.0909
25.0,0.25,-163.829
26.0,0.26,-162.5173
27.0,0.27,-161.1562
28.0,0.28,-159.7459
29.0,0.29,-158.287
30.0,0.3,-156.7799
31.0,0.31,-155.2251
32.0,0.32,-153.6232
33.0,0.33,-151.9748
34.0,0.34,-150.2806
35.0,0.35,-148.5413
36.0,0.36,-146.7578
37.0,0.37,-144.931
38.0,0.38,-143.0616
39.0,0.39,-141.1508
40.0,0.4,-139.1996
41.0,0.41,-137.2091
42.0,0.42,-135.1806
43.0,0.43,-133.1152
44.0,0.44,-131.0144
45.0,0.45,-128.8795
46.0,0.46,-126.7121
47.0,0.47,-124.5137
48.0,0.48,-122.2859
49.0,0.49,-120.0304
50.0,0.5,-117.7489
51.0,0.51,-115.4432
52.0,0.52,-113.1153
53.0,0.53,-110.767
54.0,0.54,-108.4003
55.0,0.55,-106.0173
56.0,0.56,-103.6199
57.0,0.57,-101.2103
58.0,0.58,-98.7907
59.0,0.59,-96.3631
60.0,0.6,-93.9297
61.0,0.61,-91.4928
62.0,0.62,-89.0546
63.0,0.63,-86.6172
64.0,0.64,-84.1828
65.0,0.65,-81.7537
66.0,0.66,-79.3321
67.0,0.67,-76.9201
68.0,0.68,-74.5198
69.0,0.69,-72.1333
70.0,0.7,-69.7628
71.0,0.71,-67.4102
72.0,0.72,-65.0775
73.0,0.73,-62.7667
74.0,0.74,-60.4797
75.0,0.75,-58.2181
76.0,0.76,-55.984
77.0,0.77,-53.7788
78.0,0.78,-51.6043
79.0,0.79,-49.462
80.0,0.8,-47.3534
81.0,0.81,-45.28
82.0,0.82,-43.2431
83.0,0.83,-41.2439
84.0,0.84,-39.2838
85.0,0.85,-37.3638
86.0,0.86,-35.4851
87.0,0.87,-33.6486
88.0,0.88,-31.8553
89.0,0.89,-30.106
90.0,0.9,-28.4016
91.0,0.91,-26.7429
92.0,0.92,-25.1305
93.0,0.93,-23.5651
94.0,0.94,-22.0472
95.0,0.95,-20.5774
96.0,0.96,-19.1562
97.0,0.97,-17.784
98.0,0.98,-16.4612
99.0,0.99,-15.1881
100.0,1.0,-13.9651
101.0,1.01,-12.7925
102.0,1.02,-11.6704
103.0,1.03,-10.5992
104.0,1.04,-9.579
105.0,1.05,-8.6099
106.0,1.06,-7.6921
107.0,1.07,-6.8257
108.0,1.08,-6.0109
109.0,1.09,-5.2477
110.0,1.1,-4.5361
111.0,1.11,-3.8762
112.0,1.12,-3.2681
113.0,1.13,-2.7118
114.0,1.14,-2.2074
115.0,1.15,-1.7548
116.0,1.16,-1.354
117.0,1.17,-1.0051
118.0,1.18,-0.7081
119.0,1.19,-0.463
120.0,1.2,-0.2697
121.0,1.21,-0.1284
122.0,1.22,-0.0389
123.0,1.23,-0.0013
124.0,1.24,-0.0156
125.0,1.25,-0.0818
126.0,1.26,-0.1998
127.0,1.27,-0.3698
128.0,1.28,-0.5916
129.0,1.29,-0.8653
130.0,1.3,-1.1909
131.0,1.31,-1.5684
132.0,1.32,-1.9977
133.0,1.33,-2.4789
134.0,1.34,-3.0119
135.0,1.35,-3.5967
136.0,1.36,-4.2334
137.0,1.37,-4.9217
138.0,1.38,-5.6618
139.0,1.39,-6.4535
140.0,1.4,-7.2967
141.0,1.41,-8.1914
142.0,1.42,-9.1374
143.0,1.43,-10.1347
144.0,1.44,-11.1831
145.0,1.45,-12.2823
146.0,1.46,-13.4323
147.0,1.47,-14.6327
148.0,1.48,-15.8833
149.0,1.49,-17.1838
150.0,1.5,-18.5339
151.0,1.51,-19.9331
152.0,1.52,-21.3812
153.0,1.53,-22.8775
154.0,1.54,-24.4217
155.0,1.55,-26.0131
156.0,1.56,-27.6511
157.0,1.57,-29.3351
158.0,1.58,-31.0642
159.0,1.59,-32.8379
160.0,1.6,-34.6551
161.0,1.61,-36.515
162.0,1.62,-38.4166
163.0,1.63,-40.3588
164.0,1.64,-42.3406
165.0,1.65,-44.3607
166.0,1.66,-46.4179
167.0,1.67,-48.5109
168.0,1.68,-50.6382
169.0,1.69,-52.7985
170.0,1.7,-54.9901
171.0,1.71,-57.2114
172.0,1.72,-59.4609
173.0,1.73,-61.7367
174.0,1.74,-64.0371
175.0,1.75,-66.3602
176.0,1.76,-68.704
177.0,1.77,-71.0668
178.0,1.78,-73.4463
179.0,1.79,-75.8407
180.0,1.8,-78.2477
181.0,1.81,-80.6653
182.0,1.82,-83.0913
183.0,1.83,-85.5236
184.0,1.84,-87.9599
185.0,1.85,-90.398
186.0,1.86,-92.8358
187.0,1.87,-95.271
188.0,1.88,-97.7014
189.0,1.89,-100.1249
190.0,1.9,-102.5393
191.0,1.91,-104.9424
192.0,1.92,-107.3322
193.0,1.93,-109.7065
194.0,1.94,-112.0633
195.0,1.95,-114.4006
196.0,1.96,-116.7165
197.0,1.97,-119.009
198.0,1.98,-121.2764
199.0,1.99,-123.5169
200.0,2.0,-125.7287
201.0,2.01,-127.9103
202.0,2.02,-130.0599
203.0,2.03,-132.1762
204.0,2.04,-134.2576
205.0,2.05,-136.3029
206.0,2.06,-138.3106
207.0,2.07,-140.2796
208.0,2.08,-142.2087
209.0,2.09,-144.0968
210.0,2.1,-145.9428
211.0,2.11,-147.7459
212.0,2.12,-149.5051
213.0,2.13,-151.2197
214.0,2.14,-152.8887
215.0,2.15,-154.5116
216.0,2.16,-156.0876
217.0,2.17,-157.6162
218.0,2.18,-159.0968
219.0,2.19,-160.529
220.0,2.2,-161.9123
221.0,2.21,-163.2462
222.0,2.22,-164.5305
223.0,2.23,-165.7647
224.0,2.24,-166.9487
225.0,2.25,-168.0821
226.0,2.26,-169.1648
227.0,2.27,-170.1965
228.0,2.28,-171.177
229.0,2.29,-172.1063
230.0,2.3,-172.9842
231.0,2.31,-173.8107
232.0,2.32,-174.5855
233.0,2.33,-175.3087
234.0,2.34,-175.9802
235.0,2.35,-176.5999
236.0,2.36,-177.1678
237.0,2.37,-177.6839
238.0,2.38,-178.1482
239.0,2.39,-178.5606
240.0,2.4,-178.9211
241.0,2.41,-179.2298
242.0,2.42,-179.4865
243.0,2.43,-179.6914
244.0,2.44,-179.8444
245.0,2.45,-179.9456
246.0,2.46,-179.9948
247.0,2.47,-179.9922
248.0,2.48,-179.9376
249.0,2.49,-179.8312
250.0,2.5,-179.6729
251.0,2.51,-179.4627
252.0,2.52,-179.2007
253.0,2.53,-178.8867
254.0,2.54,-178.5209
255.0,2.55,-178.1032
256.0,2.56,-177.6337
257.0,2.57,-177.1123
258.0,2.58,-176.5391
259.0,2.59,-175.9141
260.0,2.6,-175.2373
261.0,2.61,-174.5089
262.0,2.62,-173.7288
263.0,2.63,-172.8971
264.0,2.64,-172.014
265.0,2.65,-171.0794
266.0,2.66,-170.0936
267.0,2.67,-169.0567
268.0,2.68,-167.9689
269.0,2.69,-166.8303
270.0,2.7,-165.6412
271.0,2.71,-164.4019
272.0,2.72,-163.1125
273.0,2.73,-161.7735
274.0,2.74,-160.3853
275.0,2.75,-158.9482
276.0,2.76,-157.4626
277.0,2.77,-155.9291
278.0,2.78,-154.3483
279.0,2.79,-152.7207
280.0,2.8,-151.047
281.0,2.81,-149.3279
282.0,2.82,-147.5642
283.0,2.83,-145.7566
284.0,2.84,-143.9062
285.0,2.85,-142.0139
286.0,2.86,-140.0807
287.0,2.87,-138.1077
288.0,2.88,-136.0961
289.0,2.89,-134.0471
290.0,2.9,-131.9621
291.0,2.91,-129.8423
292.0,2.92,-127.6893
293.0,2.93,-125.5046
294.0,2.94,-123.2898
295.0,2.95,-121.0465
296.0,2.96,-118.7765
297.0,2.97,-116.4815
298.0,2.98,-114.1633
299.0,2.99,-111.8239
300.0,3.0,-109.4652
301.0,3.01,-107.0893
302.0,3.02,-104.6981
303.0,3.03,-102.2937
304.0,3.04,-99.8783
305.0,3.05,-97.454
306.0,3.06,-95.023
307.0,3.07,-92.5874
308.0,3.08,-90.1495
309.0,3.09,-87.7114
310.0,3.1,-85.2754
311.0,3.11,-82.8437
312.0,3.12,-80.4185
313.0,3.13,-78.0019
314.0,3.14,-75.596
315.0,3.15,-73.2031
316.0,3.16,-70.8252
317.0,3.17,-68.4643
318.0,3.18,-66.1224
319.0,3.19,-63.8015
320.0,3.2,-61.5036
321.0,3.21,-59.2304
322.0,3.22,-56.9837
323.0,3.23,-54.7653
324.0,3.24,-52.5768
325.0,3.25,-50.4199
326.0,3.26,-48.296
327.0,3.27,-46.2066
328.0,3.28,-44.1531
329.0,3.29,-42.1369
330.0,3.3,-40.1591
331.0,3.31,-38.2209
332.0,3.32,-36.3235
333.0,3.33,-34.468
334.0,3.34,-32.6551
335.0,3.35,-30.886
336.0,3.36,-29.1614
337.0,3.37,-27.4821
338.0,3.38,-25.8488
339.0,3.39,-24.2622
340.0,3.4,-22.7229
341.0,3.41,-21.2314
342.0,3.42,-19.7883
343.0,3.43,-18.3941
344.0,3.44,-17.049
345.0,3.45,-15.7536
346.0,3.46,-14.5081
347.0,3.47,-13.3128
348.0,3.48,-12.168
349.0,3.49,-11.0739
350.0,3.5,-10.0308
351.0,3.51,-9.0387
352.0,3.52,-8.0979
353.0,3.53,-7.2084
354.0,3.54,-6.3704
355.0,3.55,-5.584
356.0,3.56,-4.8492
357.0,3.57,-4.1661
358.0,3.58,-3.5348
359.0,3.59,-2.9552
360.0,3.6,-2.4275
361.0,3.61,-1.9516
362.0,3.62,-1.5275
363.0,3.63,-1.1554
364.0,3.64,-0.8351
365.0,3.65,-0.5666
366.0,3.66,-0.3501
367.0,3.67,-0.1854
368.0,3.68,-0.0727
369.0,3.69,-0.0118
370.0,3.7,-0.0028
371.0,3.71,-0.0456
372.0,3.72,-0.1404
373.0,3.73,-0.2871
374.0,3.74,-0.4856
375.0,3.75,-0.736
376.0,3.76,-1.0383
377.0,3.77,-1.3925
378.0,3.78,-1.7985
379.0,3.79,-2.2564
380.0,3.8,-2.7662
381.0,3.81,-3.3277
382.0,3.82,-3.9411
383.0,3.83,-4.6062
384.0,3.84,-5.3231
385.0,3.85,-6.0916
386.0,3.86,-6.9117
387.0,3.87,-7.7833
388.0,3.88,-8.7063
389.0,3.89,-9.6806
390.0,3.9,-10.706
391.0,3.91,-11.7825
392.0,3.92,-12.9097
393.0,3.93,-14.0875
394.0,3.94,-15.3156
395.0,3.95,-16.5937
396.0,3.96,-17.9216
397.0,3.97,-19.2988
398.0,3.98,-20.725
399.0,3.99,-22.1997
400.0,4.0,-23.7225
401.0,4.01,-25.2927
402.0,4.02,-26.9099
403.0,4.03,-28.5733
404.0,4.04,-30.2823
405.0,4.05,-32.036
406.0,4.06,-33.8338
407.0,4.07,-35.6746
408.0,4.08,-37.5576
409.0,4.09,-39.4818
410.0,4.1,-41.4459
411.0,4.11,-43.449
412.0,4.12,-45.4897
413.0,4.13,-47.5668
414.0,4.14,-49.6788
415.0,4.15,-51.8245
416.0,4.16,-54.0022
417.0,4.17,-56.2104
418.0,4.18,-58.4474
419.0,4.19,-60.7116
420.0,4.2,-63.0012
421.0,4.21,-65.3143
422.0,4.22,-67.6491
423.0,4.23,-70.0036
424.0,4.24,-72.3759
425.0,4.25,-74.7638
426.0,4.26,-77.1654
427.0,4.27,-79.5786
428.0,4.28,-82.001
429.0,4.29,-84.4308
430.0,4.3,-86.8655
431.0,4.31,-89.3031
432.0,4.32,-91.7413
433.0,4.33,-94.178
434.0,4.34,-96.6108
435.0,4.35,-99.0377
436.0,4.36,-101.4565
437.0,4.37,-103.8649
438.0,4.38,-106.2609
439.0,4.39,-108.6424
440.0,4.4,-111.0073
441.0,4.41,-113.3536
442.0,4.42,-115.6793
443.0,4.43,-117.9826
444.0,4.44,-120.2615
445.0,4.45,-122.5143
446.0,4.46,-124.7392
447.0,4.47,-126.9345
448.0,4.48,-129.0987
449.0,4.49,-131.2301
450.0,4.5,-133.3274
451.0,4.51,-135.3891
452.0,4.52,-137.4138
453.0,4.53,-139.4003
454.0,4.54,-141.3475
455.0,4.55,-143.2541
456.0,4.56,-145.1192
457.0,4.57,-146.9417
458.0,4.58,-148.7207
459.0,4.59,-150.4554
460.0,4.6,-152.1449
461.0,4.61,-153.7886
462.0,4.62,-155.3857
463.0,4.63,-156.9357
464.0,4.64,-158.438
465.0,4.65,-159.8919
466.0,4.66,-161.2972
467.0,4.67,-162.6533
468.0,4.68,-163.9599
469.0,4.69,-165.2167
470.0,4.7,-166.4233
471.0,4.71,-167.5794
472.0,4.72,-168.6849
473.0,4.73,-169.7395
474.0,4.74,-170.743
475.0,4.75,-171.6954
476.0,4.76,-172.5964
477.0,4.77,-173.4459
478.0,4.78,-174.244
479.0,4.79,-174.9903
480.0,4.8,-175.685
481.0,4.81,-176.328
482.0,4.82,-176.9192
483.0,4.83,-177.4586
484.0,4.84,-177.9461
485.0,4.85,-178.3818
486.0,4.86,-178.7656
487.0,4.87,-179.0976
488.0,4.88,-179.3777
489.0,4.89,-179.6058
490.0,4.9,-179.7822
491.0,4.91,-179.9066
492.0,4.92,-179.9791
493.0,4.93,-179.9998
494.0,4.94,-179.9685
495.0,4.95,-179.8854
496.0,4.96,-179.7504
497.0,4.97,-179.5635
498.0,4.98,-179.3248
499.0,4.99,-179.0341
500.0,5.0,-178.6916

# ***** Angles Velocities [deg.s^-1] *****
#Frame,Time,Body_1_Abs_Angle
0.0,0.0,-692.1539
1.0,0.01,-103.8712
2.0,0.02,27.9499
3.0,0.03,-7.3057
4.0,0.04,2.2068
5.0,0.05,-0.2763
6.0,0.06,0.4548
7.0,0.07,0.3247
8.0,0.08,0.4254
9.0,0.09,0.4641
10.0,0.1,0.5195
11.0,0.11,0.5704
12.0,0.12,0.6224
13.0,0.13,0.6741
14.0,0.14,0.7258
15.0,0.15,0.7775
16.0,0.16,0.829
17.0,0.17,0.8805
18.0,0.18,0.9319
19.0,0.19,0.9832
20.0,0.2,1.0343
21.0,0.21,1.0853
22.0,0.22,1.136
23.0,0.23,1.1865
24.0,0.24,1.2368
25.0,0.25,1.2868
26.0,0.26,1.3365
27.0,0.27,1.3858
28.0,0.28,1.4347
29.0,0.29,1.4831
30.0,0.3,1.5311
31.0,0.31,1.5785
32.0,0.32,1.6253
33.0,0.33,1.6714
34.0,0.34,1.7168
35.0,0.35,1.7615
36.0,0.36,1.8053
37.0,0.37,1.8483
38.0,0.38,1.8902
39.0,0.39,1.9312
40.0,0.4,1.971
41.0,0.41,2.0097
42.0,0.42,2.0472
43.0,0.43,2.0833
44.0,0.44,2.1181
45.0,0.45,2.1514
46.0,0.46,2.1832
47.0,0.47,2.2134
48.0,0.48,2.242
49.0,0.49,2.2688
50.0,0.5,2.2939
51.0,0.51,2.3171
52.0,0.52,2.3384
53.0,0.53,2.3578
54.0,0.54,2.3752
55.0,0.55,2.3906
56.0,0.56,2.4038
57.0,0.57,2.415
58.0,0.58,2.424
59.0,0.59,2.4308
60.0,0.6,2.4355
61.0,0.61,2.4379
62.0,0.62,2.4382
63.0,0.63,2.4362
64.0,0.64,2.4321
65.0,0.65,2.4257
66.0,0.66,2.4172
67.0,0.67,2.4065
68.0,0.68,2.3937
69.0,0.69,2.3788
70.0,0.7,2.3619
71.0,0.71,2.343
72.0,0.72,2.3221
73.0,0.73,2.2992
74.0,0.74,2.2746
75.0,0.75,2.2481
76.0,0.76,2.22
77.0,0.77,2.1901
78.0,0.78,2.1587
79.0,0.79,2.1257
80.0,0.8,2.0912
81.0,0.81,2.0554
82.0,0.82,2.0182
83.0,0.83,1.9798
84.0,0.84,1.9402
85.0,0.85,1.8995
86.0,0.86,1.8578
87.0,0.87,1.8151
88.0,0.88,1.7714
89.0,0.89,1.7269
90.0,0.9,1.6817
91.0,0.91,1.6357
92.0,0.92,1.589
93.0,0.93,1.5418
94.0,0.94,1.4939
95.0,0.95,1.4456
96.0,0.96,1.3968
97.0,0.97,1.3476
98.0,0.98,1.298
99.0,0.99,1.2481
100.0,1.0,1.1979
101.0,1.01,1.1474
102.0,1.02,1.0967
103.0,1.03,1.0458
104.0,1.04,0.9947
105.0,1.05,0.9434
106.0,1.06,0.8921
107.0,1.07,0.8406
108.0,1.08,0.7891
109.0,1.09,0.7374
110.0,1.1,0.6857
111.0,1.11,0.634
112.0,1.12,0.5822
113.0,1.13,0.5304
114.0,1.14,0.4785
115.0,1.15,0.4267
116.0,1.16,0.3748
117.0,1.17,0.323
118.0,1.18,0.2711
119.0,1.19,0.2192
120.0,1.2,0.1673
121.0,1.21,0.1154
122.0,1.22,0.0635
123.0,1.23,0.0116
124.0,1.24,-0.0402
125.0,1.25,-0.0921
126.0,1.26,-0.144
127.0,1.27,-0.1959
128.0,1.28,-0.2478
129.0,1.29,-0.2997
130.0,1.3,-0.3515
131.0,1.31,-0.4034
132.0,1.32,-0.4553
133.0,1.33,-0.5071
134.0,1.34,-0.5589
135.0,1.35,-0.6107
136.0,1.36,-0.6625
137.0,1.37,-0.7142
138.0,1.38,-0.7659
139.0,1.39,-0.8175
140.0,1.4,-0.869
141.0,1.41,-0.9204
142.0,1.42,-0.9717
143.0,1.43,-1.0228
144.0,1.44,-1.0738
145.0,1.45,-1.1246
146.0,1.46,-1.1752
147.0,1.47,-1.2256
148.0,1.48,-1.2756
149.0,1.49,-1.3254
150.0,1.5,-1.3747
151.0,1.51,-1.4237
152.0,1.52,-1.4723
153.0,1.53,-1.5203
154.0,1.54,-1.5679
155.0,1.55,-1.6148
156.0,1.56,-1.6611
157.0,1.57,-1.7067
158.0,1.58,-1.7516
159.0,1.59,-1.7956
160.0,1.6,-1.8387
161.0,1.61,-1.8809
162.0,1.62,-1.9221
163.0,1.63,-1.9622
164.0,1.64,-2.0011
165.0,1.65,-2.0389
166.0,1.66,-2.0753
167.0,1.67,-2.1104
168.0,1.68,-2.144
169.0,1.69,-2.1762
170.0,1.7,-2.2068
171.0,1.71,-2.2357
172.0,1.72,-2.2629
173.0,1.73,-2.2884
174.0,1.74,-2.312
175.0,1.75,-2.3338
176.0,1.76,-2.3536
177.0,1.77,-2.3715
178.0,1.78,-2.3873
179.0,1.79,-2.401
180.0,1.8,-2.4127
181.0,1.81,-2.4222
182.0,1.82,-2.4295
183.0,1.83,-2.4346
184.0,1.84,-2.4376
185.0,1.85,-2.4383
186.0,1.86,-2.4369
187.0,1.87,-2.4332
188.0,1.88,-2.4273
189.0,1.89,-2.4193
190.0,1.9,-2.4091
191.0,1.91,-2.3968
192.0,1.92,-2.3824
193.0,1.93,-2.3659
194.0,1.94,-2.3474
195.0,1.95,-2.3269
196.0,1.96,-2.3045
197.0,1.97,-2.2803
198.0,1.98,-2.2542
199.0,1.99,-2.2264
200.0,2.0,-2.1969
201.0,2.01,-2.1659
202.0,2.02,-2.1332
203.0,2.03,-2.0991
204.0,2.04,-2.0636
205.0,2.05,-2.0267
206.0,2.06,-1.9886
207.0,2.07,-1.9492
208.0,2.08,-1.9088
209.0,2.09,-1.8672
210.0,2.1,-1.8247
211.0,2.11,-1.7813
212.0,2.12,-1.737
213.0,2.13,-1.6919
214.0,2.14,-1.6461
215.0,2.15,-1.5996
216.0,2.16,-1.5524
217.0,2.17,-1.5047
218.0,2.18,-1.4565
219.0,2.19,-1.4078
220.0,2.2,-1.3587
221.0,2.21,-1.3092
222.0,2.22,-1.2593
223.0,2.23,-1.2092
224.0,2.24,-1.1587
225.0,2.25,-1.1081
226.0,2.26,-1.0572
227.0,2.27,-1.0062
228.0,2.28,-0.955
229.0,2.29,-0.9036
230.0,2.3,-0.8522
231.0,2.31,-0.8006
232.0,2.32,-0.749
233.0,2.33,-0.6973
234.0,2.34,-0.6456
235.0,2.35,-0.5938
236.0,2.36,-0.542
237.0,2.37,-0.4902
238.0,2.38,-0.4383
239.0,2.39,-0.3865
240.0,2.4,-0.3346
241.0,2.41,-0.2827
242.0,2.42,-0.2308
243.0,2.43,-0.179
244.0,2.44,-0.1271
245.0,2.45,-0.0752
246.0,2.46,-0.0233
247.0,2.47,0.0286
248.0,2.48,0.0805
249.0,2.49,0.1324
250.0,2.5,0.1842
251.0,2.51,0.2361
252.0,2.52,0.288
253.0,2.53,0.3399
254.0,2.54,0.3918
255.0,2.55,0.4436
256.0,2.56,0.4955
257.0,2.57,0.5473
258.0,2.58,0.5991
259.0,2.59,0.6509
260.0,2.6,0.7026
261.0,2.61,0.7543
262.0,2.62,0.8059
263.0,2.63,0.8574
264.0,2.64,0.9089
265.0,2.65,0.9602
266.0,2.66,1.0114
267.0,2.67,1.0624
268.0,2.68,1.1132
269.0,2.69,1.1639
270.0,2.7,1.2143
271.0,2.71,1.2644
272.0,2.72,1.3142
273.0,2.73,1.3637
274.0,2.74,1.4128
275.0,2.75,1.4614
276.0,2.76,1.5096
277.0,2.77,1.5572
278.0,2.78,1.6043
279.0,2.79,1.6508
280.0,2.8,1.6965
281.0,2.81,1.7416
282.0,2.82,1.7858
283.0,2.83,1.8291
284.0,2.84,1.8715
285.0,2.85,1.9129
286.0,2.86,1.9533
287.0,2.87,1.9925
288.0,2.88,2.0305
289.0,2.89,2.0672
290.0,2.9,2.1026
291.0,2.91,2.1366
292.0,2.92,2.1691
293.0,2.93,2.2
294.0,2.94,2.2293
295.0,2.95,2.257
296.0,2.96,2.2828
297.0,2.97,2.3069
298.0,2.98,2.3291
299.0,2.99,2.3494
300.0,3.0,2.3677
301.0,3.01,2.3839
302.0,3.02,2.3981
303.0,3.03,2.4102
304.0,3.04,2.4202
305.0,3.05,2.428
306.0,3.06,2.4337
307.0,3.07,2.4371
308.0,3.08,2.4384
309.0,3.09,2.4374
310.0,3.1,2.4342
311.0,3.11,2.4288
312.0,3.12,2.4213
313.0,3.13,2.4116
314.0,3.14,2.3997
315.0,3.15,2.3858
316.0,3.16,2.3698
317.0,3.17,2.3517
318.0,3.18,2.3317
319.0,3.19,2.3097
320.0,3.2,2.2859
321.0,3.21,2.2602
322.0,3.22,2.2328
323.0,3.23,2.2037
324.0,3.24,2.173
325.0,3.25,2.1407
326.0,3.26,2.1069
327.0,3.27,2.0717
328.0,3.28,2.0351
329.0,3.29,1.9972
330.0,3.3,1.9582
331.0,3.31,1.9179
332.0,3.32,1.8767
333.0,3.33,1.8344
334.0,3.34,1.7911
335.0,3.35,1.747
336.0,3.36,1.7021
337.0,3.37,1.6564
338.0,3.38,1.6101
339.0,3.39,1.563
340.0,3.4,1.5155
341.0,3.41,1.4673
342.0,3.42,1.4188
343.0,3.43,1.3697
344.0,3.44,1.3203
345.0,3.45,1.2705
346.0,3.46,1.2204
347.0,3.47,1.1701
348.0,3.48,1.1195
349.0,3.49,1.0686
350.0,3.5,1.0176
351.0,3.51,0.9665
352.0,3.52,0.9152
353.0,3.53,0.8637
354.0,3.54,0.8122
355.0,3.55,0.7606
356.0,3.56,0.7089
357.0,3.57,0.6572
358.0,3.58,0.6055
359.0,3.59,0.5537
360.0,3.6,0.5018
361.0,3.61,0.45
362.0,3.62,0.3981
363.0,3.63,0.3462
364.0,3.64,0.2944
365.0,3.65,0.2425
366.0,3.66,0.1906
367.0,3.67,0.1387
368.0,3.68,0.0868
369.0,3.69,0.0349
370.0,3.7,-0.0169
371.0,3.71,-0.0688
372.0,3.72,-0.1207
373.0,3.73,-0.1726
374.0,3.74,-0.2245
375.0,3.75,-0.2764
376.0,3.76,-0.3282
377.0,3.77,-0.3801
378.0,3.78,-0.432
379.0,3.79,-0.4838
380.0,3.8,-0.5357
381.0,3.81,-0.5875
382.0,3.82,-0.6393
383.0,3.83,-0.691
384.0,3.84,-0.7427
385.0,3.85,-0.7943
386.0,3.86,-0.8459
387.0,3.87,-0.8973
388.0,3.88,-0.9487
389.0,3.89,-0.9999
390.0,3.9,-1.051
391.0,3.91,-1.1018
392.0,3.92,-1.1525
393.0,3.93,-1.203
394.0,3.94,-1.2532
395.0,3.95,-1.3031
396.0,3.96,-1.3526
397.0,3.97,-1.4018
398.0,3.98,-1.4505
399.0,3.99,-1.4988
400.0,4.0,-1.5466
401.0,4.01,-1.5938
402.0,4.02,-1.6404
403.0,4.03,-1.6863
404.0,4.04,-1.7315
405.0,4.05,-1.7759
406.0,4.06,-1.8195
407.0,4.07,-1.8621
408.0,4.08,-1.9037
409.0,4.09,-1.9443
410.0,4.1,-1.9838
411.0,4.11,-2.0221
412.0,4.12,-2.0591
413.0,4.13,-2.0948
414.0,4.14,-2.1291
415.0,4.15,-2.1619
416.0,4.16,-2.1932
417.0,4.17,-2.2229
418.0,4.18,-2.2509
419.0,4.19,-2.2772
420.0,4.2,-2.3017
421.0,4.21,-2.3243
422.0,4.22,-2.345
423.0,4.23,-2.3637
424.0,4.24,-2.3804
425.0,4.25,-2.3951
426.0,4.26,-2.4077
427.0,4.27,-2.4182
428.0,4.28,-2.4265
429.0,4.29,-2.4326
430.0,4.3,-2.4365
431.0,4.31,-2.4383
432.0,4.32,-2.4378
433.0,4.33,-2.4351
434.0,4.34,-2.4302
435.0,4.35,-2.4232
436.0,4.36,-2.4139
437.0,4.37,-2.4026
438.0,4.38,-2.3891
439.0,4.39,-2.3735
440.0,4.4,-2.3559
441.0,4.41,-2.3363
442.0,4.42,-2.3148
443.0,4.43,-2.2914
444.0,4.44,-2.2661
445.0,4.45,-2.2391
446.0,4.46,-2.2104
447.0,4.47,-2.18
448.0,4.48,-2.1481
449.0,4.49,-2.1146
450.0,4.5,-2.0797
451.0,4.51,-2.0434
452.0,4.52,-2.0058
453.0,4.53,-1.967
454.0,4.54,-1.9271
455.0,4.55,-1.886
456.0,4.56,-1.8439
457.0,4.57,-1.8009
458.0,4.58,-1.757
459.0,4.59,-1.7122
460.0,4.6,-1.6667
461.0,4.61,-1.6205
462.0,4.62,-1.5737
463.0,4.63,-1.5262
464.0,4.64,-1.4782
465.0,4.65,-1.4297
466.0,4.66,-1.3808
467.0,4.67,-1.3314
468.0,4.68,-1.2817
469.0,4.69,-1.2317
470.0,4.7,-1.1814
471.0,4.71,-1.1308
472.0,4.72,-1.0801
473.0,4.73,-1.0291
474.0,4.74,-0.978
475.0,4.75,-0.9267
476.0,4.76,-0.8753
477.0,4.77,-0.8238
478.0,4.78,-0.7722
479.0,4.79,-0.7206
480.0,4.8,-0.6688
481.0,4.81,-0.6171
482.0,4.82,-0.5653
483.0,4.83,-0.5135
484.0,4.84,-0.4616
485.0,4.85,-0.4098
486.0,4.86,-0.3579
487.0,4.87,-0.306
488.0,4.88,-0.2541
489.0,4.89,-0.2023
490.0,4.9,-0.1504
491.0,4.91,-0.0985
492.0,4.92,-0.0466
493.0,4.93,0.0053
494.0,4.94,0.0572
495.0,4.95,0.1091
496.0,4.96,0.1609
497.0,4.97,0.2128
498.0,4.98,0.2647
499.0,4.99,0.3166
500.0,5.0,0.3685

# ***** Angles Accelerations [deg.s^-2] *****
#Frame,Time,Body_1_Abs_Angle
0.0,0.0,816.5136
1.0,0.01,360.0519
2.0,0.02,-96.4098
3.0,0.03,25.8987
4.0,0.04,-6.8738
5.0,0.05,1.9076
6.0,0.06,-0.4454
7.0,0.07,0.1851
8.0,0.08,0.0162
9.0,0.09,0.0614
10.0,0.1,0.0493
11.0,0.11,0.0525
12.0,0.12,0.0516
13.0,0.13,0.0518
14.0,0.14,0.0517
15.0,0.15,0.0516
16.0,0.16,0.0515
17.0,0.17,0.0514
18.0,0.18,0.0513
19.0,0.19,0.0512
20.0,0.2,0.051
21.0,0.21,0.0509
22.0,0.22,0.0507
23.0,0.23,0.0504
24.0,0.24,0.0501
25.0,0.25,0.0498
26.0,0.26,0.0495
27.0,0.27,0.0491
28.0,0.28,0.0487
29.0,0.29,0.0482
30.0,0.3,0.0477
31.0,0.31,0.0471
32.0,0.32,0.0465
33.0,0.33,0.0458
34.0,0.34,0.0451
35.0,0.35,0.0443
36.0,0.36,0.0434
37.0,0.37,0.0425
38.0,0.38,0.0415
39.0,0.39,0.0404
40.0,0.4,0.0393
41.0,0.41,0.0381
42.0,0.42,0.0368
43.0,0.43,0.0355
44.0,0.44,0.0341
45.0,0.45,0.0326
46.0,0.46,0.031
47.0,0.47,0.0294
48.0,0.48,0.0277
49.0,0.49,0.026
50.0,0.5,0.0242
51.0,0.51,0.0223
52.0,0.52,0.0204
53.0,0.53,0.0184
54.0,0.54,0.0164
55.0,0.55,0.0143
56.0,0.56,0.0122
57.0,0.57,0.0101
58.0,0.58,0.0079
59.0,0.59,0.0058
60.0,0.6,0.0036
61.0,0.61,0.0014
62.0,0.62,-0.0009
63.0,0.63,-0.0031
64.0,0.64,-0.0053
65.0,0.65,-0.0074
66.0,0.66,-0.0096
67.0,0.67,-0.0117
68.0,0.68,-0.0139
69.0,0.69,-0.0159
70.0,0.7,-0.018
71.0,0.71,-0.0199
72.0,0.72,-0.0219
73.0,0.73,-0.0237
74.0,0.74,-0.0256
75.0,0.75,-0.0273
76.0,0.76,-0.029
77.0,0.77,-0.0307
78.0,0.78,-0.0322
79.0,0.79,-0.0337
80.0,0.8,-0.0352
81.0,0.81,-0.0365
82.0,0.82,-0.0378
83.0,0.83,-0.039
84.0,0.84,-0.0402
85.0,0.85,-0.0412
86.0,0.86,-0.0423
87.0,0.87,-0.0432
88.0,0.88,-0.0441
89.0,0.89,-0.0449
90.0,0.9,-0.0456
91.0,0.91,-0.0463
92.0,0.92,-0.047
93.0,0.93,-0.0476
94.0,0.94,-0.0481
95.0,0.95,-0.0486
96.0,0.96,-0.049
97.0,0.97,-0.0494
98.0,0.98,-0.0498
99.0,0.99,-0.0501
100.0,1.0,-0.0504
101.0,1.01,-0.0506
102.0,1.02,-0.0508
103.0,1.03,-0.051
104.0,1.04,-0.0512
105.0,1.05,-0.0513
106.0,1.06,-0.0514
107.0,1.07,-0.0515
108.0,1.08,-0.0516
109.0,1.09,-0.0517
110.0,1.1,-0.0517
111.0,1.11,-0.0518
112.0,1.12,-0.0518
113.0,1.13,-0.0518
114.0,1.14,-0.0518
115.0,1.15,-0.0519
116.0,1.16,-0.0519
117.0,1.17,-0.0519
118.0,1.18,-0.0519
119.0,1.19,-0.0519
120.0,1.2,-0.0519
121.0,1.21,-0.0519
122.0,1.22,-0.0519
123.0,1.23,-0.0519
124.0,1.24,-0.0519
125.0,1.25,-0.0519
126.0,1.26,-0.0519
127.0,1.27,-0.0519
128.0,1.28,-0.0519
129.0,1.29,-0.0519
130.0,1.3,-0.0519
131.0,1.31,-0.0519
132.0,1.32,-0.0519
133.0,1.33,-0.0518
134.0,1.34,-0.0518
135.0,1.35,-0.0518
136.0,1.36,-0.0517
137.0,1.37,-0.0517
138.0,1.38,-0.0516
139.0,1.39,-0.0516
140.0,1.4,-0.0515
141.0,1.41,-0.0514
142.0,1.42,-0.0512
143.0,1.43,-0.0511
144.0,1.44,-0.0509
145.0,1.45,-0.0507
146.0,1.46,-0.0505
147.0,1.47,-0.0502
148.0,1.48,-0.0499
149.0,1.49,-0.0496
150.0,1.5,-0.0492
151.0,1.51,-0.0488
152.0,1.52,-0.0483
153.0,1.53,-0.0478
154.0,1.54,-0.0472
155.0,1.55,-0.0466
156.0,1.56,-0.046
157.0,1.57,-0.0452
158.0,1.58,-0.0444
159.0,1.59,-0.0436
160.0,1.6,-0.0427
161.0,1.61,-0.0417
162.0,1.62,-0.0407
163.0,1.63,-0.0395
164.0,1.64,-0.0384
165.0,1.65,-0.0371
166.0,1.66,-0.0358
167.0,1.67,-0.0344
168.0,1.68,-0.0329
169.0,1.69,-0.0314
170.0,1.7,-0.0298
171.0,1.71,-0.0281
172.0,1.72,-0.0264
173.0,1.73,-0.0246
174.0,1.74,-0.0227
175.0,1.75,-0.0208
176.0,1.76,-0.0188
177.0,1.77,-0.0168
178.0,1.78,-0.0148
179.0,1.79,-0.0127
180.0,1.8,-0.0106
181.0,1.81,-0.0084
182.0,1.82,-0.0062
183.0,1.83,-0.0041
184.0,1.84,-0.0018
185.0,1.85,0.0004
186.0,1.86,0.0026
187.0,1.87,0.0048
188.0,1.88,0.007
189.0,1.89,0.0091
190.0,1.9,0.0113
191.0,1.91,0.0134
192.0,1.92,0.0155
193.0,1.93,0.0175
194.0,1.94,0.0195
195.0,1.95,0.0214
196.0,1.96,0.0233
197.0,1.97,0.0252
198.0,1.98,0.0269
199.0,1.99,0.0287
200.0,2.0,0.0303
201.0,2.01,0.0319
202.0,2.02,0.0334
203.0,2.03,0.0348
204.0,2.04,0.0362
205.0,2.05,0.0375
206.0,2.06,0.0388
207.0,2.07,0.0399
208.0,2.08,0.041
209.0,2.09,0.042
210.0,2.1,0.043
211.0,2.11,0.0439
212.0,2.12,0.0447
213.0,2.13,0.0455
214.0,2.14,0.0462
215.0,2.15,0.0468
216.0,2.16,0.0474
217.0,2.17,0.048
218.0,2.18,0.0485
219.0,2.19,0.0489
220.0,2.2,0.0493
221.0,2.21,0.0497
222.0,2.22,0.05
223.0,2.23,0.0503
224.0,2.24,0.0505
225.0,2.25,0.0508
226.0,2.26,0.051
227.0,2.27,0.0511
228.0,2.28,0.0513
229.0,2.29,0.0514
230.0,2.3,0.0515
231.0,2.31,0.0516
232.0,2.32,0.0517
233.0,2.33,0.0517
234.0,2.34,0.0518
235.0,2.35,0.0518
236.0,2.36,0.0518
237.0,2.37,0.0518
238.0,2.38,0.0519
239.0,2.39,0.0519
240.0,2.4,0.0519
241.0,2.41,0.0519
242.0,2.42,0.0519
243.0,2.43,0.0519
244.0,2.44,0.0519
245.0,2.45,0.0519
246.0,2.46,0.0519
247.0,2.47,0.0519
248.0,2.48,0.0519
249.0,2.49,0.0519
250.0,2.5,0.0519
251.0,2.51,0.0519
252.0,2.52,0.0519
253.0,2.53,0.0519
254.0,2.54,0.0519
255.0,2.55,0.0519
256.0,2.56,0.0518
257.0,2.57,0.0518
258.0,2.58,0.0518
259.0,2.59,0.0518
260.0,2.6,0.0517
261.0,2.61,0.0516
262.0,2.62,0.0516
263.0,2.63,0.0515
264.0,2.64,0.0514
265.0,2.65,0.0513
266.0,2.66,0.0511
267.0,2.67,0.0509
268.0,2.68,0.0507
269.0,2.69,0.0505
270.0,2.7,0.0503
271.0,2.71,0.05
272.0,2.72,0.0497
273.0,2.73,0.0493
274.0,2.74,0.0489
275.0,2.75,0.0484
276.0,2.76,0.0479
277.0,2.77,0.0474
278.0,2.78,0.0468
279.0,2.79,0.0461
280.0,2.8,0.0454
281.0,2.81,0.0446
282.0,2.82,0.0438
283.0,2.83,0.0429
284.0,2.84,0.0419
285.0,2.85,0.0409
286.0,2.86,0.0398
287.0,2.87,0.0386
288.0,2.88,0.0374
289.0,2.89,0.0361
290.0,2.9,0.0347
291.0,2.91,0.0332
292.0,2.92,0.0317
293.0,2.93,0.0301
294.0,2.94,0.0285
295.0,2.95,0.0268
296.0,2.96,0.025
297.0,2.97,0.0231
298.0,2.98,0.0212
299.0,2.99,0.0193
300.0,3.0,0.0173
301.0,3.01,0.0153
302.0,3.02,0.0132
303.0,3.03,0.011
304.0,3.04,0.0089
305.0,3.05,0.0067
306.0,3.06,0.0045
307.0,3.07,0.0023
308.0,3.08,0.0001
309.0,3.09,-0.0021
310.0,3.1,-0.0043
311.0,3.11,-0.0065
312.0,3.12,-0.0086
313.0,3.13,-0.0108
314.0,3.14,-0.0129
315.0,3.15,-0.015
316.0,3.16,-0.017
317.0,3.17,-0.0191
318.0,3.18,-0.021
319.0,3.19,-0.0229
320.0,3.2,-0.0248
321.0,3.21,-0.0265
322.0,3.22,-0.0283
323.0,3.23,-0.0299
324.0,3.24,-0.0315
325.0,3.25,-0.0331
326.0,3.26,-0.0345
327.0,3.27,-0.0359
328.0,3.28,-0.0372
329.0,3.29,-0.0385
330.0,3.3,-0.0397
331.0,3.31,-0.0408
332.0,3.32,-0.0418
333.0,3.33,-0.0428
334.0,3.34,-0.0437
335.0,3.35,-0.0445
336.0,3.36,-0.0453
337.0,3.37,-0.046
338.0,3.38,-0.0467
339.0,3.39,-0.0473
340.0,3.4,-0.0479
341.0,3.41,-0.0484
342.0,3.42,-0.0488
343.0,3.43,-0.0492
344.0,3.44,-0.0496
345.0,3.45,-0.0499
346.0,3.46,-0.0502
347.0,3.47,-0.0505
348.0,3.48,-0.0507
349.0,3.49,-0.0509
350.0,3.5,-0.0511
351.0,3.51,-0.0512
352.0,3.52,-0.0514
353.0,3.53,-0.0515
354.0,3.54,-0.0516
355.0,3.55,-0.0516
356.0,3.56,-0.0517
357.0,3.57,-0.0517
358.0,3.58,-0.0518
359.0,3.59,-0.0518
360.0,3.6,-0.0518
361.0,3.61,-0.0519
362.0,3.62,-0.0519
363.0,3.63,-0.0519
364.0,3.64,-0.0519
365.0,3.65,-0.0519
366.0,3.66,-0.0519
367.0,3.67,-0.0519
368.0,3.68,-0.0519
369.0,3.69,-0.0519
370.0,3.7,-0.0519
371.0,3.71,-0.0519
372.0,3.72,-0.0519
373.0,3.73,-0.0519
374.0,3.74,-0.0519
375.0,3.75,-0.0519
376.0,3.76,-0.0519
377.0,3.77,-0.0519
378.0,3.78,-0.0519
379.0,3.79,-0.0518
380.0,3.8,-0.0518
381.0,3.81,-0.0518
382.0,3.82,-0.0518
383.0,3.83,-0.0517
384.0,3.84,-0.0517
385.0,3.85,-0.0516
386.0,3.86,-0.0515
387.0,3.87,-0.0514
388.0,3.88,-0.0513
389.0,3.89,-0.0511
390.0,3.9,-0.051
391.0,3.91,-0.0508
392.0,3.92,-0.0506
393.0,3.93,-0.0503
394.0,3.94,-0.05
395.0,3.95,-0.0497
396.0,3.96,-0.0494
397.0,3.97,-0.049
398.0,3.98,-0.0485
399.0,3.99,-0.048
400.0,4.0,-0.0475
401.0,4.01,-0.0469
402.0,4.02,-0.0463
403.0,4.03,-0.0456
404.0,4.04,-0.0448
405.0,4.05,-0.044
406.0,4.06,-0.0431
407.0,4.07,-0.0422
408.0,4.08,-0.0411
409.0,4.09,-0.0401
410.0,4.1,-0.0389
411.0,4.11,-0.0377
412.0,4.12,-0.0364
413.0,4.13,-0.035
414.0,4.14,-0.0336
415.0,4.15,-0.0321
416.0,4.16,-0.0305
417.0,4.17,-0.0289
418.0,4.18,-0.0272
419.0,4.19,-0.0254
420.0,4.2,-0.0236
421.0,4.21,-0.0217
422.0,4.22,-0.0197
423.0,4.23,-0.0177
424.0,4.24,-0.0157
425.0,4.25,-0.0136
426.0,4.26,-0.0115
427.0,4.27,-0.0094
428.0,4.28,-0.0072
429.0,4.29,-0.005
430.0,4.3,-0.0028
431.0,4.31,-0.0006
432.0,4.32,0.0016
433.0,4.33,0.0038
434.0,4.34,0.006
435.0,4.35,0.0082
436.0,4.36,0.0103
437.0,4.37,0.0124
438.0,4.38,0.0145
439.0,4.39,0.0166
440.0,4.4,0.0186
441.0,4.41,0.0206
442.0,4.42,0.0225
443.0,4.43,0.0243
444.0,4.44,0.0262
445.0,4.45,0.0279
446.0,4.46,0.0296
447.0,4.47,0.0312
448.0,4.48,0.0327
449.0,4.49,0.0342
450.0,4.5,0.0356
451.0,4.51,0.0369
452.0,4.52,0.0382
453.0,4.53,0.0394
454.0,4.54,0.0405
455.0,4.55,0.0416
456.0,4.56,0.0426
457.0,4.57,0.0435
458.0,4.58,0.0443
459.0,4.59,0.0451
460.0,4.6,0.0459
461.0,4.61,0.0466
462.0,4.62,0.0472
463.0,4.63,0.0477
464.0,4.64,0.0483
465.0,4.65,0.0487
466.0,4.66,0.0491
467.0,4.67,0.0495
468.0,4.68,0.0499
469.0,4.69,0.0502
470.0,4.7,0.0504
471.0,4.71,0.0507
472.0,4.72,0.0509
473.0,4.73,0.0511
474.0,4.74,0.0512
475.0,4.75,0.0513
476.0,4.76,0.0515
477.0,4.77,0.0515
478.0,4.78,0.0516
479.0,4.79,0.0517
480.0,4.8,0.0517
481.0,4.81,0.0518
482.0,4.82,0.0518
483.0,4.83,0.0518
484.0,4.84,0.0519
485.0,4.85,0.0519
486.0,4.86,0.0519
487.0,4.87,0.0519
488.0,4.88,0.0519
489.0,4.89,0.0519
490.0,4.9,0.0519
491.0,4.91,0.0519
492.0,4.92,0.0519
493.0,4.93,0.0519
494.0,4.94,0.0519
495.0,4.95,0.0519
496.0,4.96,0.0519
497.0,4.97,0.0519
498.0,4.98,0.0519
499.0,4.99,0.0519
500.0,5.0,0.0519

