# Model:
# Number_of_Rigid_Bodies:1
# Number_of_Frames:26
# Sampling_Frequency:100

# ***** Coordinates [m] *****
# Frame,Time,Body_1_X,Body_1_Y,Body_1_Ux,Body_1_Uy
0.0,0.0,1.0,0.0,0.7074,-0.7068
1.0,0.01,1.04,0.0,0.7074,-0.7068
2.0,0.02,1.08,0.0,0.7074,-0.7068
3.0,0.03,1.12,0.0,0.7074,-0.7068
4.0,0.04,1.16,0.0,0.7074,-0.7068
5.0,0.05,1.2,0.0,0.7074,-0.7068
6.0,0.06,1.24,0.0,0.7074,-0.7068
7.0,0.07,1.28,0.0,0.7074,-0.7068
8.0,0.08,1.32,0.0,0.7074,-0.7068
9.0,0.09,1.36,0.0,0.7074,-0.7068
10.0,0.1,1.4,0.0,0.7074,-0.7068
11.0,0.11,1.44,0.0,0.7074,-0.7068
12.0,0.12,1.48,0.0,0.7074,-0.7068
13.0,0.13,1.52,0.0,0.7074,-0.7068
14.0,0.14,1.56,0.0,0.7074,-0.7068
15.0,0.15,1.6,0.0,0.7074,-0.7068
16.0,0.16,1.64,0.0,0.7074,-0.7068
17.0,0.17,1.68,0.0,0.7074,-0.7068
18.0,0.18,1.72,0.0,0.7074,-0.7068
19.0,0.19,1.76,0.0,0.7074,-0.7068
20.0,0.2,1.8,0.0,0.7074,-0.7068
21.0,0.21,1.84,0.0,0.7074,-0.7068
22.0,0.22,1.88,0.0,0.7074,-0.7068
23.0,0.23,1.92,0.0,0.7074,-0.7068
24.0,0.24,1.96,0.0,0.7074,-0.7068
25.0,0.25,2.0,0.0,0.7074,-0.7068

# ***** Velocities [m.s^-1] *****
# Frame,Time,Body_1_X,Body_1_Y,Body_1_Ux,Body_1_Uy
0.0,0.0,4.0,0.0,-0.0,-0.0
1.0,0.01,4.0,0.0,-0.0,-0.0
2.0,0.02,4.0,0.0,-0.0,-0.0
3.0,0.03,4.0,0.0,-0.0,-0.0
4.0,0.04,4.0,0.0,-0.0,-0.0
5.0,0.05,4.0,0.0,-0.0,-0.0
6.0,0.06,4.0,0.0,-0.0,-0.0
7.0,0.07,4.0,0.0,-0.0,-0.0
8.0,0.08,4.0,0.0,-0.0,-0.0
9.0,0.09,4.0,0.0,-0.0,-0.0
10.0,0.1,4.0,0.0,-0.0,-0.0
11.0,0.11,4.0,0.0,-0.0,-0.0
12.0,0.12,4.0,0.0,-0.0,-0.0
13.0,0.13,4.0,0.0,-0.0,-0.0
14.0,0.14,4.0,0.0,0.0,0.0
15.0,0.15,4.0,0.0,0.0,0.0
16.0,0.16,4.0,0.0,0.0,0.0
17.0,0.17,4.0,0.0,0.0,0.0
18.0,0.18,4.0,0.0,0.0,0.0
19.0,0.19,4.0,0.0,0.0,0.0
20.0,0.2,4.0,0.0,0.0,0.0
21.0,0.21,4.0,0.0,0.0,0.0
22.0,0.22,4.0,0.0,0.0,0.0
23.0,0.23,4.0,0.0,0.0,0.0
24.0,0.24,4.0,0.0,0.0,0.0
25.0,0.25,4.0,0.0,0.0,0.0

# ***** Accelerations [m.s^-2] *****
# Frame,Time,Body_1_X,Body_1_Y,Body_1_Ux,Body_1_Uy
0.0,0.0,-0.0,0.0,-0.0,0.0
1.0,0.01,-0.0,0.0,-0.0,0.0
2.0,0.02,-0.0,0.0,-0.0,0.0
3.0,0.03,-0.0,0.0,-0.0,0.0
4.0,0.04,-0.0,0.0,-0.0,0.0
5.0,0.05,-0.0,0.0,-0.0,0.0
6.0,0.06,-0.0,0.0,-0.0,0.0
7.0,0.07,-0.0,0.0,-0.0,0.0
8.0,0.08,-0.0,0.0,-0.0,0.0
9.0,0.09,-0.0,0.0,-0.0,0.0
10.0,0.1,-0.0,0.0,-0.0,0.0
11.0,0.11,-0.0,0.0,-0.0,0.0
12.0,0.12,-0.0,0.0,-0.0,0.0
13.0,0.13,-0.0,0.0,-0.0,0.0
14.0,0.14,-0.0,0.0,-0.0,0.0
15.0,0.15,-0.0,0.0,-0.0,0.0
16.0,0.16,-0.0,0.0,-0.0,0.0
17.0,0.17,-0.0,0.0,-0.0,0.0
18.0,0.18,-0.0,0.0,-0.0,0.0
19.0,0.19,-0.0,0.0,-0.0,0.0
20.0,0.2,-0.0,0.0,-0.0,0.0
21.0,0.21,-0.0,0.0,-0.0,0.0
22.0,0.22,-0.0,0.0,-0.0,0.0
23.0,0.23,-0.0,0.0,-0.0,0.0
24.0,0.24,-0.0,0.0,-0.0,0.0
25.0,0.25,-0.0,0.0,-0.0,0.0

# ***** Angles [deg] *****
# Frame,Time,Body_1_Abs_Angle
0.0,0.0,-44.9772
1.0,0.01,-44.9772
2.0,0.02,-44.9772
3.0,0.03,-44.9772
4.0,0.04,-44.9772
5.0,0.05,-44.9772
6.0,0.06,-44.9772
7.0,0.07,-44.9772
8.0,0.08,-44.9772
9.0,0.09,-44.9772
10.0,0.1,-44.9772
11.0,0.11,-44.9772
12.0,0.12,-44.9772
13.0,0.13,-44.9772
14.0,0.14,-44.9772
15.0,0.15,-44.9772
16.0,0.16,-44.9772
17.0,0.17,-44.9772
18.0,0.18,-44.9772
19.0,0.19,-44.9772
20.0,0.2,-44.9772
21.0,0.21,-44.9772
22.0,0.22,-44.9772
23.0,0.23,-44.9772
24.0,0.24,-44.9772
25.0,0.25,-44.9772

# ***** Angles Velocities [deg.s^-1] *****
# Frame,Time,Body_1_Abs_Angle
0.0,0.0,-0.0
1.0,0.01,0.0
2.0,0.02,0.0
3.0,0.03,0.0
4.0,0.04,-0.0
5.0,0.05,0.0
6.0,0.06,0.0
7.0,0.07,-0.0
8.0,0.08,-0.0
9.0,0.09,-0.0
10.0,0.1,0.0
11.0,0.11,0.0
12.0,0.12,-0.0
13.0,0.13,0.0
14.0,0.14,-0.0
15.0,0.15,0.0
16.0,0.16,-0.0
17.0,0.17,0.0
18.0,0.18,-0.0
19.0,0.19,0.0
20.0,0.2,-0.0
21.0,0.21,0.0
22.0,0.22,-0.0
23.0,0.23,0.0
24.0,0.24,-0.0
25.0,0.25,-0.0

# ***** Angles Accelerations [deg.s^-2] *****
# Frame,Time,Body_1_Abs_Angle
0.0,0.0,0.0
1.0,0.01,0.0
2.0,0.02,-0.0
3.0,0.03,0.0
4.0,0.04,-0.0
5.0,0.05,0.0
6.0,0.06,-0.0
7.0,0.07,0.0
8.0,0.08,-0.0
9.0,0.09,0.0
10.0,0.1,-0.0
11.0,0.11,-0.0
12.0,0.12,0.0
13.0,0.13,-0.0
14.0,0.14,0.0
15.0,0.15,-0.0
16.0,0.16,0.0
17.0,0.17,-0.0
18.0,0.18,-0.0
19.0,0.19,0.0
20.0,0.2,-0.0
21.0,0.21,0.0
22.0,0.22,-0.0
23.0,0.23,0.0
24.0,0.24,-0.0
25.0,0.25,-0.0

