# Model:
# Number_of_Rigid_Bodies:12
# Number_of_Frames:21
# Sampling_Frequency:100

# ***** Coordinates [m] *****
# Frame,Time,Body_1_X,Body_1_Y,Body_1_Ux,Body_1_Uy,Body_2_X,Body_2_Y,Body_2_Ux,Body_2_Uy,Body_3_X,Body_3_Y,Body_3_Ux,Body_3_Uy,Body_4_X,Body_4_Y,Body_4_Ux,Body_4_Uy,Body_5_X,Body_5_Y,Body_5_Ux,Body_5_Uy,Body_6_X,Body_6_Y,Body_6_Ux,Body_6_Uy,Body_7_X,Body_7_Y,Body_7_Ux,Body_7_Uy,Body_8_X,Body_8_Y,Body_8_Ux,Body_8_Uy,Body_9_X,Body_9_Y,Body_9_Ux,Body_9_Uy,Body_10_X,Body_10_Y,Body_10_Ux,Body_10_Uy,Body_11_X,Body_11_Y,Body_11_Ux,Body_11_Uy,Body_12_X,Body_12_Y,Body_12_Ux,Body_12_Uy
0.0,0.0,-1.0232,0.9257,0.6529,0.6774,-1.3089,1.2784,0.9279,0.4021,-1.1618,1.0472,0.7469,0.6795,-1.1759,1.0421,0.816,0.5946,-0.971,0.8941,0.315,0.947,-1.0134,0.8656,0.544,0.8367,-0.777,0.7107,0.6262,0.792,-0.7558,0.7341,0.467,0.8952,-0.5087,0.4549,0.7736,0.6311,-0.5374,0.4814,0.9867,0.1519,-0.3237,0.3165,-0.4003,0.9167,-0.4484,0.2637,0.3274,0.9453
1.0,0.01,-1.0118,0.9265,0.6527,0.6776,-1.2981,1.2789,0.9265,0.4051,-1.1498,1.0484,0.7425,0.6843,-1.1654,1.0422,0.8207,0.5882,-0.9576,0.8983,0.2879,0.9556,-1.005,0.8633,0.5647,0.8229,-0.768,0.7085,0.6445,0.7771,-0.7429,0.7379,0.449,0.9043,-0.5035,0.4483,0.7768,0.6271,-0.5142,0.4906,0.9768,0.2064,-0.3193,0.3091,-0.3987,0.9174,-0.4131,0.2789,0.2633,0.9651
2.0,0.02,-1.0005,0.9271,0.6524,0.6779,-1.2874,1.2793,0.9251,0.4084,-1.138,1.0496,0.738,0.6891,-1.1551,1.0422,0.8251,0.582,-0.9444,0.9023,0.2606,0.9634,-0.9968,0.8611,0.5846,0.8089,-0.7591,0.7063,0.6622,0.7622,-0.7301,0.7416,0.4313,0.9129,-0.4984,0.442,0.7798,0.6234,-0.4913,0.5001,0.9638,0.2601,-0.3149,0.302,-0.3975,0.918,-0.3785,0.2951,0.1969,0.9808
3.0,0.03,-0.9892,0.9278,0.6521,0.6782,-1.2766,1.2796,0.9236,0.4119,-1.1261,1.0507,0.7334,0.694,-1.1446,1.0422,0.8293,0.5759,-0.9311,0.9064,0.2331,0.9704,-0.9884,0.8589,0.6034,0.795,-0.7502,0.7043,0.6791,0.7472,-0.7174,0.7451,0.4142,0.9208,-0.4933,0.4358,0.7829,0.6195,-0.4687,0.5098,0.9478,0.3136,-0.3105,0.2952,-0.3958,0.9187,-0.3445,0.3123,0.1289,0.992
4.0,0.04,-0.978,0.9281,0.6517,0.6786,-1.2661,1.2795,0.9219,0.4157,-1.1144,1.0515,0.7286,0.699,-1.1342,1.0419,0.8333,0.5701,-0.918,0.9102,0.2052,0.9767,-0.98,0.8566,0.6211,0.7812,-0.7413,0.7021,0.6951,0.7323,-0.7049,0.7482,0.3979,0.9279,-0.4882,0.4297,0.786,0.6155,-0.4464,0.5195,0.9283,0.3673,-0.3062,0.2883,-0.394,0.9195,-0.3111,0.3301,0.0598,0.9985
5.0,0.05,-0.9668,0.9282,0.6511,0.6791,-1.2556,1.2792,0.92,0.4198,-1.1027,1.0521,0.7235,0.7043,-1.1239,1.0413,0.837,0.5647,-0.9049,0.9139,0.1771,0.9822,-0.9716,0.8542,0.6371,0.7682,-0.7323,0.6998,0.7102,0.7176,-0.6926,0.751,0.3828,0.9343,-0.483,0.4238,0.7893,0.6113,-0.4244,0.5291,0.905,0.4215,-0.3019,0.2816,-0.3919,0.9204,-0.2781,0.3487,-0.0101,1.0003
6.0,0.06,-0.9557,0.928,0.6505,0.6797,-1.2454,1.2785,0.9179,0.4244,-1.091,1.0524,0.7183,0.7096,-1.1136,1.0405,0.8405,0.5596,-0.892,0.9172,0.1488,0.9869,-0.9631,0.8516,0.6518,0.7558,-0.7235,0.6975,0.7244,0.7034,-0.6805,0.7531,0.3693,0.9397,-0.4779,0.4179,0.7927,0.6069,-0.4028,0.5383,0.8775,0.476,-0.2976,0.2748,-0.3894,0.9214,-0.2458,0.3678,-0.0798,0.9971
7.0,0.07,-0.9445,0.9275,0.6498,0.6804,-1.2352,1.2774,0.9156,0.4293,-1.0794,1.0524,0.7128,0.7151,-1.1033,1.0393,0.8436,0.5549,-0.8791,0.9203,0.1205,0.9907,-0.9544,0.8489,0.6648,0.7444,-0.7144,0.6949,0.7376,0.6895,-0.6684,0.7547,0.3576,0.9442,-0.4725,0.4119,0.7963,0.6021,-0.3814,0.5474,0.8456,0.5307,-0.2931,0.2679,-0.3863,0.9227,-0.2139,0.3875,-0.1495,0.9891
8.0,0.08,-0.9333,0.9266,0.649,0.6811,-1.2249,1.276,0.9132,0.4343,-1.0677,1.052,0.7074,0.7205,-1.0929,1.0379,0.8465,0.5505,-0.8663,0.9231,0.0924,0.9938,-0.9456,0.8461,0.6764,0.7339,-0.7053,0.6922,0.75,0.6759,-0.6565,0.7556,0.3477,0.9479,-0.4671,0.406,0.8003,0.5968,-0.3604,0.5561,0.809,0.585,-0.2888,0.2609,-0.3827,0.9242,-0.1828,0.4078,-0.2183,0.9762
9.0,0.09,-0.9221,0.9255,0.6482,0.6819,-1.2148,1.2742,0.9108,0.4393,-1.0561,1.0513,0.7019,0.7258,-1.0825,1.0361,0.849,0.5465,-0.8536,0.9255,0.0648,0.9959,-0.9366,0.8432,0.6865,0.7244,-0.6961,0.6893,0.7617,0.6628,-0.6447,0.7559,0.3398,0.9507,-0.4616,0.3999,0.8046,0.5911,-0.3399,0.5644,0.7679,0.6379,-0.2844,0.2537,-0.3786,0.9259,-0.1528,0.4285,-0.2854,0.9588
10.0,0.1,-0.9109,0.9241,0.6474,0.6827,-1.2045,1.2722,0.9084,0.4442,-1.0445,1.0504,0.6966,0.731,-1.072,1.0342,0.8514,0.5428,-0.8409,0.9276,0.0379,0.9973,-0.9273,0.8402,0.6954,0.7159,-0.6868,0.6863,0.7726,0.65,-0.633,0.7558,0.3338,0.9529,-0.4561,0.3939,0.8093,0.5845,-0.3199,0.5724,0.7228,0.6886,-0.2801,0.2464,-0.3736,0.9279,-0.1241,0.4496,-0.3502,0.937
11.0,0.11,-0.8996,0.9225,0.6467,0.6834,-1.1941,1.27,0.9062,0.4488,-1.0328,1.0492,0.6914,0.7358,-1.0614,1.032,0.8535,0.5394,-0.8284,0.9293,0.0122,0.998,-0.9179,0.8371,0.7032,0.7082,-0.6774,0.6832,0.783,0.6374,-0.6213,0.755,0.3296,0.9544,-0.4505,0.3876,0.8147,0.577,-0.3007,0.5799,0.6746,0.736,-0.276,0.2387,-0.3678,0.9303,-0.097,0.4705,-0.4117,0.9117
12.0,0.12,-0.8881,0.9208,0.646,0.684,-1.1834,1.2678,0.9042,0.4528,-1.0209,1.0479,0.6865,0.7404,-1.0505,1.0298,0.8555,0.5363,-0.8157,0.9307,-0.0122,0.998,-0.908,0.834,0.71,0.7014,-0.6678,0.68,0.7928,0.6252,-0.6096,0.7538,0.327,0.9552,-0.4449,0.3814,0.8207,0.5684,-0.2822,0.5869,0.6246,0.7788,-0.272,0.2308,-0.3609,0.933,-0.0716,0.4911,-0.4688,0.8837
13.0,0.13,-0.8766,0.919,0.6455,0.6845,-1.1725,1.2656,0.9026,0.4561,-1.009,1.0465,0.6822,0.7443,-1.0395,1.0277,0.8573,0.5333,-0.8032,0.9318,-0.0345,0.9974,-0.898,0.8311,0.7162,0.6951,-0.6582,0.6767,0.8022,0.613,-0.5979,0.7523,0.3257,0.9557,-0.4394,0.3751,0.8275,0.5584,-0.2646,0.5934,0.5744,0.8165,-0.2684,0.2226,-0.3529,0.936,-0.0484,0.5108,-0.5209,0.854
14.0,0.14,-0.865,0.9171,0.6451,0.6848,-1.1613,1.2634,0.9013,0.4585,-0.997,1.0449,0.6784,0.7479,-1.0283,1.0254,0.8589,0.5308,-0.7906,0.9325,-0.0549,0.9965,-0.8876,0.8281,0.7214,0.6897,-0.6484,0.6734,0.8112,0.6011,-0.5862,0.7504,0.3255,0.9557,-0.434,0.3686,0.8352,0.5469,-0.248,0.599,0.5259,0.8486,-0.2652,0.214,-0.3437,0.9394,-0.0272,0.529,-0.5671,0.8241
15.0,0.15,-0.8532,0.9151,0.645,0.6849,-1.1498,1.2613,0.9006,0.46,-0.9849,1.0434,0.6752,0.7507,-1.0169,1.0232,0.8604,0.5284,-0.7781,0.9329,-0.0727,0.9954,-0.877,0.8254,0.726,0.6848,-0.6385,0.6701,0.8198,0.5894,-0.5744,0.7484,0.3261,0.9555,-0.4287,0.3622,0.8436,0.5338,-0.2323,0.6038,0.481,0.8748,-0.2624,0.2052,-0.3329,0.9433,-0.008,0.5452,-0.6066,0.7954
16.0,0.16,-0.8412,0.9133,0.6451,0.6848,-1.1377,1.2594,0.9005,0.4601,-0.9725,1.0419,0.6728,0.7529,-1.0051,1.0212,0.8618,0.526,-0.7655,0.933,-0.0877,0.9942,-0.8659,0.8228,0.7301,0.6805,-0.6284,0.6668,0.8281,0.5776,-0.5625,0.7464,0.3272,0.9552,-0.4235,0.3557,0.8529,0.5188,-0.2173,0.6075,0.4414,0.8954,-0.2601,0.196,-0.3206,0.9476,0.0095,0.5589,-0.6393,0.7694
17.0,0.17,-0.8289,0.9114,0.6455,0.6845,-1.1252,1.2578,0.901,0.4591,-0.96,1.0404,0.6712,0.7544,-0.993,1.0193,0.8631,0.5241,-0.7528,0.9327,-0.0998,0.993,-0.8544,0.8204,0.7337,0.6766,-0.6181,0.6637,0.8361,0.566,-0.5504,0.7443,0.3284,0.9548,-0.4183,0.3492,0.8629,0.5021,-0.2029,0.6101,0.4086,0.9109,-0.2581,0.1866,-0.3065,0.9522,0.0256,0.5696,-0.665,0.7473
18.0,0.18,-0.8165,0.9097,0.6461,0.6839,-1.1123,1.2565,0.9021,0.457,-0.9473,1.039,0.6704,0.755,-0.9806,1.0177,0.8642,0.5222,-0.7401,0.9322,-0.1089,0.9921,-0.8426,0.8184,0.7366,0.6734,-0.6077,0.6606,0.8438,0.5544,-0.5381,0.7422,0.3297,0.9543,-0.4133,0.3428,0.8736,0.4832,-0.1891,0.6116,0.384,0.9215,-0.2568,0.177,-0.29,0.9574,0.0405,0.5772,-0.6836,0.7303
19.0,0.19,-0.8038,0.9081,0.647,0.683,-1.0988,1.2554,0.9038,0.4536,-0.9343,1.0376,0.6705,0.7549,-0.9678,1.0162,0.8651,0.5206,-0.7271,0.9312,-0.1148,0.9914,-0.8303,0.8166,0.7391,0.6707,-0.597,0.6576,0.8513,0.5428,-0.5256,0.7402,0.3309,0.9539,-0.4084,0.3364,0.8849,0.4622,-0.1757,0.6118,0.3679,0.9281,-0.256,0.1672,-0.2709,0.963,0.0545,0.5814,-0.6954,0.7191
20.0,0.2,-0.7908,0.9066,0.6481,0.682,-1.0848,1.2545,0.906,0.4492,-0.9211,1.0363,0.6718,0.7538,-0.9547,1.015,0.866,0.5191,-0.7141,0.9299,-0.1173,0.9911,-0.8176,0.815,0.7411,0.6685,-0.586,0.6547,0.8586,0.5313,-0.5129,0.7384,0.3318,0.9536,-0.4036,0.3301,0.8966,0.439,-0.1625,0.6109,0.3606,0.9309,-0.2557,0.1571,-0.2486,0.969,0.0679,0.5821,-0.7002,0.7144

# ***** Velocities [m.s^-1] *****
# Frame,Time,Body_1_X,Body_1_Y,Body_1_Ux,Body_1_Uy,Body_2_X,Body_2_Y,Body_2_Ux,Body_2_Uy,Body_3_X,Body_3_Y,Body_3_Ux,Body_3_Uy,Body_4_X,Body_4_Y,Body_4_Ux,Body_4_Uy,Body_5_X,Body_5_Y,Body_5_Ux,Body_5_Uy,Body_6_X,Body_6_Y,Body_6_Ux,Body_6_Uy,Body_7_X,Body_7_Y,Body_7_Ux,Body_7_Uy,Body_8_X,Body_8_Y,Body_8_Ux,Body_8_Uy,Body_9_X,Body_9_Y,Body_9_Ux,Body_9_Uy,Body_10_X,Body_10_Y,Body_10_Ux,Body_10_Uy,Body_11_X,Body_11_Y,Body_11_Ux,Body_11_Uy,Body_12_X,Body_12_Y,Body_12_Ux,Body_12_Uy
0.0,0.0,1.1583,0.0953,0.0129,-0.0125,1.1234,0.0827,-0.1187,0.2739,1.2244,0.1559,-0.4264,0.4686,1.0721,0.0338,0.5187,-0.7118,1.3746,0.4386,-2.6842,0.8928,0.8469,-0.2176,2.1524,-1.3994,0.8988,-0.2325,2.0096,-1.5888,1.3164,0.4003,-1.8399,0.9597,0.4718,-0.7321,0.4623,-0.5667,2.3685,0.9312,-0.8484,5.5091,0.3627,-0.8501,0.3683,0.1608,3.6058,1.4919,-6.3083,2.1847
1.0,0.01,1.1324,0.0741,0.0177,-0.0171,1.0994,0.0631,-0.1184,0.2709,1.1983,0.1355,-0.42,0.4557,1.0469,0.0146,0.5153,-0.7188,1.3394,0.4161,-2.6709,0.8046,0.8168,-0.2329,2.1098,-1.4477,0.8685,-0.2436,1.9421,-1.6107,1.2808,0.3758,-1.8254,0.9064,0.4427,-0.7234,0.4283,-0.5305,2.3074,0.9489,-1.1447,5.4184,0.3396,-0.8309,0.3098,0.1347,3.5019,1.5839,-6.55,1.7867
2.0,0.02,1.14,0.077,0.0231,-0.0223,1.1077,0.0672,-0.123,0.2786,1.2072,0.1405,-0.422,0.452,1.0568,0.0208,0.5041,-0.7148,1.3415,0.422,-2.6779,0.7244,0.826,-0.2185,2.0278,-1.4655,0.8714,-0.2317,1.8812,-1.6343,1.2755,0.368,-1.7664,0.8346,0.4377,-0.7002,0.4382,-0.5482,2.2748,0.9737,-1.4417,5.342,0.3318,-0.8116,0.3417,0.1479,3.4269,1.6787,-6.7213,1.3492
3.0,0.03,1.1405,0.0617,0.0273,-0.0262,1.1073,0.0522,-0.1311,0.2939,1.2092,0.1275,-0.4288,0.4531,1.0597,0.0086,0.4905,-0.7063,1.3376,0.4115,-2.6955,0.6473,0.8304,-0.2208,1.9282,-1.4637,0.8695,-0.2362,1.8098,-1.6449,1.2618,0.3366,-1.6747,0.7533,0.4295,-0.6921,0.4539,-0.5737,2.2405,0.9712,-1.7612,5.3236,0.3193,-0.8093,0.3847,0.1657,3.3602,1.7469,-6.8299,0.8874
4.0,0.04,1.136,0.0354,0.0359,-0.0345,1.1051,0.0283,-0.1339,0.2969,1.2068,0.1043,-0.4303,0.4485,1.0589,-0.0132,0.478,-0.6987,1.3281,0.3885,-2.6954,0.5663,0.8331,-0.231,1.8042,-1.4344,0.8636,-0.2515,1.7323,-1.6445,1.2402,0.2862,-1.5394,0.6601,0.4188,-0.6941,0.4736,-0.6048,2.2003,0.9448,-2.111,5.3348,0.303,-0.8178,0.4267,0.1828,3.2929,1.7944,-6.8936,0.4127
5.0,0.05,1.1314,0.0141,0.0432,-0.0414,1.0995,0.0078,-0.1461,0.3201,1.204,0.0858,-0.4331,0.4449,1.0586,-0.0298,0.4606,-0.6827,1.3184,0.3702,-2.6907,0.4852,0.8395,-0.2342,1.6669,-1.3825,0.8601,-0.2602,1.6469,-1.6298,1.2176,0.2348,-1.3662,0.5598,0.4122,-0.6886,0.4986,-0.6438,2.1561,0.9129,-2.4855,5.3363,0.2895,-0.8205,0.4775,0.2033,3.2191,1.8367,-6.8827,-0.0695
6.0,0.06,1.132,-0.0165,0.0516,-0.0494,1.1011,-0.0211,-0.1537,0.3324,1.207,0.0585,-0.4367,0.442,1.0635,-0.0559,0.4467,-0.6709,1.3146,0.3426,-2.6791,0.4041,0.8505,-0.2482,1.5403,-1.3282,0.8619,-0.2795,1.5677,-1.6144,1.1996,0.1684,-1.1612,0.4564,0.4097,-0.696,0.5294,-0.6915,2.1152,0.8642,-2.8931,5.3338,0.2785,-0.8384,0.5465,0.2309,3.1481,1.8659,-6.8232,-0.5464
7.0,0.07,1.1416,-0.0446,0.0569,-0.0543,1.1115,-0.0481,-0.1586,0.3383,1.2173,0.0321,-0.436,0.4346,1.0775,-0.0796,0.4266,-0.6486,1.3172,0.3143,-2.6556,0.3229,0.8748,-0.2571,1.3912,-1.2425,0.8743,-0.2955,1.4878,-1.5916,1.1923,0.1044,-0.9514,0.3603,0.4182,-0.7007,0.5644,-0.7464,2.0836,0.8219,-3.3341,5.3121,0.2772,-0.8544,0.6174,0.2585,3.0827,1.9079,-6.7612,-1.0219
8.0,0.08,1.1377,-0.0764,0.0584,-0.0556,1.1074,-0.08,-0.1631,0.3429,1.2112,-0.0009,-0.4228,0.4151,1.0782,-0.1076,0.4005,-0.6159,1.3015,0.2748,-2.6025,0.2419,0.8882,-0.2695,1.2454,-1.1477,0.8754,-0.3142,1.4053,-1.5593,1.173,0.0362,-0.7349,0.2696,0.4181,-0.7066,0.5943,-0.7969,2.0292,0.7731,-3.7689,5.2117,0.2677,-0.8697,0.671,0.2779,2.9799,1.9365,-6.6075,-1.4776
9.0,0.09,1.1463,-0.0985,0.0629,-0.0598,1.1204,-0.0995,-0.1552,0.3217,1.2189,-0.023,-0.4114,0.3979,1.0918,-0.1253,0.3781,-0.5875,1.3002,0.2454,-2.5334,0.1649,0.913,-0.2742,1.1228,-1.0639,0.8873,-0.3257,1.335,-1.5342,1.1672,-0.0218,-0.5248,0.1876,0.424,-0.7102,0.6378,-0.8682,1.9763,0.7308,-4.1712,5.0211,0.2602,-0.8867,0.7448,0.3045,2.8626,1.9611,-6.389,-1.9017
10.0,0.1,1.1483,-0.1254,0.059,-0.056,1.1216,-0.1278,-0.1558,0.3187,1.2179,-0.0522,-0.4037,0.3847,1.0973,-0.15,0.3507,-0.55,1.2914,0.2087,-2.4546,0.0933,0.9318,-0.2848,0.9989,-0.9703,0.8967,-0.3391,1.256,-1.493,1.1586,-0.0784,-0.3431,0.1202,0.4308,-0.7133,0.6785,-0.9394,1.9126,0.6898,-4.532,4.7568,0.2535,-0.9023,0.8142,0.3278,2.7221,1.9759,-6.124,-2.2891
11.0,0.11,1.159,-0.1483,0.0551,-0.0521,1.1363,-0.1497,-0.1394,0.2815,1.2247,-0.0786,-0.3876,0.3642,1.1126,-0.1702,0.3183,-0.5037,1.2895,0.1707,-2.3411,0.0286,0.9629,-0.2898,0.8713,-0.8653,0.914,-0.35,1.1858,-1.4565,1.1595,-0.1302,-0.1658,0.0573,0.4409,-0.7178,0.7319,-1.0333,1.8404,0.6352,-4.7665,4.3689,0.2455,-0.9228,0.8971,0.3547,2.5536,1.9442,-5.7373,-2.5911
12.0,0.12,1.1689,-0.155,0.0442,-0.0417,1.1485,-0.1574,-0.1206,0.2409,1.2282,-0.0914,-0.3694,0.3425,1.1254,-0.1763,0.2844,-0.4536,1.285,0.1441,-2.2049,-0.0269,0.9909,-0.2821,0.7646,-0.774,0.9337,-0.3425,1.1097,-1.4073,1.1644,-0.1547,-0.0483,0.0165,0.4563,-0.7017,0.7798,-1.126,1.7671,0.6027,-4.8815,3.9153,0.2427,-0.9209,0.9694,0.375,2.3758,1.9076,-5.2986,-2.8113
13.0,0.13,1.1684,-0.1759,0.0304,-0.0286,1.1488,-0.1805,-0.1035,0.2049,1.2207,-0.1192,-0.3523,0.323,1.1289,-0.1963,0.2407,-0.3869,1.2707,0.1012,-2.0479,-0.0709,1.0135,-0.286,0.6502,-0.6699,0.9442,-0.3488,1.0342,-1.3534,1.1617,-0.1865,0.0315,-0.0107,0.4625,-0.6995,0.8267,-1.2251,1.6812,0.5485,-4.8485,3.4111,0.229,-0.9321,1.0327,0.3893,2.182,1.8156,-4.7971,-2.926
14.0,0.14,1.1777,-0.1891,0.0195,-0.0184,1.1629,-0.1932,-0.0748,0.1471,1.2226,-0.1398,-0.323,0.293,1.1439,-0.2072,0.1946,-0.315,1.265,0.061,-1.8629,-0.1026,1.0482,-0.2812,0.5435,-0.5684,0.9642,-0.3483,0.9623,-1.2986,1.1694,-0.2075,0.0903,-0.0308,0.475,-0.6924,0.8806,-1.3447,1.5996,0.4778,-4.6078,2.8556,0.2179,-0.9417,1.126,0.4119,1.9916,1.6595,-4.1972,-2.8881
15.0,0.15,1.1883,-0.1891,-0.0003,0.0003,1.1756,-0.1956,-0.0449,0.0878,1.2228,-0.1507,-0.2917,0.2624,1.1562,-0.2088,0.1545,-0.2516,1.2585,0.0286,-1.6551,-0.1209,1.0782,-0.2688,0.4478,-0.4747,0.9878,-0.3332,0.8901,-1.2382,1.1832,-0.204,0.09,-0.0307,0.492,-0.6695,0.9286,-1.4674,1.5308,0.4207,-4.2116,2.3156,0.2104,-0.9347,1.2258,0.4327,1.8247,1.485,-3.5794,-2.7295
16.0,0.16,1.209,-0.1947,-0.0182,0.0171,1.2014,-0.2018,-0.0066,0.0129,1.2344,-0.166,-0.264,0.2359,1.1813,-0.2143,0.1055,-0.1729,1.2652,-0.0091,-1.4294,-0.1261,1.1243,-0.2582,0.3447,-0.3699,1.0213,-0.3246,0.8211,-1.1774,1.2084,-0.202,0.0626,-0.0214,0.5187,-0.6526,0.9678,-1.591,1.4802,0.345,-3.6646,1.8065,0.2121,-0.9314,1.32,0.4465,1.6899,1.2604,-2.9427,-2.4451
17.0,0.17,1.2178,-0.1908,-0.0351,0.0331,1.2144,-0.1987,0.0275,-0.054,1.2326,-0.1735,-0.221,0.1966,1.1951,-0.2096,0.0552,-0.0909,1.2572,-0.0433,-1.1819,-0.1188,1.1595,-0.2378,0.2473,-0.2681,1.0434,-0.3066,0.7528,-1.112,1.2224,-0.1883,0.0216,-0.0074,0.5326,-0.6263,1.0067,-1.73,1.4245,0.2611,-2.9683,1.3316,0.1984,-0.9218,1.467,0.4722,1.5649,0.9962,-2.2813,-2.0301
18.0,0.18,1.2342,-0.1897,-0.0574,0.0542,1.2315,-0.2011,0.0553,-0.1093,1.2377,-0.1845,-0.1857,0.1649,1.2148,-0.2097,0.0052,-0.0087,1.2579,-0.0784,-0.9508,-0.1043,1.2014,-0.2215,0.1422,-0.1556,1.0729,-0.2919,0.6922,-1.0535,1.247,-0.17,-0.0585,0.0202,0.5505,-0.604,1.0402,-1.8808,1.3919,0.18,-2.2038,0.9183,0.1864,-0.9169,1.6458,0.4985,1.4801,0.7227,-1.6445,-1.5394
19.0,0.19,1.2597,-0.1894,-0.0744,0.0705,1.2604,-0.2022,0.0859,-0.1711,1.2507,-0.1979,-0.1258,0.1117,1.2439,-0.2097,-0.038,0.0631,1.2638,-0.1239,-0.6711,-0.0777,1.2496,-0.2077,0.0555,-0.0612,1.1106,-0.2793,0.6351,-0.9961,1.2801,-0.153,-0.1405,0.0487,0.5766,-0.5826,1.0604,-2.0304,1.3754,0.0912,-1.3959,0.5533,0.1827,-0.9126,1.8688,0.5257,1.4258,0.4327,-1.005,-0.9718
20.0,0.2,1.2734,-0.1804,-0.0914,0.0869,1.2785,-0.1942,0.1191,-0.2401,1.252,-0.2024,-0.067,0.0597,1.2608,-0.2013,-0.0784,0.1309,1.2586,-0.1598,-0.398,-0.0471,1.2854,-0.1856,-0.035,0.0388,1.1367,-0.2585,0.5801,-0.9375,1.301,-0.1288,-0.2141,0.0745,0.5892,-0.5522,1.0737,-2.1931,1.3516,0.0065,-0.5793,0.2244,0.1629,-0.9015,2.1534,0.5524,1.3736,0.1458,-0.3766,-0.3692

# ***** Accelerations [m.s^-2] *****
# Frame,Time,Body_1_X,Body_1_Y,Body_1_Ux,Body_1_Uy,Body_2_X,Body_2_Y,Body_2_Ux,Body_2_Uy,Body_3_X,Body_3_Y,Body_3_Ux,Body_3_Uy,Body_4_X,Body_4_Y,Body_4_Ux,Body_4_Uy,Body_5_X,Body_5_Y,Body_5_Ux,Body_5_Uy,Body_6_X,Body_6_Y,Body_6_Ux,Body_6_Uy,Body_7_X,Body_7_Y,Body_7_Ux,Body_7_Uy,Body_8_X,Body_8_Y,Body_8_Ux,Body_8_Uy,Body_9_X,Body_9_Y,Body_9_Ux,Body_9_Uy,Body_10_X,Body_10_Y,Body_10_Ux,Body_10_Uy,Body_11_X,Body_11_Y,Body_11_Ux,Body_11_Uy,Body_12_X,Body_12_Y,Body_12_Ux,Body_12_Uy
0.0,0.0,-4.1702,-3.4221,-0.113,-1.0071,-3.7243,-3.3927,0.4717,-0.745,-4.0152,-3.5908,0.9894,-1.3968,-3.964,-3.5016,0.3263,-1.0484,-4.2728,-3.7239,-0.4756,-0.2227,-4.2122,-3.603,0.6175,-0.977,-4.5786,-3.3937,-0.0538,-1.4389,-4.5654,-3.4019,-0.003,-1.3173,-5.1838,-3.5903,1.3084,-1.8877,-6.2784,-3.3326,-0.4488,-9.3186,-5.5917,-3.8332,-0.5267,-0.2311,-8.0722,-2.8389,-6.5153,1.1268
1.0,0.01,-0.9003,-0.9254,0.4289,-0.5732,-0.7267,-0.7982,-0.1212,0.1369,-0.7589,-0.8718,0.6889,-0.3922,-0.7455,-0.7111,-0.5491,-0.3025,-1.2621,-0.477,-6.5797,-5.5872,-0.981,-0.0108,-7.9182,-2.4101,-1.8795,-0.4248,-3.5506,-5.4291,-1.1609,-0.878,-0.7303,-0.9637,-3.5475,-0.0142,2.1514,-3.2518,-5.401,-0.0997,-4.0467,-26.3396,-4.1433,-0.6548,3.2929,1.4461,-11.5001,3.8517,-50.6788,-13.4062
2.0,0.02,2.4247,1.5183,0.666,-0.4553,2.5384,1.7208,-0.1535,0.2775,2.6028,1.7457,-0.0219,0.1873,2.4926,1.8144,-0.5637,-0.6737,2.2036,2.2904,-6.9358,-5.5316,2.1113,2.4166,-6.6132,-3.5082,1.5087,2.023,-3.8304,-5.1652,2.215,1.4173,-0.0889,-0.7809,-0.0665,2.5434,1.834,-3.0201,-1.4705,1.7501,-2.0486,-22.9761,-0.5523,1.8346,5.6112,2.5078,-7.1829,5.0385,-46.4308,-18.0185
3.0,0.03,-2.3581,-4.548,0.3551,-0.1361,-2.412,-4.4783,-0.35,0.6975,-2.2568,-4.3977,-0.2318,0.4204,-2.3145,-4.2954,-1.0462,-0.0175,-2.6168,-3.8036,-7.1057,-5.5427,-2.5199,-3.5715,-7.1599,-2.63,-3.1439,-3.9486,-4.0812,-4.7043,-2.3601,-4.6625,0.3156,0.1298,-4.4463,-3.2337,0.9454,-1.9185,-4.8072,-4.5888,-0.9312,-16.1785,-4.7923,-3.5527,2.0924,0.9486,-9.3783,-1.9875,-38.9529,-21.5389
4.0,0.04,1.3838,-0.6648,1.7164,-1.1608,1.9535,-0.0315,0.3835,-1.248,1.6815,-0.2305,1.092,-0.7086,1.4443,-0.1554,0.5433,-2.6041,1.1096,0.0032,-5.4038,-5.7699,0.7165,0.1654,-5.3299,-3.8723,0.2655,-0.4901,-2.9215,-5.6564,1.1068,-1.4752,3.0646,-0.4494,-1.3065,-0.0458,1.1006,-2.345,-1.6981,-2.1723,0.1896,-17.6924,-1.713,-0.462,3.21,1.4401,-6.7227,0.0663,-36.7178,-23.9699
5.0,0.05,-2.4337,-3.4619,0.4289,0.5061,-2.6531,-3.3085,0.0618,0.3419,-2.5069,-3.2598,-0.4361,0.7372,-2.652,-3.2134,-0.8181,-0.3758,-2.8079,-2.6088,-7.3842,-5.4839,-2.8412,-2.5617,-6.7106,-1.6518,-2.9583,-2.8118,-4.4738,-3.782,-2.2623,-3.8669,1.9786,0.4993,-3.8262,-1.7989,-0.4053,-0.4157,-4.4919,-4.3033,0.0325,-15.2846,-3.9078,-1.7201,0.1025,0.0905,-9.0944,-2.6296,-27.0985,-24.9282
6.0,0.06,2.4207,-2.533,2.0542,-1.2642,3.3052,-1.6651,1.2282,-3.2066,2.7429,-2.0129,1.3038,-0.786,2.5531,-1.8814,0.3201,-2.3119,2.1478,-1.9297,-3.9409,-5.8963,1.9248,-1.614,-4.1595,-3.2058,1.2649,-2.5663,-2.0012,-5.7767,2.0803,-3.9823,6.5377,-0.721,-0.5323,-2.4631,2.0192,-3.6005,-0.9118,-5.5035,0.6273,-18.529,-1.1285,-3.2475,6.2473,2.6938,-6.2448,-4.0666,-25.1997,-26.2449
7.0,0.07,-0.6688,-2.9199,-0.1056,1.2164,-1.2115,-3.0198,-0.4493,0.9286,-1.0518,-2.9849,0.2222,0.2042,-1.1329,-2.8508,-0.8242,-0.4264,-1.4552,-2.5579,-5.9639,-5.6224,-1.2652,-2.2519,-6.0119,-0.8047,-0.8938,-2.1646,-4.5492,-2.6953,-0.3661,-3.323,2.5233,0.5455,-1.6553,-1.2178,0.1108,-1.1956,-2.9314,-3.6655,-1.3568,-17.5443,-1.9143,-1.2184,-0.3892,-0.1564,-8.0899,-1.8604,-24.7381,-26.6065
8.0,0.08,-0.316,-3.2428,1.4968,-0.3217,0.1535,-2.6258,0.7874,-2.5252,-0.3376,-2.9468,1.5789,-0.985,-0.4805,-2.7843,0.3616,-2.1489,-0.9683,-3.126,-1.185,-5.9134,-1.0878,-2.6748,-2.1969,-3.2818,-1.039,-3.0488,-2.8054,-4.1172,-0.5048,-4.4063,5.4076,-0.7951,-2.3135,-2.6214,1.0523,-2.5264,-4.5427,-5.8901,1.9927,-25.2589,-2.7827,-2.9872,2.5162,1.0153,-11.1778,-5.2899,-16.108,-25.5366
9.0,0.09,1.8354,-0.9979,0.5025,0.6311,1.7196,-0.8293,-0.0048,-0.6778,1.6927,-0.8414,0.0969,0.5304,1.498,-0.7938,-0.2738,-0.9813,1.3559,-0.642,-2.7705,-5.4868,1.1805,-0.5475,-2.6126,-2.021,1.5403,-0.4627,-3.8438,-2.4992,1.8244,-1.4727,2.3192,-0.7235,0.9895,0.4892,-0.8619,-0.1322,-2.3119,-2.0324,0.3538,-26.0035,0.9001,0.8151,-2.5121,-1.0648,-9.2214,-0.7704,-21.4965,-27.5613
10.0,0.1,-1.6515,-4.1709,-0.0903,1.3954,-2.1419,-4.2612,-0.418,0.1408,-1.8837,-4.0704,-0.9927,1.8037,-2.078,-4.0536,-1.164,0.3448,-1.9587,-3.6798,-2.8179,-4.9395,-2.0847,-3.6187,-3.1533,-0.8255,-1.6291,-3.4375,-4.4306,-1.3604,-1.5969,-4.4337,1.6674,-1.1271,-1.7989,-2.2465,-1.5825,0.7458,-6.1007,-4.9069,0.7169,-27.8301,-1.6989,-1.7871,-2.2181,-0.9631,-13.3489,-3.8544,-19.2871,-27.1326
11.0,0.11,3.5828,-0.2084,0.4905,0.6142,3.6525,-0.0168,0.1844,-1.9348,3.376,-0.2149,1.3016,0.0016,3.3368,0.0213,-0.5072,-0.3073,3.0358,-0.4966,0.7404,-4.3654,3.188,0.2637,-2.0615,-1.2743,3.1515,0.0901,-2.3696,-3.3219,3.1671,-0.7337,2.6343,-3.129,2.0192,0.4796,0.7098,-2.6923,-2.1118,-1.5006,1.2589,-30.0442,1.4004,0.4566,-2.1609,-0.9672,-9.922,-0.355,-22.5377,-29.0543
12.0,0.12,-1.7808,-0.9687,-1.7182,2.476,-2.9599,-1.7907,-1.6988,2.4102,-2.2424,-1.3621,-1.4069,2.8246,-2.2176,-1.2185,-2.5924,3.1313,-2.0402,-0.9693,-1.9336,-3.6364,-1.5724,-0.481,-4.0239,1.6683,-1.2269,0.1705,-5.187,0.76,-1.7277,-0.3689,-1.8016,-2.2616,-0.6796,1.7546,-3.0465,2.4283,-6.244,0.359,-2.1906,-26.2963,-0.3156,2.7433,-6.0702,-2.4741,-13.4712,2.4339,-26.3987,-31.7399
13.0,0.13,1.5226,-3.0525,-0.1457,1.0786,1.31,-3.1233,-0.1515,-1.0555,1.2808,-3.2029,0.7673,0.9222,1.3722,-2.9204,-1.4269,1.6782,1.2225,-3.6033,3.4413,-2.7807,1.7213,-2.4462,-3.1001,0.938,1.3348,-2.632,-2.4396,-2.3175,1.137,-3.0724,0.271,-3.4328,0.5144,-2.0745,-0.2529,-2.07,-3.5152,-2.8531,-1.8195,-25.5152,-0.0679,-1.6599,-6.2381,-2.5798,-10.6311,-0.8731,-26.0668,-32.4662
14.0,0.14,0.1842,0.5732,-1.1796,1.8667,-0.507,0.0548,-0.8451,0.4346,-0.1826,0.2191,-0.3289,1.9868,-0.2656,0.3046,-1.0152,1.4115,-0.0085,0.1079,2.1512,-2.149,0.0699,0.6712,-2.5849,1.3324,0.5815,1.4357,-4.0572,0.447,0.1314,1.3203,-3.2444,-2.2613,0.8283,2.6872,-2.4611,0.9561,-3.5916,2.6717,-4.2105,-21.1115,0.9547,3.3803,-3.0812,-1.2658,-9.8697,5.1643,-26.6203,-33.1572
15.0,0.15,1.8398,-0.4869,-2.3003,2.3783,0.7277,-1.5365,-1.9182,2.1718,1.5788,-0.9413,-2.431,4.0948,1.3403,-1.0514,-1.6594,2.3777,2.1878,-0.7949,3.4849,-1.2226,1.8923,-0.5254,-3.276,2.0736,2.3595,0.5486,-3.9216,0.6538,1.9569,0.5455,-3.7853,-1.7766,2.6511,1.8178,-2.7537,0.9623,-0.9985,2.1372,-5.01,-16.7847,2.6517,2.9292,-9.2392,-3.4582,-6.4268,4.8205,-27.1172,-33.4094
16.0,0.16,2.2635,-0.6089,-1.0184,1.2247,1.812,-1.0788,-0.8858,0.2712,2.0703,-0.9836,0.2387,1.6625,2.22,-0.7519,-1.5769,2.9073,2.3474,-1.643,7.9276,-0.1132,2.9252,-0.2295,-3.4049,2.9276,2.5458,0.0922,-3.2344,0.427,2.2624,0.112,-3.256,-1.2825,2.5494,1.1104,-2.0909,-0.5465,0.1274,1.7156,-5.8419,-12.1268,2.3672,1.7146,-2.883,-1.1714,-4.0978,4.2871,-22.6301,-29.0311
17.0,0.17,-0.544,1.4399,-2.1482,2.2063,-1.4217,0.5697,-1.0227,0.9388,-0.9295,0.8415,-0.9514,2.7122,-0.9833,0.8954,-1.4134,2.3951,-0.4223,0.4571,7.0264,0.5217,-0.3922,1.3638,-3.0545,2.5447,-0.0781,2.3284,-3.1776,0.5062,-0.1643,2.6139,-4.7917,-0.0255,-0.0235,3.4114,-2.5744,-0.3319,-1.3467,4.7909,-7.4019,-7.6915,-0.1216,4.0042,-0.9439,-0.4953,-4.5623,7.5788,-21.0886,-27.0531
18.0,0.18,3.8117,-1.2218,-2.2928,2.0227,2.9765,-2.152,-1.1015,1.0737,3.5331,-1.818,-1.337,3.0533,3.5535,-1.7598,-1.848,3.3342,4.137,-2.0371,5.7576,1.0096,4.2582,-1.2752,-2.3333,2.0074,4.3241,-0.3204,-3.1017,0.9904,4.2362,0.0312,-5.1142,0.4347,4.4119,0.7483,-2.5859,-0.7682,3.6761,1.991,-5.5227,-4.2802,4.2501,1.2397,0.8456,-0.0211,1.6745,3.9713,-14.124,-18.4773
19.0,0.19,1.3183,1.2606,-1.249,1.076,1.0216,0.799,-0.2844,-0.4609,1.2115,0.7955,0.3343,1.9377,1.0893,0.9062,-0.524,1.0514,1.7334,-0.1129,10.909,2.4178,1.2696,1.0279,-0.4575,0.0896,1.4435,1.8305,-2.1761,-0.3828,1.4779,1.8219,-2.0597,-0.1655,1.2554,2.7267,-2.7355,-0.6728,1.1259,2.8173,-3.571,-2.065,1.2343,2.8554,7.6396,2.0614,0.0985,3.988,-7.3639,-9.9092
20.0,0.2,1.4696,0.5014,-2.3552,1.9804,0.5334,-0.5364,-1.7067,1.8796,1.2326,-0.0803,-1.6062,3.2602,1.131,-0.1144,-1.4013,2.5886,1.9354,-0.2031,5.1157,1.8219,1.7442,0.3133,-2.552,2.4177,2.0072,1.3989,-3.0109,1.1913,1.8796,1.5001,-3.5262,0.3916,2.2664,2.5562,-3.2635,0.0416,1.9523,2.8453,-3.7683,-0.0827,2.3805,2.7584,8.2723,1.8165,1.5831,3.8944,-4.7645,-5.6881

# ***** Angles [deg] *****
# Frame,Time,Body_1_Abs_Angle,Body_2_Body_1_Angle,Body_1_Body_1_Angle,Body_1_Body_1_Angle,Body_3_Body_1_Angle,Body_4_Body_1_Angle,Body_1_Body_1_Angle,Body_1_Body_1_Angle,Body_7_Body_1_Angle,Body_8_Body_1_Angle,Body_9_Body_1_Angle,Body_10_Body_1_Angle
0.0,0.0,-133.9458,-22.6261,0.0,0.0,-3.7586,-9.9752,0.0,0.0,5.615,16.3981,-6.8468,-37.2996
1.0,0.01,-133.9286,-22.4542,0.0,0.0,-3.4091,-10.4393,0.0,0.0,4.2571,17.521,-7.1562,-34.1426
2.0,0.02,-133.9057,-22.2766,0.0,0.0,-3.0596,-10.8977,0.0,0.0,2.9221,18.6154,-7.4542,-30.9913
3.0,0.03,-133.877,-22.0875,0.0,0.0,-2.7044,-11.3446,0.0,0.0,1.61,19.6582,-7.7693,-27.8171
4.0,0.04,-133.8426,-21.887,0.0,0.0,-2.3434,-11.78,0.0,0.0,0.3323,20.6322,-8.0959,-24.5684
5.0,0.05,46.2032,-21.675,0.0,0.0,-1.9767,-12.1983,0.0,0.0,-0.9053,21.5146,-8.4454,-21.2281
6.0,0.06,-133.7452,-21.4401,0.0,0.0,-1.6043,-12.5993,0.0,0.0,-2.097,22.2881,-8.8178,-17.7789
7.0,0.07,46.3178,-21.1994,0.0,0.0,-1.2261,-12.9832,0.0,0.0,-3.2487,22.9412,-9.2246,-14.2036
8.0,0.08,-133.6192,-20.9473,0.0,0.0,-0.8537,-13.3442,0.0,0.0,-4.3545,23.4741,-9.6658,-10.508
9.0,0.09,46.4496,-20.701,0.0,0.0,-0.4927,-13.6822,0.0,0.0,-5.4202,23.8809,-10.1471,-6.7323
10.0,0.1,46.5183,-20.4603,0.0,0.0,-0.1375,-13.9974,0.0,0.0,-6.4458,24.1788,-10.6799,-2.9049
11.0,0.11,46.5814,-20.2311,0.0,0.0,0.2005,-14.2896,0.0,0.0,-7.4313,24.3679,-11.2701,0.911
12.0,0.12,46.6387,-20.0363,0.0,0.0,0.5214,-14.5531,0.0,0.0,-8.3824,24.4653,-11.9347,4.6295
13.0,0.13,46.6788,-19.8702,0.0,0.0,0.8136,-14.7938,0.0,0.0,-9.2934,24.4997,-12.6681,8.1933
14.0,0.14,46.7074,-19.7441,0.0,0.0,1.0829,-14.9943,0.0,0.0,-10.17,24.4825,-13.4874,11.505
15.0,0.15,46.7189,-19.6639,0.0,0.0,1.3121,-15.1662,0.0,0.0,-11.0065,24.4366,-14.3927,14.4786
16.0,0.16,46.7074,-19.641,0.0,0.0,1.5069,-15.3094,0.0,0.0,-11.8144,24.3851,-15.3954,17.0512
17.0,0.17,46.6788,-19.6754,0.0,0.0,1.6616,-15.4126,0.0,0.0,-12.5822,24.3392,-16.484,19.1597
18.0,0.18,46.6272,-19.7613,0.0,0.0,1.7704,-15.4813,0.0,0.0,-13.3213,24.3106,-17.6815,20.7525
19.0,0.19,46.5527,-19.8988,0.0,0.0,1.8335,-15.5157,0.0,0.0,-14.0317,24.3163,-18.9764,21.824
20.0,0.2,46.461,-20.0879,0.0,0.0,1.8335,-15.5214,0.0,0.0,-14.7136,24.3507,-20.3744,22.3625

# ***** Angles Velocities [deg.s^-1] *****
# Frame,Time,Body_1_Abs_Angle,Body_2_Body_1_Angle,Body_1_Body_1_Angle,Body_1_Body_1_Angle,Body_3_Body_1_Angle,Body_4_Body_1_Angle,Body_1_Body_1_Angle,Body_1_Body_1_Angle,Body_7_Body_1_Angle,Body_8_Body_1_Angle,Body_9_Body_1_Angle,Body_10_Body_1_Angle
0.0,0.0,11.9935,0.1713,0.0,0.0,0.3519,-0.4644,0.0,0.0,-1.3706,1.129,-0.3283,3.1665
1.0,0.01,-5.9696,0.1736,0.0,0.0,0.3483,-0.4625,0.0,0.0,-1.3459,1.1128,-0.2971,3.1508
2.0,0.02,12.005,0.1828,0.0,0.0,0.3519,-0.4529,0.0,0.0,-1.3247,1.0717,-0.3053,3.1551
3.0,0.03,-41.8958,0.1954,0.0,0.0,0.3582,-0.4417,0.0,0.0,-1.2965,1.0118,-0.3207,3.2052
4.0,0.04,155.7672,0.2045,0.0,0.0,0.3639,-0.4275,0.0,0.0,-1.2588,0.9317,-0.3368,3.2926
5.0,0.05,-40.9325,0.2244,0.0,0.0,0.3693,-0.4093,0.0,0.0,-1.2144,0.8305,-0.3601,3.3914
6.0,0.06,8.2551,0.2388,0.0,0.0,0.3763,-0.3931,0.0,0.0,-1.1717,0.7139,-0.3884,3.5105
7.0,0.07,8.2557,0.247,0.0,0.0,0.3774,-0.373,0.0,0.0,-1.1289,0.5939,-0.4241,3.6401
8.0,0.08,-40.9,0.2514,0.0,0.0,0.366,-0.3494,0.0,0.0,-1.0849,0.4686,-0.4593,3.7415
9.0,0.09,155.7395,0.2428,0.0,0.0,0.3587,-0.3264,0.0,0.0,-1.0461,0.3507,-0.506,3.808
10.0,0.1,-41.6455,0.2383,0.0,0.0,0.3476,-0.3046,0.0,0.0,-1.0047,0.243,-0.559,3.8358
11.0,0.11,11.238,0.2133,0.0,0.0,0.3306,-0.2773,0.0,0.0,-0.9686,0.1384,-0.6268,3.7785
12.0,0.12,-2.9455,0.1804,0.0,0.0,0.3067,-0.2534,0.0,0.0,-0.9309,0.0627,-0.6981,3.6534
13.0,0.13,0.8363,0.1479,0.0,0.0,0.2818,-0.2215,0.0,0.0,-0.894,0.0062,-0.7747,3.4546
14.0,0.14,-0.1933,0.1045,0.0,0.0,0.2506,-0.1841,0.0,0.0,-0.8558,-0.0359,-0.8611,3.1545
15.0,0.15,0.0572,0.0529,0.0,0.0,0.2113,-0.1594,0.0,0.0,-0.8223,-0.0515,-0.9546,2.7832
16.0,0.16,-0.0356,-0.0066,0.0,0.0,0.1764,-0.1236,0.0,0.0,-0.7882,-0.0501,-1.0445,2.3512
17.0,0.17,-0.035,-0.0607,0.0,0.0,0.1318,-0.0852,0.0,0.0,-0.7518,-0.0402,-1.1415,1.855
18.0,0.18,-0.0649,-0.1116,0.0,0.0,0.0872,-0.0514,0.0,0.0,-0.7253,-0.0127,-1.2479,1.3325
19.0,0.19,-0.0836,-0.1634,0.0,0.0,0.0352,-0.0187,0.0,0.0,-0.6959,0.0221,-1.3442,0.8077
20.0,0.2,-0.0993,-0.2147,0.0,0.0,-0.0389,0.0059,0.0,0.0,-0.668,0.0446,-1.4541,0.2668

# ***** Angles Accelerations [deg.s^-2] *****
# Frame,Time,Body_1_Abs_Angle,Body_2_Body_1_Angle,Body_1_Body_1_Angle,Body_1_Body_1_Angle,Body_3_Body_1_Angle,Body_4_Body_1_Angle,Body_1_Body_1_Angle,Body_1_Body_1_Angle,Body_7_Body_1_Angle,Body_8_Body_1_Angle,Body_9_Body_1_Angle,Body_10_Body_1_Angle
0.0,0.0,-35.9319,-0.0011,0.0,0.0,-0.0073,-0.002,0.0,0.0,0.0265,-0.0037,0.0508,-0.0258
1.0,0.01,0.0057,0.0057,0.0,0.0,0.0,0.0057,0.0,0.0,0.0229,-0.0286,0.0115,-0.0057
2.0,0.02,35.9434,0.0126,0.0,0.0,0.0073,0.0135,0.0,0.0,0.0194,-0.0536,-0.0279,0.0143
3.0,0.03,-143.745,0.0127,0.0,0.0,0.0053,0.009,0.0,0.0,0.0372,-0.0663,-0.0029,0.0859
4.0,0.04,539.0711,0.0054,0.0,0.0,0.0061,0.0192,0.0,0.0,0.0383,-0.0937,-0.0294,0.0888
5.0,0.05,-932.4707,0.0344,0.0,0.0,0.0048,0.0172,0.0,0.0,0.0505,-0.1088,-0.0172,0.1087
6.0,0.06,1030.8461,-0.0055,0.0,0.0,0.0091,0.0152,0.0,0.0,0.0349,-0.1244,-0.0392,0.1294
7.0,0.07,-1030.8449,0.0218,0.0,0.0,-0.0069,0.025,0.0,0.0,0.0507,-0.1157,-0.0322,0.1299
8.0,0.08,932.5334,-0.013,0.0,0.0,-0.0158,0.0221,0.0,0.0,0.0375,-0.1349,-0.0384,0.0727
9.0,0.09,-539.2544,-0.0041,0.0,0.0,0.0012,0.0239,0.0,0.0,0.0401,-0.101,-0.055,0.0604
10.0,0.1,144.4843,-0.0049,0.0,0.0,-0.0234,0.0197,0.0,0.0,0.0428,-0.1144,-0.0511,-0.0048
11.0,0.11,-38.7172,-0.0452,0.0,0.0,-0.0106,0.0348,0.0,0.0,0.0294,-0.0947,-0.0844,-0.1098
12.0,0.12,10.3502,-0.0206,0.0,0.0,-0.0372,0.0129,0.0,0.0,0.0458,-0.0568,-0.0583,-0.1402
13.0,0.13,-2.7866,-0.0444,0.0,0.0,-0.0126,0.051,0.0,0.0,0.028,-0.0561,-0.0948,-0.2574
14.0,0.14,0.7275,-0.0425,0.0,0.0,-0.0498,0.0239,0.0,0.0,0.0486,-0.0282,-0.078,-0.3427
15.0,0.15,-0.2264,-0.0607,0.0,0.0,-0.0289,0.0255,0.0,0.0,0.0184,-0.003,-0.1089,-0.3999
16.0,0.16,0.0407,-0.0583,0.0,0.0,-0.0409,0.0461,0.0,0.0,0.0498,0.0058,-0.0709,-0.4641
17.0,0.17,-0.0395,-0.0498,0.0,0.0,-0.0483,0.0309,0.0,0.0,0.023,0.0141,-0.1232,-0.5283
18.0,0.18,-0.0202,-0.052,0.0,0.0,-0.0409,0.0367,0.0,0.0,0.0301,0.0409,-0.0895,-0.5168
19.0,0.19,-0.0172,-0.0516,0.0,0.0,-0.063,0.0286,0.0,0.0,0.0286,0.0286,-0.1031,-0.5329
20.0,0.2,-0.0142,-0.0511,0.0,0.0,-0.0851,0.0206,0.0,0.0,0.0272,0.0164,-0.1167,-0.5489

