# Model:
# Number_of_Rigid_Bodies:2
# Number_of_Frames:101
# Sampling_Frequency:100

# ***** Coordinates [m] *****
# Frame,Time,Body_1_X,Body_1_Y,Body_1_Ux,Body_1_Uy,Body_2_X,Body_2_Y,Body_2_Ux,Body_2_Uy
0.0,0.0,0.3537,-0.3534,0.7074,-0.7068,1.2074,-0.7068,1.0,0.0
1.0,0.01,0.3485,-0.3586,0.6969,-0.7171,1.1969,-0.7245,0.9999,-0.0147
2.0,0.02,0.3431,-0.3637,0.6862,-0.7274,1.186,-0.7421,0.9996,-0.0295
3.0,0.03,0.3376,-0.3688,0.6753,-0.7376,1.1748,-0.7598,0.999,-0.0444
4.0,0.04,0.3321,-0.3738,0.6641,-0.7476,1.1632,-0.7774,0.9982,-0.0595
5.0,0.05,0.3263,-0.3788,0.6527,-0.7576,1.1513,-0.7949,0.9972,-0.0746
6.0,0.06,0.3205,-0.3838,0.641,-0.7675,1.139,-0.8124,0.996,-0.0898
7.0,0.07,0.3146,-0.3886,0.6292,-0.7773,1.1264,-0.8298,0.9945,-0.1051
8.0,0.08,0.3085,-0.3935,0.6171,-0.7869,1.1134,-0.8471,0.9927,-0.1205
9.0,0.09,0.3024,-0.3982,0.6048,-0.7964,1.1001,-0.8644,0.9907,-0.1359
10.0,0.1,0.2961,-0.4029,0.5922,-0.8058,1.0865,-0.8815,0.9885,-0.1514
11.0,0.11,0.2897,-0.4075,0.5795,-0.815,1.0725,-0.8984,0.986,-0.1669
12.0,0.12,0.2833,-0.412,0.5666,-0.824,1.0582,-0.9152,0.9832,-0.1824
13.0,0.13,0.2767,-0.4165,0.5534,-0.8329,1.0435,-0.9319,0.9802,-0.198
14.0,0.14,0.27,-0.4208,0.5401,-0.8416,1.0285,-0.9484,0.9769,-0.2136
15.0,0.15,0.2633,-0.4251,0.5266,-0.8501,1.0133,-0.9647,0.9734,-0.2292
16.0,0.16,0.2564,-0.4292,0.5129,-0.8585,0.9977,-0.9808,0.9696,-0.2448
17.0,0.17,0.2495,-0.4333,0.499,-0.8666,0.9818,-0.9968,0.9655,-0.2603
18.0,0.18,0.2425,-0.4373,0.485,-0.8745,0.9656,-1.0124,0.9612,-0.2758
19.0,0.19,0.2354,-0.4411,0.4708,-0.8822,0.9491,-1.0279,0.9566,-0.2913
20.0,0.2,0.2282,-0.4449,0.4564,-0.8898,0.9323,-1.0431,0.9518,-0.3068
21.0,0.21,0.221,-0.4485,0.442,-0.897,0.9153,-1.0581,0.9467,-0.3222
22.0,0.22,0.2137,-0.452,0.4273,-0.9041,0.898,-1.0728,0.9413,-0.3375
23.0,0.23,0.2063,-0.4555,0.4126,-0.9109,0.8805,-1.0873,0.9357,-0.3527
24.0,0.24,0.1989,-0.4587,0.3977,-0.9175,0.8627,-1.1014,0.9299,-0.3679
25.0,0.25,0.1914,-0.4619,0.3828,-0.9238,0.8447,-1.1153,0.9238,-0.383
26.0,0.26,0.1839,-0.465,0.3677,-0.9299,0.8264,-1.1289,0.9174,-0.3979
27.0,0.27,0.1763,-0.4679,0.3525,-0.9358,0.808,-1.1422,0.9108,-0.4128
28.0,0.28,0.1687,-0.4707,0.3373,-0.9414,0.7893,-1.1552,0.904,-0.4275
29.0,0.29,0.161,-0.4734,0.322,-0.9467,0.7705,-1.1678,0.897,-0.4421
30.0,0.3,0.1533,-0.4759,0.3066,-0.9518,0.7515,-1.1801,0.8897,-0.4566
31.0,0.31,0.1456,-0.4783,0.2912,-0.9567,0.7323,-1.1921,0.8822,-0.4709
32.0,0.32,0.1379,-0.4806,0.2757,-0.9612,0.713,-1.2038,0.8745,-0.4851
33.0,0.33,0.1301,-0.4828,0.2602,-0.9656,0.6935,-1.2151,0.8665,-0.4991
34.0,0.34,0.1223,-0.4848,0.2447,-0.9696,0.6739,-1.2261,0.8584,-0.5129
35.0,0.35,0.1146,-0.4867,0.2291,-0.9734,0.6542,-1.2367,0.8501,-0.5266
36.0,0.36,0.1068,-0.4885,0.2136,-0.9769,0.6344,-1.247,0.8416,-0.5401
37.0,0.37,0.099,-0.4901,0.198,-0.9802,0.6145,-1.2569,0.8329,-0.5534
38.0,0.38,0.0913,-0.4916,0.1825,-0.9832,0.5945,-1.2665,0.8241,-0.5665
39.0,0.39,0.0835,-0.493,0.167,-0.986,0.5745,-1.2757,0.815,-0.5794
40.0,0.4,0.0758,-0.4942,0.1515,-0.9885,0.5545,-1.2845,0.8059,-0.5921
41.0,0.41,0.0681,-0.4953,0.1361,-0.9907,0.5344,-1.293,0.7965,-0.6046
42.0,0.42,0.0604,-0.4963,0.1207,-0.9927,0.5143,-1.3011,0.7871,-0.6169
43.0,0.43,0.0527,-0.4972,0.1054,-0.9944,0.4942,-1.3089,0.7775,-0.6289
44.0,0.44,0.0451,-0.498,0.0902,-0.9959,0.4741,-1.3163,0.7677,-0.6408
45.0,0.45,0.0375,-0.4986,0.075,-0.9972,0.454,-1.3234,0.7579,-0.6524
46.0,0.46,0.03,-0.4991,0.06,-0.9982,0.434,-1.3301,0.748,-0.6637
47.0,0.47,0.0225,-0.4995,0.045,-0.999,0.414,-1.3364,0.7379,-0.6749
48.0,0.48,0.0151,-0.4998,0.0301,-0.9995,0.3941,-1.3424,0.7278,-0.6858
49.0,0.49,0.0077,-0.4999,0.0154,-0.9999,0.3742,-1.3481,0.7176,-0.6964
50.0,0.5,0.0004,-0.5,0.0008,-1.0,0.3545,-1.3534,0.7074,-0.7068
51.0,0.51,-0.0068,-0.5,-0.0137,-0.9999,0.3349,-1.3584,0.6971,-0.717
52.0,0.52,-0.014,-0.4998,-0.0281,-0.9996,0.3153,-1.3631,0.6867,-0.7269
53.0,0.53,-0.0212,-0.4996,-0.0423,-0.9991,0.2958,-1.3674,0.6762,-0.7367
54.0,0.54,-0.0283,-0.4992,-0.0566,-0.9984,0.2763,-1.3715,0.6657,-0.7462
55.0,0.55,-0.0354,-0.4987,-0.0707,-0.9975,0.2568,-1.3753,0.655,-0.7556
56.0,0.56,-0.0425,-0.4982,-0.0849,-0.9964,0.2372,-1.3788,0.6442,-0.7649
57.0,0.57,-0.0496,-0.4975,-0.0991,-0.9951,0.2175,-1.3821,0.6332,-0.774
58.0,0.58,-0.0567,-0.4968,-0.1133,-0.9936,0.1977,-1.385,0.6221,-0.7829
59.0,0.59,-0.0638,-0.4959,-0.1276,-0.9918,0.1778,-1.3877,0.6108,-0.7918
60.0,0.6,-0.071,-0.4949,-0.142,-0.9899,0.1576,-1.3902,0.5992,-0.8006
61.0,0.61,-0.0782,-0.4938,-0.1565,-0.9877,0.1373,-1.3923,0.5874,-0.8093
62.0,0.62,-0.0855,-0.4926,-0.1711,-0.9853,0.1166,-1.3942,0.5754,-0.8179
63.0,0.63,-0.0929,-0.4913,-0.1858,-0.9826,0.0957,-1.3958,0.5631,-0.8264
64.0,0.64,-0.1004,-0.4898,-0.2008,-0.9796,0.0744,-1.3971,0.5504,-0.8349
65.0,0.65,-0.108,-0.4882,-0.2159,-0.9764,0.0528,-1.3981,0.5374,-0.8433
66.0,0.66,-0.1156,-0.4864,-0.2313,-0.9729,0.0308,-1.3987,0.5241,-0.8517
67.0,0.67,-0.1234,-0.4845,-0.2469,-0.9691,0.0083,-1.399,0.5103,-0.86
68.0,0.68,-0.1314,-0.4824,-0.2627,-0.9649,-0.0146,-1.399,0.4962,-0.8682
69.0,0.69,-0.1394,-0.4802,-0.2788,-0.9603,-0.0381,-1.3985,0.4815,-0.8764
70.0,0.7,-0.1476,-0.4777,-0.2953,-0.9554,-0.062,-1.3977,0.4665,-0.8845
71.0,0.71,-0.156,-0.475,-0.312,-0.9501,-0.0866,-1.3964,0.4509,-0.8926
72.0,0.72,-0.1645,-0.4722,-0.329,-0.9443,-0.1117,-1.3946,0.4347,-0.9006
73.0,0.73,-0.1732,-0.469,-0.3464,-0.9381,-0.1374,-1.3923,0.418,-0.9084
74.0,0.74,-0.1821,-0.4657,-0.3641,-0.9313,-0.1638,-1.3894,0.4007,-0.9162
75.0,0.75,-0.1911,-0.462,-0.3822,-0.9241,-0.1908,-1.386,0.3828,-0.9238
76.0,0.76,-0.2003,-0.4581,-0.4006,-0.9162,-0.2185,-1.3819,0.3642,-0.9313
77.0,0.77,-0.2097,-0.4539,-0.4193,-0.9078,-0.2468,-1.3771,0.3451,-0.9386
78.0,0.78,-0.2191,-0.4495,-0.4381,-0.8989,-0.2754,-1.3717,0.3255,-0.9456
79.0,0.79,-0.2285,-0.4448,-0.4569,-0.8895,-0.3042,-1.3656,0.3055,-0.9522
80.0,0.8,-0.2378,-0.4398,-0.4756,-0.8796,-0.333,-1.3589,0.2853,-0.9584
81.0,0.81,-0.2471,-0.4347,-0.4942,-0.8694,-0.3617,-1.3515,0.2649,-0.9643
82.0,0.82,-0.2562,-0.4294,-0.5124,-0.8588,-0.3901,-1.3436,0.2445,-0.9696
83.0,0.83,-0.2651,-0.4239,-0.5302,-0.8479,-0.4181,-1.3351,0.2242,-0.9745
84.0,0.84,-0.2738,-0.4184,-0.5475,-0.8368,-0.4455,-1.3263,0.2041,-0.9789
85.0,0.85,-0.2821,-0.4128,-0.5643,-0.8256,-0.4721,-1.317,0.1844,-0.9829
86.0,0.86,-0.2902,-0.4072,-0.5804,-0.8143,-0.4979,-1.3075,0.165,-0.9863
87.0,0.87,-0.2979,-0.4016,-0.5958,-0.8032,-0.5227,-1.2978,0.1462,-0.9892
88.0,0.88,-0.3052,-0.3961,-0.6104,-0.7921,-0.5463,-1.288,0.1281,-0.9918
89.0,0.89,-0.312,-0.3907,-0.6241,-0.7814,-0.5686,-1.2783,0.1108,-0.9938
90.0,0.9,-0.3184,-0.3855,-0.6369,-0.771,-0.5896,-1.2687,0.0944,-0.9955
91.0,0.91,-0.3243,-0.3805,-0.6487,-0.7611,-0.6091,-1.2595,0.0791,-0.9969
92.0,0.92,-0.3297,-0.3759,-0.6594,-0.7517,-0.627,-1.2507,0.0649,-0.9979
93.0,0.93,-0.3346,-0.3716,-0.6691,-0.7431,-0.6432,-1.2425,0.0519,-0.9987
94.0,0.94,-0.3389,-0.3677,-0.6777,-0.7353,-0.6576,-1.2349,0.0403,-0.9992
95.0,0.95,-0.3426,-0.3642,-0.6851,-0.7284,-0.67,-1.2282,0.0302,-0.9995
96.0,0.96,-0.3456,-0.3613,-0.6913,-0.7226,-0.6804,-1.2225,0.0217,-0.9998
97.0,0.97,-0.3481,-0.3589,-0.6962,-0.7179,-0.6887,-1.2178,0.0149,-0.9999
98.0,0.98,-0.3499,-0.3572,-0.6998,-0.7144,-0.6948,-1.2143,0.0099,-1.0
99.0,0.99,-0.351,-0.3561,-0.702,-0.7122,-0.6985,-1.2122,0.0068,-1.0
100.0,1.0,-0.3514,-0.3557,-0.7027,-0.7115,-0.6998,-1.2115,0.0058,-1.0

# ***** Velocities [m.s^-1] *****
# Frame,Time,Body_1_X,Body_1_Y,Body_1_Ux,Body_1_Uy,Body_2_X,Body_2_Y,Body_2_Ux,Body_2_Uy
0.0,0.0,0.5169,0.5173,1.0337,1.0345,1.0337,1.7658,-0.0,1.4625
1.0,0.01,0.529,0.5141,1.0581,1.0283,1.0689,1.7659,0.0217,1.4753
2.0,0.02,0.5411,0.5105,1.0822,1.021,1.1042,1.7646,0.0439,1.4872
3.0,0.03,0.5531,0.5064,1.1061,1.0127,1.1394,1.7619,0.0666,1.4982
4.0,0.04,0.5649,0.5018,1.1297,1.0035,1.1747,1.7577,0.0899,1.5084
5.0,0.05,0.5765,0.4967,1.153,0.9933,1.2098,1.7522,0.1135,1.5177
6.0,0.06,0.588,0.4911,1.1759,0.9822,1.2448,1.7452,0.1376,1.526
7.0,0.07,0.5992,0.4851,1.1985,0.9701,1.2795,1.7368,0.1621,1.5334
8.0,0.08,0.6103,0.4786,1.2206,0.9572,1.314,1.7271,0.1869,1.5398
9.0,0.09,0.6211,0.4717,1.2422,0.9433,1.3482,1.716,0.212,1.5453
10.0,0.1,0.6317,0.4643,1.2634,0.9286,1.3821,1.7035,0.2374,1.5499
11.0,0.11,0.642,0.4565,1.284,0.913,1.4155,1.6897,0.263,1.5534
12.0,0.12,0.6521,0.4483,1.3041,0.8966,1.4485,1.6747,0.2887,1.556
13.0,0.13,0.6618,0.4397,1.3236,0.8795,1.4809,1.6583,0.3147,1.5577
14.0,0.14,0.6712,0.4308,1.3425,0.8615,1.5128,1.6407,0.3407,1.5583
15.0,0.15,0.6804,0.4214,1.3607,0.8428,1.5441,1.6218,0.3668,1.558
16.0,0.16,0.6891,0.4117,1.3783,0.8234,1.5748,1.6018,0.393,1.5567
17.0,0.17,0.6976,0.4017,1.3952,0.8034,1.6047,1.5806,0.4191,1.5544
18.0,0.18,0.7056,0.3913,1.4113,0.7826,1.6339,1.5582,0.4451,1.5512
19.0,0.19,0.7133,0.3807,1.4267,0.7613,1.6622,1.5348,0.4711,1.5469
20.0,0.2,0.7206,0.3697,1.4413,0.7394,1.6898,1.5103,0.4969,1.5418
21.0,0.21,0.7276,0.3585,1.4551,0.7169,1.7164,1.4847,0.5226,1.5356
22.0,0.22,0.734,0.347,1.4681,0.6939,1.7421,1.4582,0.548,1.5286
23.0,0.23,0.7401,0.3352,1.4802,0.6705,1.7668,1.4308,0.5732,1.5206
24.0,0.24,0.7458,0.3233,1.4915,0.6466,1.7906,1.4024,0.5981,1.5117
25.0,0.25,0.751,0.3112,1.502,0.6223,1.8133,1.3732,0.6226,1.5018
26.0,0.26,0.7557,0.2988,1.5115,0.5976,1.8349,1.3432,0.6468,1.4911
27.0,0.27,0.76,0.2863,1.5201,0.5727,1.8553,1.3124,0.6705,1.4795
28.0,0.28,0.7639,0.2737,1.5278,0.5474,1.8747,1.281,0.6938,1.4671
29.0,0.29,0.7673,0.261,1.5345,0.5219,1.8928,1.2488,0.7166,1.4538
30.0,0.3,0.7702,0.2481,1.5403,0.4962,1.9098,1.2161,0.7389,1.4397
31.0,0.31,0.7726,0.2352,1.5452,0.4703,1.9255,1.1828,0.7606,1.4249
32.0,0.32,0.7745,0.2222,1.5491,0.4443,1.9399,1.1489,0.7817,1.4092
33.0,0.33,0.776,0.2091,1.552,0.4183,1.9531,1.1147,0.8022,1.3929
34.0,0.34,0.777,0.1961,1.5539,0.3921,1.965,1.08,0.8221,1.3758
35.0,0.35,0.7774,0.183,1.5549,0.366,1.9755,1.045,0.8412,1.358
36.0,0.36,0.7774,0.17,1.5549,0.34,1.9847,1.0097,0.8596,1.3395
37.0,0.37,0.777,0.157,1.5539,0.314,1.9926,0.9742,0.8773,1.3204
38.0,0.38,0.776,0.144,1.5519,0.2881,1.999,0.9385,0.8942,1.3007
39.0,0.39,0.7745,0.1312,1.549,0.2624,2.0041,0.9026,0.9103,1.2805
40.0,0.4,0.7725,0.1184,1.5451,0.2369,2.0079,0.8667,0.9255,1.2597
41.0,0.41,0.7701,0.1058,1.5402,0.2116,2.0102,0.8308,0.94,1.2383
42.0,0.42,0.7672,0.0933,1.5344,0.1866,2.0111,0.7949,0.9535,1.2165
43.0,0.43,0.7638,0.081,1.5276,0.1619,2.0107,0.7591,0.9661,1.1943
44.0,0.44,0.7599,0.0688,1.5199,0.1376,2.0088,0.7235,0.9779,1.1716
45.0,0.45,0.7556,0.0569,1.5112,0.1137,2.0055,0.688,0.9886,1.1486
46.0,0.46,0.7508,0.0451,1.5016,0.0902,2.0009,0.6528,0.9985,1.1252
47.0,0.47,0.7456,0.0336,1.4912,0.0672,1.9949,0.6179,1.0074,1.1015
48.0,0.48,0.7399,0.0223,1.4798,0.0446,1.9874,0.5834,1.0153,1.0775
49.0,0.49,0.7338,0.0113,1.4676,0.0226,1.9786,0.5493,1.0222,1.0533
50.0,0.5,0.7272,0.0006,1.4545,0.0012,1.9685,0.5156,1.0281,1.0289
51.0,0.51,0.7211,-0.0099,1.4422,-0.0197,1.9592,0.483,1.0341,1.0054
52.0,0.52,0.7162,-0.0201,1.4323,-0.0402,1.9531,0.4518,1.0416,0.984
53.0,0.53,0.7125,-0.0302,1.4249,-0.0604,1.9503,0.4218,1.0507,0.9645
54.0,0.54,0.71,-0.0402,1.42,-0.0804,1.9507,0.393,1.0614,0.9468
55.0,0.55,0.7088,-0.0503,1.4176,-0.1005,1.9545,0.3649,1.0739,0.9309
56.0,0.56,0.7088,-0.0604,1.4176,-0.1208,1.9617,0.3374,1.0882,0.9165
57.0,0.57,0.71,-0.0707,1.4201,-0.1414,1.9724,0.3104,1.1045,0.9037
58.0,0.58,0.7125,-0.0813,1.425,-0.1625,1.9864,0.2836,1.1229,0.8922
59.0,0.59,0.7161,-0.0921,1.4323,-0.1843,2.004,0.2567,1.1434,0.882
60.0,0.6,0.721,-0.1034,1.4419,-0.2068,2.025,0.2296,1.1662,0.8729
61.0,0.61,0.727,-0.1152,1.4539,-0.2303,2.0496,0.2021,1.1913,0.8648
62.0,0.62,0.7341,-0.1275,1.4682,-0.2549,2.0776,0.1738,1.2188,0.8574
63.0,0.63,0.7424,-0.1404,1.4847,-0.2808,2.1091,0.1446,1.2488,0.8508
64.0,0.64,0.7517,-0.1541,1.5035,-0.3081,2.1441,0.1142,1.2813,0.8447
65.0,0.65,0.7621,-0.1685,1.5243,-0.3371,2.1825,0.0824,1.3165,0.839
66.0,0.66,0.7736,-0.1839,1.5471,-0.3678,2.2243,0.0489,1.3544,0.8334
67.0,0.67,0.786,-0.2002,1.5719,-0.4004,2.2694,0.0135,1.395,0.8278
68.0,0.68,0.7993,-0.2176,1.5986,-0.4352,2.3178,-0.0242,1.4385,0.822
69.0,0.69,0.8135,-0.2362,1.627,-0.4724,2.3694,-0.0645,1.4848,0.8158
70.0,0.7,0.8285,-0.256,1.657,-0.5121,2.424,-0.1076,1.5341,0.809
71.0,0.71,0.8443,-0.2772,1.6885,-0.5545,2.4817,-0.1538,1.5863,0.8013
72.0,0.72,0.8607,-0.2999,1.7214,-0.5998,2.5422,-0.2036,1.6416,0.7924
73.0,0.73,0.8777,-0.3241,1.7554,-0.6482,2.6054,-0.2571,1.7,0.7822
74.0,0.74,0.8952,-0.35,1.7905,-0.7001,2.6712,-0.3149,1.7614,0.7703
75.0,0.75,0.9132,-0.3777,1.8263,-0.7554,2.7392,-0.3772,1.8259,0.7565
76.0,0.76,0.9283,-0.4059,1.8566,-0.8118,2.8001,-0.4428,1.8871,0.738
77.0,0.77,0.9376,-0.433,1.8751,-0.8661,2.8444,-0.5097,1.9386,0.7127
78.0,0.78,0.9411,-0.4587,1.8823,-0.9174,2.8722,-0.5766,1.9799,0.6815
79.0,0.79,0.9391,-0.4824,1.8783,-0.9648,2.8836,-0.6423,2.0106,0.6451
80.0,0.8,0.9318,-0.5038,1.8635,-1.0077,2.8788,-0.7055,2.0305,0.6044
81.0,0.81,0.9192,-0.5225,1.8385,-1.045,2.858,-0.7649,2.0391,0.5602
82.0,0.82,0.9018,-0.538,1.8035,-1.0761,2.8217,-0.8193,2.0364,0.5136
83.0,0.83,0.8796,-0.55,1.7592,-1.1001,2.7702,-0.8674,2.022,0.4653
84.0,0.84,0.853,-0.5581,1.706,-1.1163,2.7039,-0.9082,1.9958,0.4162
85.0,0.85,0.8223,-0.562,1.6445,-1.124,2.6234,-0.9404,1.9578,0.3672
86.0,0.86,0.7876,-0.5614,1.5752,-1.1227,2.5292,-0.9631,1.9079,0.3192
87.0,0.87,0.7494,-0.5559,1.4988,-1.1118,2.4218,-0.9753,1.846,0.2729
88.0,0.88,0.7078,-0.5454,1.4156,-1.0907,2.3017,-0.9762,1.7723,0.229
89.0,0.89,0.6631,-0.5296,1.3262,-1.0592,2.1696,-0.9651,1.6868,0.1881
90.0,0.9,0.6155,-0.5084,1.231,-1.0169,2.0258,-0.9415,1.5895,0.1508
91.0,0.91,0.5652,-0.4818,1.1305,-0.9635,1.8708,-0.9048,1.4807,0.1175
92.0,0.92,0.5124,-0.4495,1.0249,-0.899,1.7051,-0.8548,1.3605,0.0884
93.0,0.93,0.4572,-0.4117,0.9144,-0.8234,1.5289,-0.7915,1.2289,0.0639
94.0,0.94,0.3996,-0.3683,0.7993,-0.7367,1.3423,-0.7148,1.0861,0.0438
95.0,0.95,0.3397,-0.3195,0.6794,-0.639,1.1455,-0.6249,0.9323,0.0282
96.0,0.96,0.2773,-0.2653,0.5547,-0.5307,0.9384,-0.5223,0.7675,0.0167
97.0,0.97,0.2124,-0.206,0.4249,-0.4121,0.7208,-0.4076,0.5918,0.0088
98.0,0.98,0.1448,-0.1418,0.2895,-0.2836,0.4922,-0.2816,0.4053,0.004
99.0,0.99,0.0741,-0.073,0.1482,-0.146,0.2522,-0.1453,0.208,0.0014
100.0,1.0,-0.0,0.0,-0.0,0.0,-0.0,0.0,-0.0,-0.0

# ***** Accelerations [m.s^-2] *****
# Frame,Time,Body_1_X,Body_1_Y,Body_1_Ux,Body_1_Uy,Body_2_X,Body_2_Y,Body_2_Ux,Body_2_Uy
0.0,0.0,-0.8363,-0.6754,-1.6725,-1.3508,-1.6497,-2.4197,0.0457,-2.1377
1.0,0.01,-1.2771,-0.273,-2.5541,-0.5461,-3.2559,0.497,-1.4035,2.0862
2.0,0.02,-1.3059,-0.2775,-2.6117,-0.5551,-3.3131,0.5026,-1.4027,2.1154
3.0,0.03,-1.3323,-0.2794,-2.6646,-0.5588,-3.3647,0.5157,-1.4001,2.149
4.0,0.04,-1.3563,-0.2787,-2.7125,-0.5573,-3.4103,0.5362,-1.3955,2.1871
5.0,0.05,-1.3776,-0.2753,-2.7551,-0.5507,-3.4495,0.5642,-1.3887,2.2298
6.0,0.06,-1.396,-0.2695,-2.792,-0.5389,-3.4817,0.5996,-1.3795,2.2771
7.0,0.07,-1.4115,-0.2611,-2.8229,-0.5223,-3.5067,0.6422,-1.3675,2.329
8.0,0.08,-1.4238,-0.2504,-2.8476,-0.5008,-3.5239,0.6919,-1.3526,2.3856
9.0,0.09,-1.4328,-0.2374,-2.8657,-0.4748,-3.5329,0.7486,-1.3344,2.4467
10.0,0.1,-1.4385,-0.2221,-2.877,-0.4443,-3.5334,0.8119,-1.3128,2.5123
11.0,0.11,-1.4406,-0.2048,-2.8813,-0.4097,-3.525,0.8815,-1.2874,2.5824
12.0,0.12,-1.4392,-0.1855,-2.8784,-0.3711,-3.5074,0.9573,-1.2581,2.6567
13.0,0.13,-1.434,-0.1644,-2.8681,-0.3289,-3.4803,1.0387,-1.2245,2.7351
14.0,0.14,-1.4251,-0.1417,-2.8502,-0.2834,-3.4435,1.1253,-1.1865,2.8174
15.0,0.15,-1.4124,-0.1174,-2.8248,-0.2348,-3.3967,1.2168,-1.1439,2.9033
16.0,0.16,-1.3958,-0.0918,-2.7916,-0.1836,-3.3398,1.3127,-1.0964,2.9926
17.0,0.17,-1.3753,-0.065,-2.7506,-0.13,-3.2726,1.4125,-1.044,3.0849
18.0,0.18,-1.351,-0.0373,-2.7019,-0.0745,-3.1951,1.5155,-0.9863,3.18
19.0,0.19,-1.3228,-0.0087,-2.6455,-0.0174,-3.1072,1.6214,-0.9234,3.2775
20.0,0.2,-1.2907,0.0205,-2.5814,0.0409,-3.009,1.7294,-0.8551,3.377
21.0,0.21,-1.2549,0.05,-2.5097,0.1,-2.9004,1.8391,-0.7814,3.4781
22.0,0.22,-1.2153,0.0798,-2.4307,0.1596,-2.7817,1.9497,-0.7022,3.5803
23.0,0.23,-1.1722,0.1096,-2.3443,0.2192,-2.653,2.0608,-0.6174,3.6832
24.0,0.24,-1.1255,0.1392,-2.251,0.2784,-2.5146,2.1716,-0.5272,3.7864
25.0,0.25,-1.0754,0.1685,-2.1508,0.3369,-2.3666,2.2816,-0.4316,3.8893
26.0,0.26,-1.0221,0.1972,-2.0441,0.3943,-2.2094,2.3901,-0.3306,3.9915
27.0,0.27,-0.9656,0.2251,-1.9313,0.4503,-2.0435,2.4966,-0.2245,4.0925
28.0,0.28,-0.9063,0.2522,-1.8126,0.5044,-1.8692,2.6003,-0.1133,4.1918
29.0,0.29,-0.8442,0.2782,-1.6884,0.5564,-1.687,2.7009,0.0027,4.2889
30.0,0.3,-0.7796,0.303,-1.5592,0.606,-1.4975,2.7976,0.1234,4.3833
31.0,0.31,-0.7126,0.3264,-1.4253,0.6528,-1.3011,2.89,0.2483,4.4744
32.0,0.32,-0.6436,0.3483,-1.2872,0.6966,-1.0985,2.9776,0.3773,4.562
33.0,0.33,-0.5727,0.3686,-1.1454,0.7371,-0.8904,3.0598,0.51,4.6453
34.0,0.34,-0.5002,0.3871,-1.0003,0.7742,-0.6773,3.1363,0.646,4.7241
35.0,0.35,-0.4263,0.4038,-0.8525,0.8076,-0.46,3.2066,0.785,4.798
36.0,0.36,-0.3512,0.4186,-0.7025,0.8372,-0.2392,3.2704,0.9265,4.8664
37.0,0.37,-0.2753,0.4314,-0.5507,0.8628,-0.0157,3.3273,1.07,4.929
38.0,0.38,-0.1989,0.4422,-0.3977,0.8844,0.2099,3.3771,1.2152,4.9855
39.0,0.39,-0.122,0.4509,-0.244,0.9018,0.4367,3.4196,1.3614,5.0355
40.0,0.4,-0.0451,0.4575,-0.0902,0.915,0.664,3.4544,1.5083,5.0789
41.0,0.41,0.0316,0.462,0.0633,0.924,0.8909,3.4816,1.6553,5.1152
42.0,0.42,0.108,0.4644,0.2159,0.9287,1.1169,3.5009,1.8019,5.1444
43.0,0.43,0.1836,0.4647,0.3672,0.9293,1.341,3.5124,1.9476,5.1662
44.0,0.44,0.2583,0.4629,0.5167,0.9258,1.5626,3.5161,2.0918,5.1805
45.0,0.45,0.3319,0.4591,0.6638,0.9183,1.7808,3.5119,2.234,5.1872
46.0,0.46,0.4041,0.4534,0.8083,0.9068,1.9951,3.4999,2.3737,5.1862
47.0,0.47,0.4748,0.4458,0.9495,0.8916,2.2047,3.4804,2.5104,5.1775
48.0,0.48,0.5436,0.4364,1.0872,0.8728,2.409,3.4534,2.6435,5.1612
49.0,0.49,0.6105,0.4253,1.221,0.8505,2.6073,3.4191,2.7727,5.1372
50.0,0.5,0.6752,0.4125,1.3504,0.825,2.7991,3.3778,2.8973,5.1057
51.0,0.51,0.5733,0.3993,1.1466,0.7986,2.5372,3.2176,2.7811,4.838
52.0,0.52,0.4699,0.3882,0.9398,0.7764,2.269,3.0668,2.6584,4.5806
53.0,0.53,0.3657,0.3806,0.7314,0.7612,1.9992,2.9327,2.5355,4.3431
54.0,0.54,0.2616,0.3763,0.5232,0.7527,1.7304,2.8156,2.4142,4.1258
55.0,0.55,0.1584,0.3754,0.3168,0.7508,1.465,2.7153,2.2964,3.9291
56.0,0.56,0.0568,0.3776,0.1136,0.7552,1.2056,2.6319,2.184,3.7535
57.0,0.57,-0.0424,0.3828,-0.0847,0.7657,0.9548,2.5654,2.079,3.5994
58.0,0.58,-0.1383,0.391,-0.2766,0.782,0.715,2.5157,1.9833,3.4673
59.0,0.59,-0.2303,0.4019,-0.4606,0.8038,0.4891,2.4826,1.8993,3.3576
60.0,0.6,-0.3174,0.4153,-0.6349,0.8306,0.2797,2.4661,1.8292,3.2709
61.0,0.61,-0.3989,0.431,-0.7978,0.8621,0.0899,2.4659,1.7754,3.2077
62.0,0.62,-0.4738,0.4488,-0.9477,0.8976,-0.0774,2.4818,1.7406,3.1684
63.0,0.63,-0.5413,0.4683,-1.0826,0.9366,-0.2187,2.5134,1.7278,3.1537
64.0,0.64,-0.6003,0.4891,-1.2007,0.9783,-0.3307,2.5603,1.7398,3.1639
65.0,0.65,-0.6499,0.511,-1.2998,1.0219,-0.4097,2.6217,1.7802,3.1996
66.0,0.66,-0.6889,0.5333,-1.3778,1.0665,-0.4516,2.6971,1.8526,3.2611
67.0,0.67,-0.7163,0.5555,-1.4326,1.111,-0.4522,2.7854,1.9607,3.3488
68.0,0.68,-0.7308,0.577,-1.4616,1.154,-0.4071,2.8853,2.109,3.4626
69.0,0.69,-0.7313,0.5971,-1.4625,1.1942,-0.3116,2.9955,2.3019,3.6026
70.0,0.7,-0.7163,0.6149,-1.4327,1.2299,-0.1605,3.1141,2.5443,3.7686
71.0,0.71,-0.6847,0.6295,-1.3694,1.2591,0.0514,3.239,2.8417,3.9599
72.0,0.72,-0.635,0.6398,-1.27,1.2796,0.3297,3.3675,3.1995,4.1758
73.0,0.73,-0.5659,0.6446,-1.1317,1.2891,0.6802,3.4966,3.6239,4.415
74.0,0.74,-0.4758,0.6424,-0.9516,1.2848,1.1089,3.6226,4.1211,4.6756
75.0,0.75,-0.3635,0.6318,-0.727,1.2636,1.6219,3.7413,4.6979,4.9555
76.0,0.76,0.2179,0.5112,0.4358,1.0224,3.5401,3.7953,6.2085,5.5459
77.0,0.77,0.7617,0.3893,1.5234,0.7786,5.3525,3.7935,7.6581,6.0298
78.0,0.78,1.259,0.2629,2.518,0.5259,7.0089,3.7104,8.9817,6.3691
79.0,0.79,1.7044,0.1361,3.4088,0.2723,8.4871,3.5551,10.1564,6.5657
80.0,0.8,2.0935,0.0133,4.187,0.0266,9.7679,3.3391,11.1618,6.6251
81.0,0.81,2.4229,-0.1011,4.8458,-0.2021,10.8358,3.076,11.9801,6.5563
82.0,0.82,2.6906,-0.2023,5.3811,-0.4047,11.6795,2.7808,12.5969,6.3709
83.0,0.83,2.8957,-0.2863,5.7914,-0.5725,12.2924,2.4691,13.0021,6.0833
84.0,0.84,3.0389,-0.349,6.0778,-0.698,12.6728,2.1567,13.19,5.7094
85.0,0.85,3.1221,-0.3873,6.2441,-0.7746,12.8241,1.8585,13.1599,5.2662
86.0,0.86,3.1484,-0.3987,6.2967,-0.7974,12.7547,1.5882,12.9159,4.7714
87.0,0.87,3.1221,-0.3818,6.2443,-0.7636,12.478,1.3575,12.4675,4.2422
88.0,0.88,3.0488,-0.3361,6.0977,-0.6722,12.0121,1.1755,11.829,3.6954
89.0,0.89,2.9348,-0.2622,5.8695,-0.5244,11.3794,1.0486,11.0197,3.1459
90.0,0.9,2.7871,-0.1618,5.5742,-0.3237,10.606,0.98,10.0636,2.6074
91.0,0.91,2.6136,-0.0378,5.2271,-0.0757,9.7215,0.9699,8.9888,2.0911
92.0,0.92,2.4225,0.1059,4.845,0.2118,8.7588,1.0148,7.8276,1.6061
93.0,0.93,2.2227,0.2645,4.4455,0.5291,7.7533,1.1085,6.6156,1.159
94.0,0.94,2.0233,0.4323,4.0466,0.8646,6.7427,1.2417,5.392,0.7543
95.0,0.95,1.8338,0.6026,3.6676,1.2053,5.767,1.4026,4.1989,0.3946
96.0,0.96,1.664,0.7683,3.328,1.5367,4.8686,1.5772,3.0812,0.081
97.0,0.97,1.5242,0.9217,3.0483,1.8433,4.0916,1.7501,2.0865,-0.1864
98.0,0.98,1.425,1.0544,2.8501,2.1088,3.4826,1.9052,1.265,-0.4073
99.0,0.99,1.378,1.1582,2.756,2.3163,3.0907,2.0259,0.6694,-0.5808
100.0,1.0,1.3952,1.2244,2.7903,2.4489,2.9678,2.0969,0.355,-0.7039

# ***** Angles [deg] *****
# Frame,Time
0.0,0.0,0.0,0.0
1.0,0.01,0.0,0.0
2.0,0.02,0.0,0.0
3.0,0.03,0.0,0.0
4.0,0.04,0.0,0.0
5.0,0.05,0.0,0.0
6.0,0.06,0.0,0.0
7.0,0.07,0.0,0.0
8.0,0.08,0.0,0.0
9.0,0.09,0.0,0.0
10.0,0.1,0.0,0.0
11.0,0.11,0.0,0.0
12.0,0.12,0.0,0.0
13.0,0.13,0.0,0.0
14.0,0.14,0.0,0.0
15.0,0.15,0.0,0.0
16.0,0.16,0.0,0.0
17.0,0.17,0.0,0.0
18.0,0.18,0.0,0.0
19.0,0.19,0.0,0.0
20.0,0.2,0.0,0.0
21.0,0.21,0.0,0.0
22.0,0.22,0.0,0.0
23.0,0.23,0.0,0.0
24.0,0.24,0.0,0.0
25.0,0.25,0.0,0.0
26.0,0.26,0.0,0.0
27.0,0.27,0.0,0.0
28.0,0.28,0.0,0.0
29.0,0.29,0.0,0.0
30.0,0.3,0.0,0.0
31.0,0.31,0.0,0.0
32.0,0.32,0.0,0.0
33.0,0.33,0.0,0.0
34.0,0.34,0.0,0.0
35.0,0.35,0.0,0.0
36.0,0.36,0.0,0.0
37.0,0.37,0.0,0.0
38.0,0.38,0.0,0.0
39.0,0.39,0.0,0.0
40.0,0.4,0.0,0.0
41.0,0.41,0.0,0.0
42.0,0.42,0.0,0.0
43.0,0.43,0.0,0.0
44.0,0.44,0.0,0.0
45.0,0.45,0.0,0.0
46.0,0.46,0.0,0.0
47.0,0.47,0.0,0.0
48.0,0.48,0.0,0.0
49.0,0.49,0.0,0.0
50.0,0.5,0.0,0.0
51.0,0.51,0.0,0.0
52.0,0.52,0.0,0.0
53.0,0.53,0.0,0.0
54.0,0.54,0.0,0.0
55.0,0.55,0.0,0.0
56.0,0.56,0.0,0.0
57.0,0.57,0.0,0.0
58.0,0.58,0.0,0.0
59.0,0.59,0.0,0.0
60.0,0.6,0.0,0.0
61.0,0.61,0.0,0.0
62.0,0.62,0.0,0.0
63.0,0.63,0.0,0.0
64.0,0.64,0.0,0.0
65.0,0.65,0.0,0.0
66.0,0.66,0.0,0.0
67.0,0.67,0.0,0.0
68.0,0.68,0.0,0.0
69.0,0.69,0.0,0.0
70.0,0.7,0.0,0.0
71.0,0.71,0.0,0.0
72.0,0.72,0.0,0.0
73.0,0.73,0.0,0.0
74.0,0.74,0.0,0.0
75.0,0.75,0.0,0.0
76.0,0.76,0.0,0.0
77.0,0.77,0.0,0.0
78.0,0.78,0.0,0.0
79.0,0.79,0.0,0.0
80.0,0.8,0.0,0.0
81.0,0.81,0.0,0.0
82.0,0.82,0.0,0.0
83.0,0.83,0.0,0.0
84.0,0.84,0.0,0.0
85.0,0.85,0.0,0.0
86.0,0.86,0.0,0.0
87.0,0.87,0.0,0.0
88.0,0.88,0.0,0.0
89.0,0.89,0.0,0.0
90.0,0.9,0.0,0.0
91.0,0.91,0.0,0.0
92.0,0.92,0.0,0.0
93.0,0.93,0.0,0.0
94.0,0.94,0.0,0.0
95.0,0.95,0.0,0.0
96.0,0.96,0.0,0.0
97.0,0.97,0.0,0.0
98.0,0.98,0.0,0.0
99.0,0.99,0.0,0.0
100.0,1.0,0.0,0.0

# ***** Angles Velocities [deg.s^-1] *****
# Frame,Time
0.0,0.0,0.0,0.0
1.0,0.01,0.0,0.0
2.0,0.02,0.0,0.0
3.0,0.03,0.0,0.0
4.0,0.04,0.0,0.0
5.0,0.05,0.0,0.0
6.0,0.06,0.0,0.0
7.0,0.07,0.0,0.0
8.0,0.08,0.0,0.0
9.0,0.09,0.0,0.0
10.0,0.1,0.0,0.0
11.0,0.11,0.0,0.0
12.0,0.12,0.0,0.0
13.0,0.13,0.0,0.0
14.0,0.14,0.0,0.0
15.0,0.15,0.0,0.0
16.0,0.16,0.0,0.0
17.0,0.17,0.0,0.0
18.0,0.18,0.0,0.0
19.0,0.19,0.0,0.0
20.0,0.2,0.0,0.0
21.0,0.21,0.0,0.0
22.0,0.22,0.0,0.0
23.0,0.23,0.0,0.0
24.0,0.24,0.0,0.0
25.0,0.25,0.0,0.0
26.0,0.26,0.0,0.0
27.0,0.27,0.0,0.0
28.0,0.28,0.0,0.0
29.0,0.29,0.0,0.0
30.0,0.3,0.0,0.0
31.0,0.31,0.0,0.0
32.0,0.32,0.0,0.0
33.0,0.33,0.0,0.0
34.0,0.34,0.0,0.0
35.0,0.35,0.0,0.0
36.0,0.36,0.0,0.0
37.0,0.37,0.0,0.0
38.0,0.38,0.0,0.0
39.0,0.39,0.0,0.0
40.0,0.4,0.0,0.0
41.0,0.41,0.0,0.0
42.0,0.42,0.0,0.0
43.0,0.43,0.0,0.0
44.0,0.44,0.0,0.0
45.0,0.45,0.0,0.0
46.0,0.46,0.0,0.0
47.0,0.47,0.0,0.0
48.0,0.48,0.0,0.0
49.0,0.49,0.0,0.0
50.0,0.5,0.0,0.0
51.0,0.51,0.0,0.0
52.0,0.52,0.0,0.0
53.0,0.53,0.0,0.0
54.0,0.54,0.0,0.0
55.0,0.55,0.0,0.0
56.0,0.56,0.0,0.0
57.0,0.57,0.0,0.0
58.0,0.58,0.0,0.0
59.0,0.59,0.0,0.0
60.0,0.6,0.0,0.0
61.0,0.61,0.0,0.0
62.0,0.62,0.0,0.0
63.0,0.63,0.0,0.0
64.0,0.64,0.0,0.0
65.0,0.65,0.0,0.0
66.0,0.66,0.0,0.0
67.0,0.67,0.0,0.0
68.0,0.68,0.0,0.0
69.0,0.69,0.0,0.0
70.0,0.7,0.0,0.0
71.0,0.71,0.0,0.0
72.0,0.72,0.0,0.0
73.0,0.73,0.0,0.0
74.0,0.74,0.0,0.0
75.0,0.75,0.0,0.0
76.0,0.76,0.0,0.0
77.0,0.77,0.0,0.0
78.0,0.78,0.0,0.0
79.0,0.79,0.0,0.0
80.0,0.8,0.0,0.0
81.0,0.81,0.0,0.0
82.0,0.82,0.0,0.0
83.0,0.83,0.0,0.0
84.0,0.84,0.0,0.0
85.0,0.85,0.0,0.0
86.0,0.86,0.0,0.0
87.0,0.87,0.0,0.0
88.0,0.88,0.0,0.0
89.0,0.89,0.0,0.0
90.0,0.9,0.0,0.0
91.0,0.91,0.0,0.0
92.0,0.92,0.0,0.0
93.0,0.93,0.0,0.0
94.0,0.94,0.0,0.0
95.0,0.95,0.0,0.0
96.0,0.96,0.0,0.0
97.0,0.97,0.0,0.0
98.0,0.98,0.0,0.0
99.0,0.99,0.0,0.0
100.0,1.0,0.0,0.0

# ***** Angles Accelerations [deg.s^-2] *****
# Frame,Time
0.0,0.0,0.0,0.0
1.0,0.01,0.0,0.0
2.0,0.02,0.0,0.0
3.0,0.03,0.0,0.0
4.0,0.04,0.0,0.0
5.0,0.05,0.0,0.0
6.0,0.06,0.0,0.0
7.0,0.07,0.0,0.0
8.0,0.08,0.0,0.0
9.0,0.09,0.0,0.0
10.0,0.1,0.0,0.0
11.0,0.11,0.0,0.0
12.0,0.12,0.0,0.0
13.0,0.13,0.0,0.0
14.0,0.14,0.0,0.0
15.0,0.15,0.0,0.0
16.0,0.16,0.0,0.0
17.0,0.17,0.0,0.0
18.0,0.18,0.0,0.0
19.0,0.19,0.0,0.0
20.0,0.2,0.0,0.0
21.0,0.21,0.0,0.0
22.0,0.22,0.0,0.0
23.0,0.23,0.0,0.0
24.0,0.24,0.0,0.0
25.0,0.25,0.0,0.0
26.0,0.26,0.0,0.0
27.0,0.27,0.0,0.0
28.0,0.28,0.0,0.0
29.0,0.29,0.0,0.0
30.0,0.3,0.0,0.0
31.0,0.31,0.0,0.0
32.0,0.32,0.0,0.0
33.0,0.33,0.0,0.0
34.0,0.34,0.0,0.0
35.0,0.35,0.0,0.0
36.0,0.36,0.0,0.0
37.0,0.37,0.0,0.0
38.0,0.38,0.0,0.0
39.0,0.39,0.0,0.0
40.0,0.4,0.0,0.0
41.0,0.41,0.0,0.0
42.0,0.42,0.0,0.0
43.0,0.43,0.0,0.0
44.0,0.44,0.0,0.0
45.0,0.45,0.0,0.0
46.0,0.46,0.0,0.0
47.0,0.47,0.0,0.0
48.0,0.48,0.0,0.0
49.0,0.49,0.0,0.0
50.0,0.5,0.0,0.0
51.0,0.51,0.0,0.0
52.0,0.52,0.0,0.0
53.0,0.53,0.0,0.0
54.0,0.54,0.0,0.0
55.0,0.55,0.0,0.0
56.0,0.56,0.0,0.0
57.0,0.57,0.0,0.0
58.0,0.58,0.0,0.0
59.0,0.59,0.0,0.0
60.0,0.6,0.0,0.0
61.0,0.61,0.0,0.0
62.0,0.62,0.0,0.0
63.0,0.63,0.0,0.0
64.0,0.64,0.0,0.0
65.0,0.65,0.0,0.0
66.0,0.66,0.0,0.0
67.0,0.67,0.0,0.0
68.0,0.68,0.0,0.0
69.0,0.69,0.0,0.0
70.0,0.7,0.0,0.0
71.0,0.71,0.0,0.0
72.0,0.72,0.0,0.0
73.0,0.73,0.0,0.0
74.0,0.74,0.0,0.0
75.0,0.75,0.0,0.0
76.0,0.76,0.0,0.0
77.0,0.77,0.0,0.0
78.0,0.78,0.0,0.0
79.0,0.79,0.0,0.0
80.0,0.8,0.0,0.0
81.0,0.81,0.0,0.0
82.0,0.82,0.0,0.0
83.0,0.83,0.0,0.0
84.0,0.84,0.0,0.0
85.0,0.85,0.0,0.0
86.0,0.86,0.0,0.0
87.0,0.87,0.0,0.0
88.0,0.88,0.0,0.0
89.0,0.89,0.0,0.0
90.0,0.9,0.0,0.0
91.0,0.91,0.0,0.0
92.0,0.92,0.0,0.0
93.0,0.93,0.0,0.0
94.0,0.94,0.0,0.0
95.0,0.95,0.0,0.0
96.0,0.96,0.0,0.0
97.0,0.97,0.0,0.0
98.0,0.98,0.0,0.0
99.0,0.99,0.0,0.0
100.0,1.0,0.0,0.0

