# Model:
# Number_of_Rigid_Bodies:12
# Number_of_Frames:11
# Sampling_Frequency:100

# ***** Coordinates [m] *****
# Frame,Time,Body_1_X,Body_1_Y,Body_1_Ux,Body_1_Uy,Body_2_X,Body_2_Y,Body_2_Ux,Body_2_Uy,Body_3_X,Body_3_Y,Body_3_Ux,Body_3_Uy,Body_4_X,Body_4_Y,Body_4_Ux,Body_4_Uy,Body_5_X,Body_5_Y,Body_5_Ux,Body_5_Uy,Body_6_X,Body_6_Y,Body_6_Ux,Body_6_Uy,Body_7_X,Body_7_Y,Body_7_Ux,Body_7_Uy,Body_8_X,Body_8_Y,Body_8_Ux,Body_8_Uy,Body_9_X,Body_9_Y,Body_9_Ux,Body_9_Uy,Body_10_X,Body_10_Y,Body_10_Ux,Body_10_Uy,Body_11_X,Body_11_Y,Body_11_Ux,Body_11_Uy,Body_12_X,Body_12_Y,Body_12_Ux,Body_12_Uy
0.0,0.0,-0.9085,0.9861,0.9998,0.0184,-0.8622,1.456,0.93,-0.3676,-0.9209,1.1912,0.9989,-0.0471,-0.9344,1.1976,0.9879,-0.1551,-0.8941,0.9496,0.894,0.4481,-0.9441,0.9592,0.9783,0.2071,-0.8865,0.6512,0.9932,0.116,-0.8552,0.6528,0.9539,0.3001,-0.8779,0.2825,0.9949,-0.1007,-0.8801,0.3214,0.8069,-0.5907,-0.845,0.0534,0.3649,0.9311,-0.9712,0.1043,0.8993,0.4374
1.0,0.01,-0.8972,0.9869,0.9998,0.0188,-0.8514,1.457,0.9312,-0.3644,-0.9089,1.192,0.9992,-0.0406,-0.9242,1.1986,0.9867,-0.1628,-0.879,0.9514,0.8809,0.4733,-0.937,0.9601,0.9832,0.1827,-0.8789,0.6517,0.9957,0.093,-0.8406,0.6547,0.9477,0.3192,-0.876,0.2825,0.9944,-0.1055,-0.8546,0.3199,0.8378,-0.546,-0.844,0.0534,0.3662,0.9305,-0.933,0.0986,0.8675,0.4974
2.0,0.02,-0.8859,0.9877,0.9998,0.0192,-0.8408,1.458,0.9325,-0.3611,-0.8969,1.1927,0.9994,-0.0341,-0.914,1.1995,0.9854,-0.1702,-0.8639,0.9532,0.8671,0.4982,-0.9299,0.9609,0.9873,0.1588,-0.8712,0.6521,0.9975,0.0702,-0.8262,0.6565,0.9412,0.3377,-0.8739,0.2826,0.9939,-0.1105,-0.829,0.3188,0.8664,-0.4993,-0.8431,0.0536,0.3678,0.9299,-0.8944,0.0939,0.8317,0.5552
3.0,0.03,-0.8747,0.9883,0.9998,0.0197,-0.8302,1.4588,0.9339,-0.3576,-0.8849,1.1933,0.9996,-0.0274,-0.9038,1.2002,0.9841,-0.1774,-0.8489,0.9548,0.8526,0.5226,-0.9227,0.9616,0.9908,0.1356,-0.8635,0.6525,0.9989,0.0479,-0.812,0.6582,0.9348,0.3552,-0.8717,0.2828,0.9933,-0.1155,-0.8034,0.3178,0.893,-0.45,-0.842,0.0538,0.3695,0.9292,-0.8555,0.0901,0.7919,0.6106
4.0,0.04,-0.8635,0.9887,0.9998,0.0203,-0.8197,1.4594,0.9353,-0.3538,-0.873,1.1936,0.9998,-0.0205,-0.8937,1.2008,0.9829,-0.1842,-0.8339,0.9564,0.8373,0.5467,-0.9154,0.9621,0.9935,0.1136,-0.8557,0.6528,0.9997,0.0263,-0.7979,0.6597,0.9284,0.3715,-0.8693,0.283,0.9927,-0.1207,-0.7778,0.3169,0.9174,-0.398,-0.8407,0.054,0.3714,0.9285,-0.8163,0.087,0.7481,0.6636
5.0,0.05,-0.8523,0.9888,0.9998,0.021,-0.8094,1.4597,0.9369,-0.3496,-0.8612,1.1938,0.9999,-0.0134,-0.8836,1.2011,0.9817,-0.1907,-0.819,0.9577,0.8213,0.5705,-0.9079,0.9624,0.9957,0.093,-0.8478,0.6529,1.0,0.0054,-0.7841,0.6608,0.9224,0.3863,-0.8667,0.2831,0.992,-0.126,-0.7524,0.316,0.9394,-0.3427,-0.8392,0.0541,0.3736,0.9276,-0.7767,0.0847,0.7003,0.7138
6.0,0.06,-0.8412,0.9887,0.9998,0.0219,-0.7992,1.4599,0.9386,-0.345,-0.8494,1.1936,1.0,-0.006,-0.8735,1.2011,0.9805,-0.1967,-0.8041,0.9589,0.8046,0.5938,-0.9003,0.9625,0.9973,0.074,-0.8397,0.6528,0.9999,-0.0147,-0.7707,0.6617,0.9168,0.3994,-0.8638,0.2832,0.9913,-0.1316,-0.7271,0.3151,0.9588,-0.2842,-0.8375,0.0542,0.3762,0.9265,-0.7367,0.0831,0.6488,0.761
7.0,0.07,-0.8301,0.9883,0.9997,0.023,-0.7892,1.4597,0.9404,-0.3401,-0.8376,1.1932,1.0,0.0015,-0.8635,1.2008,0.9793,-0.2022,-0.7893,0.9598,0.7873,0.6166,-0.8925,0.9624,0.9984,0.0566,-0.8315,0.6525,0.9994,-0.0338,-0.7575,0.6621,0.9118,0.4107,-0.8606,0.2831,0.9905,-0.1376,-0.702,0.3142,0.9749,-0.2225,-0.8357,0.0541,0.3792,0.9253,-0.6966,0.0824,0.5938,0.8046
8.0,0.08,-0.819,0.9876,0.9997,0.0241,-0.7792,1.4593,0.9422,-0.3349,-0.8259,1.1925,1.0,0.0091,-0.8534,1.2003,0.9783,-0.2073,-0.7745,0.9605,0.7696,0.6386,-0.8845,0.9619,0.9992,0.0408,-0.8232,0.6519,0.9986,-0.0521,-0.7446,0.6621,0.9074,0.4202,-0.8571,0.2828,0.9896,-0.144,-0.6772,0.3132,0.9875,-0.1579,-0.8337,0.0538,0.3827,0.9239,-0.6564,0.0825,0.5359,0.8443
9.0,0.09,-0.8078,0.9867,0.9997,0.0253,-0.7692,1.4585,0.9441,-0.3297,-0.8142,1.1916,0.9999,0.0166,-0.8433,1.1994,0.9773,-0.212,-0.7599,0.961,0.7515,0.6597,-0.8762,0.9612,0.9996,0.0268,-0.8147,0.6511,0.9976,-0.0695,-0.732,0.6618,0.9039,0.4277,-0.8535,0.2824,0.9885,-0.1512,-0.6527,0.3123,0.9958,-0.0912,-0.8316,0.0534,0.3869,0.9221,-0.6165,0.0837,0.4758,0.8795
10.0,0.1,-0.7967,0.9854,0.9996,0.0265,-0.7592,1.4576,0.9458,-0.3247,-0.8024,1.1903,0.9997,0.024,-0.8331,1.1983,0.9763,-0.2162,-0.7453,0.9612,0.7335,0.6797,-0.8676,0.9602,0.9999,0.0143,-0.806,0.6501,0.9963,-0.0862,-0.7197,0.661,0.9012,0.4334,-0.8496,0.2819,0.9872,-0.1592,-0.6288,0.3116,0.9997,-0.0235,-0.8295,0.0529,0.3918,0.9201,-0.5771,0.0859,0.4145,0.91

# ***** Velocities [m.s^-1] *****
# Frame,Time,Body_1_X,Body_1_Y,Body_1_Ux,Body_1_Uy,Body_2_X,Body_2_Y,Body_2_Ux,Body_2_Uy,Body_3_X,Body_3_Y,Body_3_Ux,Body_3_Uy,Body_4_X,Body_4_Y,Body_4_Ux,Body_4_Uy,Body_5_X,Body_5_Y,Body_5_Ux,Body_5_Uy,Body_6_X,Body_6_Y,Body_6_Ux,Body_6_Uy,Body_7_X,Body_7_Y,Body_7_Ux,Body_7_Uy,Body_8_X,Body_8_Y,Body_8_Ux,Body_8_Uy,Body_9_X,Body_9_Y,Body_9_Ux,Body_9_Uy,Body_10_X,Body_10_Y,Body_10_Ux,Body_10_Uy,Body_11_X,Body_11_Y,Body_11_Ux,Body_11_Uy,Body_12_X,Body_12_Y,Body_12_Ux,Body_12_Uy
0.0,0.0,1.1414,0.0859,0.0006,-0.0339,1.117,0.1003,0.0989,0.2503,1.2291,0.0826,0.0272,0.578,1.0469,0.1028,-0.1309,-0.8336,1.5224,0.175,-1.2457,2.4855,0.7158,0.0834,0.5324,-2.5148,0.7504,0.0409,0.2777,-2.3769,1.4473,0.184,-0.5876,1.8675,0.1595,-0.0092,-0.0553,-0.5469,2.5164,-0.1726,3.1678,4.3268,0.0408,-0.0091,0.1966,-0.077,3.7568,-0.6238,-2.9418,6.0477
1.0,0.01,1.1417,0.0802,0.0007,-0.0363,1.1181,0.0945,0.0982,0.251,1.23,0.0774,0.0234,0.5761,1.049,0.0978,-0.1364,-0.8267,1.5193,0.1755,-1.3104,2.4389,0.7204,0.0846,0.4638,-2.4952,0.7519,0.0443,0.2211,-2.3673,1.4387,0.1823,-0.6117,1.816,0.1607,0.0069,-0.0596,-0.5621,2.524,-0.1337,2.9368,4.5059,0.0383,0.007,0.2125,-0.0836,3.7862,-0.514,-3.3394,5.8241
2.0,0.02,1.142,0.0683,0.0008,-0.0435,1.1202,0.0827,0.099,0.2557,1.2324,0.066,0.0196,0.5733,1.0527,0.0865,-0.1414,-0.8188,1.5174,0.1697,-1.3726,2.3892,0.7293,0.0796,0.3934,-2.4463,0.7547,0.0414,0.165,-2.3445,1.422,0.1713,-0.6178,1.7219,0.1643,0.0168,-0.0652,-0.5867,2.5191,-0.1099,2.718,4.717,0.0362,0.0164,0.2419,-0.0957,3.809,-0.4222,-3.7305,5.5891
3.0,0.03,1.1424,0.0508,0.0011,-0.0548,1.1232,0.0656,0.101,0.2637,1.2361,0.0491,0.0156,0.5697,1.058,0.0697,-0.146,-0.8098,1.5163,0.1581,-1.4322,2.3365,0.7419,0.0688,0.3245,-2.3704,0.7587,0.0327,0.1108,-2.3099,1.3985,0.1515,-0.6044,1.5905,0.1704,0.0206,-0.0721,-0.6201,2.5043,-0.0993,2.5003,4.9614,0.0342,0.0193,0.2832,-0.1126,3.8276,-0.3442,-4.1158,5.3382
4.0,0.04,1.143,0.0287,0.0014,-0.0687,1.127,0.044,0.1035,0.2737,1.2407,0.0277,0.0116,0.5647,1.0647,0.0482,-0.1498,-0.7991,1.5157,0.1418,-1.4886,2.2797,0.7579,0.0529,0.2598,-2.2716,0.764,0.0189,0.0595,-2.2657,1.3698,0.124,-0.5719,1.4293,0.1785,0.019,-0.0804,-0.6614,2.4823,-0.0988,2.2709,5.235,0.0326,0.0165,0.3342,-0.1337,3.8433,-0.2744,-4.4921,5.0643
5.0,0.05,1.1441,0.0032,0.0018,-0.0835,1.1316,0.0189,0.1061,0.2843,1.2459,0.0028,0.0075,0.5581,1.0724,0.0231,-0.1526,-0.7857,1.5148,0.1216,-1.5403,2.2175,0.777,0.0328,0.2012,-2.1533,0.771,0.0009,0.0119,-2.2132,1.3375,0.09,-0.5215,1.2452,0.1888,0.0128,-0.0903,-0.7106,2.4549,-0.105,2.0172,5.5291,0.0311,0.0089,0.393,-0.1583,3.8558,-0.2076,-4.8523,4.7604
6.0,0.06,1.1457,-0.0247,0.0021,-0.0976,1.1367,-0.0086,0.1079,0.2934,1.2512,-0.0245,0.0033,0.5495,1.0811,-0.0045,-0.1541,-0.7683,1.5132,0.0986,-1.5853,2.148,0.7988,0.0094,0.1497,-2.0192,0.7798,-0.02,-0.0316,-2.1538,1.3034,0.051,-0.4557,1.0459,0.2011,0.0029,-0.102,-0.768,2.4232,-0.114,1.7279,5.8285,0.0299,-0.0023,0.4577,-0.1858,3.863,-0.1381,-5.1859,4.421
7.0,0.07,1.1481,-0.0537,0.0025,-0.1091,1.1421,-0.0374,0.1082,0.2992,1.256,-0.0528,-0.0008,0.5385,1.0902,-0.0333,-0.1539,-0.7454,1.5101,0.0738,-1.6208,2.0697,0.823,-0.0161,0.1061,-1.8731,0.7909,-0.0427,-0.0706,-2.0881,1.2694,0.009,-0.3784,0.8399,0.2156,-0.0093,-0.1158,-0.8336,2.3875,-0.1218,1.3947,6.111,0.0289,-0.0157,0.5264,-0.2157,3.8604,-0.0611,-5.4789,4.043
8.0,0.08,1.1513,-0.0823,0.0028,-0.1165,1.1477,-0.0661,0.1066,0.2998,1.2599,-0.0807,-0.0048,0.5251,1.0997,-0.0621,-0.1516,-0.7156,1.5047,0.0483,-1.644,1.9812,0.8492,-0.0425,0.0703,-1.719,0.8042,-0.0658,-0.1052,-2.017,1.2373,-0.0336,-0.2947,0.6365,0.2323,-0.0225,-0.1321,-0.9077,2.3473,-0.1247,1.0153,6.3479,0.0283,-0.0295,0.5975,-0.2475,3.8417,0.0266,-5.7148,3.6272
9.0,0.09,1.1551,-0.1092,0.003,-0.1186,1.1531,-0.0935,0.1025,0.2935,1.2623,-0.1071,-0.0085,0.5094,1.109,-0.0895,-0.147,-0.6776,1.4967,0.0232,-1.6517,1.8817,0.877,-0.0685,0.0419,-1.5608,0.8201,-0.0878,-0.1352,-1.9408,1.2088,-0.0746,-0.2106,0.445,0.2512,-0.0351,-0.1514,-0.9902,2.3014,-0.1199,0.5961,6.5069,0.028,-0.0423,0.6696,-0.2809,3.7998,0.1252,-5.8757,3.1786
10.0,0.1,1.1596,-0.1332,0.003,-0.1144,1.1582,-0.1185,0.0958,0.2791,1.263,-0.1306,-0.0118,0.4917,1.118,-0.1145,-0.1397,-0.6307,1.4857,-0.0006,-1.641,1.7708,0.9061,-0.093,0.0201,-1.4014,0.8384,-0.1077,-0.1609,-1.8598,1.1855,-0.1117,-0.132,0.2745,0.2723,-0.0459,-0.1743,-1.0808,2.2484,-0.1065,0.154,6.5559,0.028,-0.0525,0.742,-0.316,3.7274,0.2312,-5.9439,2.7076

# ***** Accelerations [m.s^-2] *****
# Frame,Time,Body_1_X,Body_1_Y,Body_1_Ux,Body_1_Uy,Body_2_X,Body_2_Y,Body_2_Ux,Body_2_Uy,Body_3_X,Body_3_Y,Body_3_Ux,Body_3_Uy,Body_4_X,Body_4_Y,Body_4_Ux,Body_4_Uy,Body_5_X,Body_5_Y,Body_5_Ux,Body_5_Uy,Body_6_X,Body_6_Y,Body_6_Ux,Body_6_Uy,Body_7_X,Body_7_Y,Body_7_Ux,Body_7_Uy,Body_8_X,Body_8_Y,Body_8_Ux,Body_8_Uy,Body_9_X,Body_9_Y,Body_9_Ux,Body_9_Uy,Body_10_X,Body_10_Y,Body_10_Ux,Body_10_Uy,Body_11_X,Body_11_Y,Body_11_Ux,Body_11_Uy,Body_12_X,Body_12_Y,Body_12_Ux,Body_12_Uy
0.0,0.0,0.0407,-0.3855,-0.7063,-0.0107,0.0733,-0.6161,0.0519,-0.2029,0.0248,-0.5713,-0.3957,-0.1471,0.1152,-0.583,-0.3196,0.5588,0.1053,-0.4007,-1.3153,1.3562,0.3352,-0.4624,-0.8804,1.6594,0.1664,-0.032,-1.4234,0.7878,0.1149,-0.0942,-1.0083,0.4555,0.215,0.3441,-0.4675,-0.745,-0.3273,0.5996,-3.0982,-3.5392,0.0466,0.4019,0.6881,-0.2184,-1.3188,1.0813,2.2255,-4.5754
1.0,0.01,0.0345,-0.9129,-0.1637,-0.4825,0.1671,-0.9617,0.0444,0.2098,0.1639,-0.9895,0.1619,-0.2513,0.2536,-0.897,-0.5601,0.4451,0.1746,-0.3562,-8.4756,0.6918,0.6077,-0.2387,-7.3487,3.6453,-0.0117,0.0573,-5.8133,0.2333,-0.161,-0.8103,-0.4438,-0.6675,-0.0845,1.3521,-0.3925,-0.7693,-2.4354,1.8254,-16.5949,-13.9143,-0.267,1.3733,1.049,-0.3737,-4.0956,7.6624,-40.6135,18.1071
2.0,0.02,0.0297,-1.4985,0.0313,-0.9576,0.3266,-1.4835,0.0307,0.1807,0.3031,-1.5106,0.1721,-0.3738,0.3601,-1.3867,-0.7973,0.0602,0.2798,-0.8857,-8.3917,0.5259,0.5468,-0.7119,-7.0546,2.2968,-0.43,-0.5849,-5.6728,-1.809,-0.1529,-1.5211,0.1032,-0.0956,-1.2115,0.7199,-0.6423,-2.5034,-1.81,0.4172,-12.8162,-10.6943,-1.8035,0.6728,3.1266,-1.1851,-2.906,5.5845,-42.0005,16.8197
3.0,0.03,0.0429,-1.981,0.1361,-1.2897,0.5057,-1.9467,-0.0806,-0.1969,0.4063,-1.9616,0.2007,-0.54,0.4228,-1.8235,-0.8788,-0.4314,0.3373,-1.3518,-8.2606,0.3063,0.6189,-1.1512,-6.8482,3.4718,-0.5355,-1.1068,-5.5426,-2.1853,-0.5759,-2.259,1.5227,-2.3618,-1.6923,0.2071,-0.8736,-4.3616,-2.7157,-0.7699,-11.9022,-10.6208,-2.7196,0.091,5.1499,-1.9965,-4.0866,4.1594,-41.1107,12.1501
4.0,0.04,0.0764,-2.3534,0.3476,-1.4714,0.6447,-2.266,-0.2075,-0.5068,0.4802,-2.2662,0.227,-0.6969,0.4635,-2.101,-1.0652,-0.8559,0.3682,-1.6741,-8.0925,0.1002,0.484,-1.4395,-6.3089,2.1003,-0.4098,-1.5281,-5.4679,-1.4207,-0.47,-2.7495,2.0093,-1.7383,-1.1824,-0.2451,-0.7784,-2.9644,-2.1796,-1.5343,-10.8052,-8.6971,-1.8905,-0.3121,3.9598,-1.5268,-3.3349,3.1893,-41.3322,9.4209
5.0,0.05,0.1304,-2.6254,0.4974,-1.48,0.7003,-2.4929,-0.2458,-0.4977,0.5204,-2.4949,0.2819,-0.8235,0.4848,-2.3058,-1.1959,-1.1361,0.3687,-1.9305,-7.8586,-0.1295,0.3496,-1.6674,-5.7287,0.678,-0.2556,-1.8498,-5.3216,-0.7928,-0.4513,-3.1564,2.6616,-1.9409,-0.5938,-0.6237,-0.6161,-1.0701,-2.2737,-2.0137,-11.2608,-9.1457,-0.863,-0.6166,2.0978,-0.7856,-3.7622,2.7174,-39.9833,5.494
6.0,0.06,0.1995,-2.7882,0.5572,-1.3106,0.6659,-2.6282,-0.1941,-0.1728,0.5115,-2.6479,0.3599,-0.9826,0.4835,-2.447,-1.208,-1.2417,0.2977,-2.1314,-7.4157,-0.5739,0.3181,-1.8496,-5.1699,0.513,-0.0977,-2.0629,-5.0758,-0.427,-0.5706,-3.4726,3.5176,-3.2461,-0.3797,-0.8801,-0.6712,-1.2041,-3.2103,-2.2522,-12.9882,-12.6278,-0.6735,-0.8504,1.9073,-0.7267,-5.7068,2.6109,-36.541,0.469
7.0,0.07,0.2749,-2.8048,0.6584,-0.968,0.5823,-2.608,-0.1751,0.1313,0.4414,-2.6378,0.4158,-1.2094,0.4551,-2.4355,-1.1609,-1.1497,0.1201,-2.1966,-6.5733,-1.4523,0.3122,-1.8912,-4.5809,0.6078,0.0966,-2.1425,-4.7959,-0.0608,-0.5183,-3.4966,3.4562,-3.7407,-0.2393,-0.9952,-0.8209,-2.0315,-3.5049,-2.012,-14.6275,-14.1903,-0.7135,-0.9485,2.1532,-0.8543,-6.4723,3.0805,-34.9523,-2.0865
8.0,0.08,0.3479,-2.68,0.7591,-0.4793,0.535,-2.4724,-0.3373,-0.1787,0.3367,-2.4833,0.4476,-1.3086,0.3982,-2.289,-1.0648,-0.876,-0.093,-2.1406,-5.3807,-2.6227,0.2918,-1.8069,-3.9793,0.4959,0.3357,-2.0817,-4.5086,0.4394,-0.3297,-3.3074,2.9658,-3.5578,0.2297,-1.0013,-0.7831,-1.2524,-3.8358,-1.4134,-16.6042,-17.8465,-0.0491,-0.8801,0.7317,-0.2939,-7.7037,3.9163,-32.4012,-4.8158
9.0,0.09,0.4129,-2.4196,0.8847,0.1155,0.481,-2.204,-0.5776,-0.7488,0.2576,-2.1865,0.4926,-0.8815,0.3167,-2.0043,-0.9221,-0.4513,-0.154,-1.9324,-4.3436,-3.3337,0.2693,-1.5909,-3.3933,0.352,0.6042,-1.8921,-4.2063,1.0566,0.0103,-2.8439,1.6191,-2.5309,0.9353,-0.9073,-0.5854,0.674,-3.4874,-0.4117,-18.2041,-19.2549,1.1209,-0.6768,-1.8652,0.7717,-7.6681,5.2528,-32.6403,-5.3184
10.0,0.1,0.4701,-2.0699,0.9087,0.7641,0.2111,-1.8272,-0.4445,0.0107,0.2445,-1.8474,0.6347,0.2417,0.2231,-1.6748,-0.6992,0.0831,0.0579,-1.6455,-3.9882,-2.9256,0.3005,-1.3415,-2.8312,0.8267,0.8793,-1.6047,-3.8476,1.7056,0.3119,-2.2312,0.0191,-1.7432,1.4986,-0.7058,-0.5233,1.6206,-2.9583,0.7367,-19.4249,-18.89,1.9235,-0.3891,-3.5748,1.4861,-7.0087,6.8194,-35.4476,-4.3943

# ***** Angles [deg] *****
# Frame,Time,Body_1_Abs_Angle,Body_1_Body_2_Angle,Body_3_Body_1_Angle,Body_4_Body_1_Angle,Body_5_Body_3_Angle,Body_6_Body_4_Angle,Body_7_Body_1_Angle,Body_8_Body_1_Angle,Body_9_Body_7_Angle,Body_10_Body_8_Angle,Body_11_Body_9_Angle,Body_12_Body_10_Angle
0.0,0.0,1.0557,22.6211,-3.7549,-9.9809,29.3195,20.8796,5.6076,16.4097,-12.4413,-53.6746,74.3793,62.149
1.0,0.01,1.0756,22.4471,-3.404,-10.4428,30.5782,19.8966,4.2603,17.5416,-11.393,-51.7119,74.573,62.9234
2.0,0.02,1.0982,22.2689,-3.0518,-10.8983,31.8313,18.9365,2.9279,18.6394,-10.3686,-49.6891,74.7644,63.6729
3.0,0.03,1.1262,22.0816,-2.6962,-11.3441,33.0782,18.014,1.6197,19.6807,-9.3799,-47.5532,74.9507,64.3792
4.0,0.04,1.1615,21.8816,-2.3357,-11.7775,34.3183,17.1414,0.3428,20.646,-8.437,-45.2584,75.13,65.0246
5.0,0.05,1.2051,21.6672,-1.9703,-12.1963,35.5503,16.3284,-0.8973,21.5185,-7.5491,-42.7676,75.3016,65.5918
6.0,0.06,1.2571,21.4387,-1.6009,-12.5984,36.7715,15.5822,-2.0967,22.2847,-6.7244,-40.0545,75.4657,66.0649
7.0,0.07,1.3165,21.1983,-1.2297,-12.9818,37.9782,14.9071,-3.2532,22.9352,-5.9712,-37.1075,75.6241,66.4311
8.0,0.08,1.3814,20.9508,-0.86,-13.3448,39.1648,14.3045,-4.3657,23.4647,-5.2972,-33.9328,75.7794,66.6835
9.0,0.09,1.4491,20.7025,-0.4959,-13.6858,40.324,13.7729,-5.4342,23.8735,-4.7104,-30.5572,75.9354,66.8222
10.0,0.1,1.5161,20.4614,-0.1418,-14.0028,41.4469,13.3082,-6.4594,24.1676,-4.2182,-27.0291,76.0966,66.8552

# ***** Angles Velocities [deg.s^-1] *****
# Frame,Time,Body_1_Abs_Angle,Body_1_Body_2_Angle,Body_3_Body_1_Angle,Body_4_Body_1_Angle,Body_5_Body_3_Angle,Body_6_Body_4_Angle,Body_7_Body_1_Angle,Body_8_Body_1_Angle,Body_9_Body_7_Angle,Body_10_Body_8_Angle,Body_11_Body_9_Angle,Body_12_Body_10_Angle
0.0,0.0,1.9442,-17.3637,35.0968,-46.4033,126.1407,-98.9337,-135.1702,114.114,105.6175,195.0784,19.3994,78.0785
1.0,0.01,2.0813,-17.5242,35.1155,-45.9248,125.5957,-97.4086,-134.1447,111.8723,103.839,198.372,19.302,76.4966
2.0,0.02,2.4939,-18.2018,35.3633,-45.1134,125.0065,-94.3582,-132.1692,107.3115,100.8397,207.1042,18.9217,73.0889
3.0,0.03,3.1399,-19.3167,35.7917,-44.0041,124.3671,-89.9394,-129.3625,100.6268,96.7363,220.8387,18.3053,67.8831
4.0,0.04,3.9348,-20.7031,36.2986,-42.6474,123.634,-84.4226,-125.9253,92.1395,91.6875,238.7433,17.5504,60.9131
5.0,0.05,4.7863,-22.1708,36.7679,-41.073,122.7136,-78.0546,-122.0247,82.1349,85.7684,259.8683,16.7691,52.2538
6.0,0.06,5.5931,-23.5052,37.0761,-39.3035,121.4777,-71.1106,-117.8212,70.9594,79.0275,282.9482,16.0862,42.1348
7.0,0.07,6.2544,-24.4865,37.1074,-37.3531,119.7699,-63.8835,-113.4556,59.0384,71.4897,306.348,15.6263,31.0
8.0,0.08,6.68,-24.9124,36.7669,-35.2289,117.4238,-56.6636,-109.0423,46.8595,63.1678,328.173,15.4989,19.473
9.0,0.09,6.7945,-24.6046,35.9869,-32.9298,114.2577,-49.7402,-104.6726,35.0303,54.0756,346.0698,15.7851,8.4168
10.0,0.1,6.5634,-23.4776,34.74,-30.4531,110.1713,-43.2632,-100.3886,23.909,44.2231,358.6568,16.5173,-1.6463

# ***** Angles Accelerations [deg.s^-2] *****
# Frame,Time,Body_1_Abs_Angle,Body_1_Body_2_Angle,Body_3_Body_1_Angle,Body_4_Body_1_Angle,Body_5_Body_3_Angle,Body_6_Body_4_Angle,Body_7_Body_1_Angle,Body_8_Body_1_Angle,Body_9_Body_7_Angle,Body_10_Body_8_Angle,Body_11_Body_9_Angle,Body_12_Body_10_Angle
0.0,0.0,-0.0656,9.7977,-9.5763,31.2054,-52.292,76.2418,55.0458,-108.2126,-116.8055,57.4158,4.4057,-66.9093
1.0,0.01,27.4864,-41.9063,13.3285,64.4936,-56.7123,228.7772,150.05,-340.1225,-238.8857,601.2889,-23.8843,-249.4814
2.0,0.02,55.0383,-93.6103,36.2333,97.7819,-61.1325,381.3127,245.0543,-572.0324,-360.966,1145.162,-52.1742,-432.0536
3.0,0.03,74.1551,-129.3625,49.4425,124.0872,-66.745,502.4395,316.276,-764.9213,-459.7183,1601.7286,-71.1018,-609.1111
4.0,0.04,84.8233,-147.9252,51.9267,147.2462,-79.8728,600.9334,371.169,-932.5394,-550.0411,1979.1891,-79.8752,-784.8883
5.0,0.05,85.4804,-145.6123,41.9428,167.6353,-104.2078,672.6543,408.9575,-1068.3617,-633.7874,2245.8247,-76.3958,-946.9627
6.0,0.06,75.8789,-121.2643,19.6963,186.2586,-142.9691,716.141,431.7247,-1166.7419,-714.3821,2370.1457,-60.1687,-1076.8394
7.0,0.07,56.3794,-75.0041,-13.4362,203.8253,-198.6007,729.2927,441.4016,-1217.4713,-793.1831,2309.8242,-31.8102,-1150.1266
8.0,0.08,28.7383,-10.1735,-54.6645,221.0209,-270.6028,714.6736,441.2575,-1218.3042,-871.199,2055.171,6.3223,-1155.271
9.0,0.09,-5.8278,71.7407,-101.3444,238.7905,-362.6273,670.0206,432.6853,-1147.5258,-947.236,1524.1877,50.918,-1055.9619
10.0,0.1,-40.3938,153.6548,-148.0243,256.5601,-454.6518,625.3676,424.1132,-1076.7473,-1023.2729,993.2045,95.5138,-956.6528

# ***** Moments of Force [N.m] *****
# Frame,Time,Body_1_Abs_Joint_Moment_of_Force,Body_1_Body_2_Joint_Moment_of_Force,Body_3_Body_1_Joint_Moment_of_Force,Body_4_Body_1_Joint_Moment_of_Force,Body_5_Body_3_Joint_Moment_of_Force,Body_6_Body_4_Joint_Moment_of_Force,Body_7_Body_1_Joint_Moment_of_Force,Body_8_Body_1_Joint_Moment_of_Force,Body_9_Body_7_Joint_Moment_of_Force,Body_10_Body_8_Joint_Moment_of_Force,Body_11_Body_9_Joint_Moment_of_Force,Body_12_Body_10_Joint_Moment_of_Force
0.0,0.0,-0.4195,-0.5388,-0.3841,-0.3344,-0.561,-0.5318,-0.4503,-0.5116,-0.3136,0.0879,-0.5077,-0.5568
1.0,0.01,-0.4063,-0.5209,-0.3745,-0.3199,-0.5463,-0.5108,-0.4274,-0.5005,-0.3122,0.0659,-0.4906,-0.5367
2.0,0.02,-0.3805,-0.4871,-0.353,-0.2961,-0.5142,-0.4744,-0.392,-0.4732,-0.3001,0.0432,-0.4584,-0.5003
3.0,0.03,-0.3592,-0.4589,-0.3354,-0.2761,-0.4875,-0.444,-0.3621,-0.4504,-0.2902,0.0222,-0.4317,-0.47
4.0,0.04,-0.3432,-0.4376,-0.3224,-0.2607,-0.4675,-0.4206,-0.3384,-0.4334,-0.2834,0.0021,-0.4115,-0.447
5.0,0.05,-0.3318,-0.422,-0.3136,-0.249,-0.4534,-0.4033,-0.3199,-0.4216,-0.2795,-0.0179,-0.3968,-0.4302
6.0,0.06,-0.3252,-0.4126,-0.3092,-0.2412,-0.4454,-0.392,-0.3064,-0.4152,-0.2788,-0.0388,-0.3879,-0.42
7.0,0.07,-0.3253,-0.4116,-0.3112,-0.2385,-0.4465,-0.3892,-0.2995,-0.4169,-0.2833,-0.0618,-0.3871,-0.4188
8.0,0.08,-0.3318,-0.4185,-0.3192,-0.2405,-0.4559,-0.3941,-0.2985,-0.4263,-0.2928,-0.088,-0.3938,-0.4259
9.0,0.09,-0.3444,-0.433,-0.333,-0.2469,-0.4735,-0.4063,-0.3026,-0.4432,-0.3072,-0.1185,-0.4075,-0.4411
10.0,0.1,-0.3607,-0.4522,-0.3507,-0.256,-0.4962,-0.423,-0.3097,-0.4646,-0.3247,-0.1534,-0.4257,-0.4614

# ***** Joints Powers [W] *****
# Frame,Time,Body_1_Abs_Joint_Power,Body_1_Body_2_Joint_Power,Body_3_Body_1_Joint_Power,Body_4_Body_1_Joint_Power,Body_5_Body_3_Joint_Power,Body_6_Body_4_Joint_Power,Body_7_Body_1_Joint_Power,Body_8_Body_1_Joint_Power,Body_9_Body_7_Joint_Power,Body_10_Body_8_Joint_Power,Body_11_Body_9_Joint_Power,Body_12_Body_10_Joint_Power
0.0,0.0,-0.8156,9.3553,-13.4822,15.5156,-70.7631,52.6126,60.8669,-58.3832,-33.1187,17.1436,-9.8497,-43.4714
1.0,0.01,-0.8455,9.1287,-13.1494,14.6935,-68.6103,49.7539,57.3298,-55.9932,-32.4185,13.0777,-9.469,-41.0541
2.0,0.02,-0.949,8.866,-12.484,13.3578,-64.2814,44.7642,51.8128,-50.7796,-30.2644,8.9412,-8.6745,-36.5674
3.0,0.03,-1.1278,8.865,-12.0032,12.1513,-60.6309,39.9341,46.8477,-45.3222,-28.0721,4.9017,-7.9028,-31.9073
4.0,0.04,-1.3503,9.059,-11.7038,11.117,-57.8023,35.5108,42.6167,-39.9365,-25.9861,0.5123,-7.2218,-27.2287
5.0,0.05,-1.5879,9.3566,-11.5315,10.2272,-55.6353,31.476,39.0315,-34.624,-23.9707,-4.6525,-6.6543,-22.4821
6.0,0.06,-1.8186,9.6972,-11.4653,9.479,-54.1115,27.8786,36.0999,-29.46,-22.0327,-10.9784,-6.2404,-17.6966
7.0,0.07,-2.0348,10.079,-11.5482,8.9094,-53.4775,24.866,33.9851,-24.6147,-20.2525,-18.9245,-6.0494,-12.9819
8.0,0.08,-2.2164,10.4266,-11.7351,8.4735,-53.5382,22.3312,32.5456,-19.9771,-18.4939,-28.872,-6.1028,-8.2932
9.0,0.09,-2.3397,10.6547,-11.9852,8.1316,-54.1058,20.2088,31.6778,-15.5251,-16.6142,-41.0101,-6.433,-3.7125
10.0,0.1,-2.3674,10.6173,-12.1817,7.7966,-54.6644,18.3005,31.0951,-11.1089,-14.36,-55.0115,-7.0313,0.7596

# ***** Muscles normalized length [%] *****
# Frame,Time,Ext_dig_long,Ext_hal_long,Flex_dig_long,Flex_hal_long,Gastrocn_lat,Gastrocn_med,Peroneus_brev,Peroneus_long,Peroneus_tert,Soleus_med,Tibialis_ant,Tibialis_post_med
0.0,0.0,0.5973,0.4801,1.5514,1.0316,0.5475,0.4151,0.5715,0.1815,1.1937,0.4821,0.6682,0.9906
1.0,0.01,0.5984,0.4782,1.5658,1.0401,0.5752,0.4522,0.576,0.1854,1.1936,0.4916,0.6638,0.9956
2.0,0.02,0.5997,0.4765,1.5798,1.0483,0.6028,0.4892,0.5803,0.1893,1.1935,0.5007,0.6595,1.0005
3.0,0.03,0.6009,0.4749,1.5929,1.056,0.6305,0.5264,0.5844,0.1928,1.1935,0.5092,0.6555,1.0051
4.0,0.04,0.6022,0.4735,1.6049,1.0631,0.6586,0.5642,0.5881,0.1961,1.1936,0.5167,0.6518,1.0093
5.0,0.05,0.6033,0.4724,1.6154,1.0692,0.687,0.6026,0.5914,0.1989,1.1937,0.5233,0.6486,1.013
6.0,0.06,0.6043,0.4715,1.6242,1.0743,0.7158,0.6414,0.5941,0.2013,1.1939,0.5287,0.6459,1.0162
7.0,0.07,0.6051,0.4708,1.6309,1.0782,0.7446,0.6805,0.5962,0.2031,1.194,0.5328,0.6438,1.0186
8.0,0.08,0.6057,0.4703,1.6356,1.0809,0.7732,0.7194,0.5977,0.2044,1.1941,0.5357,0.6424,1.0203
9.0,0.09,0.606,0.4701,1.6382,1.0824,0.8009,0.7572,0.5985,0.2051,1.1941,0.5372,0.6416,1.0212
10.0,0.1,0.6061,0.47,1.6388,1.0828,0.8273,0.7932,0.5987,0.2053,1.1941,0.5376,0.6414,1.0214

# ***** Muscles Activations [%] *****
# Frame,Time,Ext_dig_long,Ext_hal_long,Flex_dig_long,Flex_hal_long,Gastrocn_lat,Gastrocn_med,Peroneus_brev,Peroneus_long,Peroneus_tert,Soleus_med,Tibialis_ant,Tibialis_post_med
0.0,0.0,0.0,0.0,0.0,0.0,0.0075,0.0075,0.0,0.0,0.0,0.0,0.0,0.0
1.0,0.01,0.0,0.0,0.0,0.0,0.0072,0.0072,0.0,0.0,0.0,0.021,0.0,0.0
2.0,0.02,0.0,0.0,0.0,0.0,0.0069,0.0069,0.0,0.0,0.0,0.0183,0.0,0.0
3.0,0.03,0.0,0.0,0.0,0.0,0.0066,0.0066,0.0,0.0,0.0,0.0137,0.0,0.0
4.0,0.04,0.0,0.0,0.0,0.0,0.0063,0.0063,0.0,0.0,0.0,0.0068,0.0,0.0
5.0,0.05,0.0,0.0,0.0,0.0,0.0061,0.0061,0.0,0.0,0.0,0.0,0.0,0.0
6.0,0.06,0.0,0.0,0.0,0.0,0.0059,0.0059,0.0,0.0,0.0,0.0,0.0,0.0
7.0,0.07,0.0,0.0,0.0,0.0,0.0057,0.0057,0.0,0.0,0.0,0.0,0.0,0.0
8.0,0.08,0.0,0.0,0.0,0.0,0.0055,0.0055,0.0,0.0,0.0,0.0,0.0,0.0
9.0,0.09,0.0,0.0,0.0,0.0,0.0053,0.0053,0.0,0.0,0.0,0.0,0.0,0.0
10.0,0.1,0.0,0.0,0.0,0.0,0.0051,0.0051,0.0,0.0,0.0,0.0,0.0,0.0

